
                             S:Max Principal P  S:Mid Principal P  S:Min Principal P                                                                                                                                     
                             I: PART-1-1 E: 10  I: PART-1-1 E: 10  I: PART-1-1 E: 10  SDV1 PI: PART-1-1  SDV16 PI: PART-1-  SDV17 PI: PART-1-  SDV18 PI: PART-1-  SDV20 PI: PART-1-  SDV22 PI: PART-1-  TRIAX PI: PART-1-
                  X              0241 IP: 1         0241 IP: 1         0241 IP: 1       E: 100241 IP: 1  1 E: 100241 IP: 1  1 E: 100241 IP: 1  1 E: 100241 IP: 1  1 E: 100241 IP: 1  1 E: 100241 IP: 1  1 E: 100241 IP: 1

                0.                 0.                 0.                 0.                 0.                 0.                 0.                 0.                 0.                 0.                 0.         
               33.3353E-06        79.719              2.68299          -22.6231E-03         0.                 0.                 0.                 0.                 0.                 0.               350.146E-03  
               66.6714E-06       154.28               6.69961           43.9159E-03         0.                 0.                 0.                 0.                 0.                 0.               355.417E-03  
              100.004E-06        225.05              13.8329           475.072E-06          0.                 0.                 0.                 0.                 0.                 0.               364.493E-03  
              133.337E-06        299.421             19.1864            13.0682E-03         0.                 0.                 0.                 0.                 0.                 0.               365.856E-03  
              166.671E-06        379.003             23.3267            26.0377E-03         0.                 0.                 0.                 0.                 0.                 0.               364.571E-03  
              200.006E-06        458.143             28.6454          -104.038E-03        116.429E-06        142.783E-06          0.                 0.               365.292E-03        891.968E-03        364.91E-03   
              233.336E-06        509.889             29.0264          -113.871E-03        421.318E-06        510.978E-06          0.                 0.               362.043E-03        902.803E-03        362.043E-03  
              266.669E-06        556.009             31.8188           -81.0035E-03       688.72E-06         833.893E-06          0.                 0.               362.239E-03        902.405E-03        362.239E-03  
              300.002E-06        598.289             33.6769          -139.083E-03        909.094E-06          1.09991E-03        0.                 0.               361.711E-03        903.901E-03        361.711E-03  
              333.336E-06        644.938             37.6192          -179.787E-03          1.08842E-03        1.3167E-03         0.                 0.               362.731E-03        900.258E-03        362.731E-03  
              366.667E-06        687.855             40.6042          -678.258E-03          1.2805E-03         1.54892E-03        0.                 0.               362.704E-03        897.878E-03        362.704E-03  
              400.003E-06        729.531             43.5802            -1.34383            1.46697E-03        1.77405E-03        0.                 0.               361.75E-03         913.085E-03        362.597E-03  
              433.338E-06        770.922             46.4884            -1.8783             1.65369E-03        1.99934E-03        0.                 0.               361.714E-03        912.474E-03        362.561E-03  
              466.668E-06        817.051             62.5876             4.00995            1.81236E-03        2.19208E-03        0.                 0.               374.785E-03        872.406E-03        375.035E-03  
              500.003E-06        870.979             78.8217             8.91368            4.83721E-03        6.1307E-03         0.                 0.               383.468E-03        998.737E-03        385.34E-03   
              533.339E-06        878.833             47.6645            27.583              6.44893E-03        8.12347E-03        0.                 0.               377.978E-03        961.205E-03        377.978E-03  
              566.668E-06        885.602             40.1056            28.0892             7.75676E-03        9.71446E-03        0.                 0.               368.536E-03        945.126E-03        373.349E-03  
              600.004E-06        898.843             70.2723          -925.266E-03          8.9877E-03        11.2071E-03         0.                 0.               364.172E-03        952.259E-03        372.51E-03   
              633.333E-06        906.805             55.8746            10.8754            10.1896E-03        12.6603E-03         0.                 0.               371.176E-03        915.146E-03        371.176E-03  
              666.669E-06        915.908             79.4673           -13.0481            11.3249E-03        14.0373E-03         0.                 0.               362.829E-03        967.009E-03        369.437E-03  
              700.004E-06        923.387             66.4437             2.87913           12.4846E-03        15.4425E-03         0.                 0.               369.184E-03        857.999E-03        371.622E-03  
              733.334E-06        932.07             102.069            -33.7504            13.6424E-03        16.8464E-03         0.                 0.               368.23E-03         752.49E-03         368.23E-03   
              766.67E-06         938.325             90.9194           -20.6451            14.7934E-03        18.2464E-03         0.                 0.               351.299E-03        993.968E-03        370.125E-03  
              800.005E-06        946.247             95.9367           -25.1867            15.9415E-03        19.6418E-03         0.                 0.               369.726E-03        782.526E-03        369.726E-03  
              833.335E-06        949.502            103.61             -33.9536            17.0401E-03        20.9762E-03         0.                 0.               370.597E-03        960.429E-03        368.3E-03    
              866.668E-06        955.331             50.8724            21.5814            18.1169E-03        22.2871E-03         0.                 0.               357.462E-03        947.815E-03        372.607E-03  
              900.002E-06        958.419             70.5536             1.4279            19.1623E-03        23.5565E-03         0.                 0.               362.911E-03        873.887E-03        371.569E-03  
              933.336E-06        965.771             67.6237             2.39805           20.2558E-03        24.8863E-03         0.                 0.               372.404E-03        982.164E-03        370.267E-03  
              966.669E-06        970.703            113.926            -41.8478            21.4185E-03        26.3018E-03         0.                 0.               375.497E-03        971.633E-03        368.078E-03  
                1.E-03           974.514             37.1577            33.5765            22.5102E-03        27.6359E-03         0.                 0.               351.751E-03        883.022E-03        370.99E-03   
                1.03333E-03      982.338             68.3592             2.16309           23.6304E-03        29.0018E-03         0.                 0.               352.777E-03        942.468E-03        369.888E-03  
                1.06667E-03      987.941             75.4464            -4.70601           24.7067E-03        30.3152E-03         0.                 0.               360.946E-03        820.36E-03         369.485E-03  
                1.1E-03          990.504             46.698             23.4343            25.7451E-03        31.5803E-03         0.                 0.               369.953E-03        982.86E-03         369.953E-03  
                1.13333E-03      996.737             80.0581           -11.4103            26.8104E-03        32.8827E-03         0.                 0.               367.754E-03        843.672E-03        367.754E-03  
                1.16667E-03        1.0002E+03        64.6962             3.58331           27.9024E-03        34.2203E-03         0.                 0.               360.504E-03        917.173E-03        368.12E-03   
                1.20001E-03        1.00527E+03       62.2284             6.05254           28.9848E-03        35.5426E-03         0.                 0.               369.73E-03         836.835E-03        368.027E-03  
                1.23334E-03        1.00939E+03       86.0217           -18.7467            30.0842E-03        36.8954E-03         0.                 0.               361.541E-03        855.743E-03        366.227E-03  
                1.26667E-03        1.014E+03         83.2787           -15.4655            31.1792E-03        38.2342E-03         0.                 0.               355.036E-03        851.486E-03        366.536E-03  
                1.3E-03            1.01846E+03       73.0115            -4.60443           32.235E-03         39.5255E-03         0.                 0.               364.821E-03        900.524E-03        367.229E-03  
                1.33333E-03        1.02278E+03       62.9069             5.91589           33.3053E-03        40.8382E-03         0.                 0.               369.094E-03        892.197E-03        367.691E-03  
                1.36667E-03        1.02717E+03       75.056             -6.14359           34.3827E-03        42.1607E-03         0.                 0.               355.149E-03        901.139E-03        367.122E-03  
                1.4E-03            1.03133E+03       75.3048            -5.40326           35.4296E-03        43.4439E-03         0.                 0.               355.312E-03        903.064E-03        367.508E-03  
                1.43334E-03        1.03527E+03       65.3088             4.92214           36.4489E-03        44.6933E-03         0.                 0.               365.569E-03        898.614E-03        367.941E-03  
                1.46667E-03        1.03934E+03       81.1885           -10.935             37.4795E-03        45.9577E-03         0.                 0.               367.156E-03        848.797E-03        367.156E-03  
                1.5E-03            1.04354E+03       70.6326            70.6811E-03        38.5138E-03        47.2254E-03         0.                 0.               367.723E-03        884.884E-03        367.723E-03  
                1.53334E-03        1.04754E+03       73.5917            -2.22461           39.5627E-03        48.5105E-03         0.                 0.               365.085E-03        887.415E-03        367.825E-03  
                1.56667E-03        1.05156E+03       68.2065             3.53192           40.606E-03         49.7875E-03         0.                 0.               369.564E-03        884.262E-03        368.089E-03  
                1.6E-03            1.05542E+03       71.7835           398.848E-03         41.6443E-03        51.0583E-03         0.                 0.               368.064E-03        884.855E-03        368.064E-03  
                1.63334E-03        1.05933E+03       71.576              1.20396           42.6795E-03        52.3256E-03         0.                 0.               368.254E-03        887.02E-03         368.254E-03  
                1.66667E-03        1.063E+03         69.6363             3.30682           43.714E-03         53.5917E-03         0.                 0.               368.286E-03        893.882E-03        368.286E-03  
                1.70001E-03        1.06684E+03       73.6519            22.198E-03         44.752E-03         54.8626E-03         0.                 0.               368.392E-03        882.319E-03        368.392E-03  
                1.73334E-03        1.07045E+03       73.5614           463.578E-03         45.7754E-03        56.1158E-03         0.                 0.               368.458E-03        884.287E-03        368.458E-03  
                1.76667E-03        1.07409E+03       74.8587          -225.639E-03         46.789E-03         57.3571E-03         0.                 0.               368.602E-03        881.675E-03        368.602E-03  
                1.8E-03            1.07777E+03       73.0182             2.15367           47.8058E-03        58.6029E-03         0.                 0.               368.826E-03        889.116E-03        368.826E-03  
                1.83334E-03        1.08146E+03       74.7477             1.2418            48.8306E-03        59.859E-03          0.                 0.               370.197E-03        880.129E-03        369.059E-03  
                1.86667E-03        1.08515E+03       76.014            849.173E-03         49.8482E-03        61.1067E-03         0.                 0.               369.336E-03        884.413E-03        369.336E-03  
                1.90001E-03        1.08857E+03       77.7578          -465.732E-03         50.8693E-03        62.3593E-03         0.                 0.               369.374E-03        880.114E-03        369.374E-03  
                1.93334E-03        1.09201E+03       77.3613           299.161E-03         51.8892E-03        63.6102E-03         0.                 0.               369.462E-03        882.436E-03        369.462E-03  
                1.96667E-03        1.09553E+03       77.9126           409.051E-03         52.9147E-03        64.8684E-03         0.                 0.               369.659E-03        882.847E-03        369.659E-03  
                2.E-03             1.09903E+03       77.5906             1.19407           53.9563E-03        66.1464E-03         0.                 0.               369.789E-03        884.979E-03        369.788E-03  
                2.03334E-03        1.10237E+03       78.6404           467.453E-03         55.0035E-03        67.4316E-03         0.                 0.               369.8E-03          882.931E-03        369.8E-03    
                2.06667E-03        1.10607E+03       79.334            802.021E-03         56.0499E-03        68.7162E-03         0.                 0.               370.168E-03        882.976E-03        370.168E-03  
                2.1E-03            1.10933E+03       79.7355           625.655E-03         57.101E-03         70.0072E-03         0.                 0.               370.156E-03        883.192E-03        370.156E-03  
                2.13334E-03        1.11308E+03       79.2012             2.30299           58.1321E-03        71.2736E-03         0.                 0.               370.623E-03        885.604E-03        370.623E-03  
                2.16667E-03        1.11613E+03       78.7793             2.569             59.174E-03         72.5535E-03         0.                 0.               370.457E-03        885.932E-03        370.457E-03  
                2.2E-03            1.11856E+03       79.0324           984.179E-03         60.2288E-03        73.8485E-03         0.                 0.               369.703E-03        881.912E-03        369.703E-03  
                2.23334E-03        1.12184E+03       79.0741             1.31949           61.2834E-03        75.1434E-03         0.                 0.               369.78E-03         882.244E-03        369.78E-03   
                2.26667E-03        1.12485E+03       79.1057             1.18724           62.3382E-03        76.4384E-03         0.                 0.               369.63E-03         882.05E-03         369.63E-03   
                2.3E-03            1.12796E+03       79.1426             1.33083           63.3905E-03        77.7301E-03         0.                 0.               369.616E-03        882.543E-03        369.616E-03  
                2.33333E-03        1.13103E+03       79.6414             1.13364           64.4206E-03        78.9945E-03         0.                 0.               369.647E-03        881.594E-03        369.647E-03  
                2.36667E-03        1.13424E+03       79.3445             1.9741            65.4495E-03        80.2574E-03         0.                 0.               369.82E-03         883.586E-03        369.82E-03   
                2.4E-03            1.13726E+03       79.3582             2.03962           66.4785E-03        81.5203E-03         0.                 0.               369.608E-03        879.771E-03        369.759E-03  
                2.43334E-03        1.14009E+03       79.6762             1.54082           67.4791E-03        82.7484E-03         0.                 0.               369.568E-03        882.973E-03        369.568E-03  
                2.46667E-03        1.14313E+03       79.3381             2.23335           68.4852E-03        83.9827E-03         0.                 0.               369.655E-03        884.859E-03        369.655E-03  
                2.5E-03            1.14612E+03       79.2627             2.60208           69.4946E-03        85.2213E-03         0.                 0.               369.704E-03        885.602E-03        369.704E-03  
                2.53334E-03        1.14889E+03       80.0794             1.85222           70.4945E-03        86.4478E-03         0.                 0.               369.618E-03        883.584E-03        369.618E-03  
                2.56667E-03        1.15176E+03       79.8935             2.21464           71.5041E-03        87.6864E-03         0.                 0.               369.618E-03        884.642E-03        369.618E-03  
                2.6E-03            1.15471E+03       79.5121             2.9509            72.5094E-03        88.9198E-03         0.                 0.               369.708E-03        886.58E-03         369.708E-03  
                2.63333E-03        1.15759E+03       80.5881             2.25829           73.5194E-03        90.1595E-03         0.                 0.               369.763E-03        884.137E-03        369.763E-03  
                2.66667E-03        1.16063E+03       80.3609             3.06704           74.5366E-03        91.4076E-03         0.                 0.               369.425E-03        880.661E-03        369.953E-03  
                2.7E-03            1.16356E+03       81.5487             2.41221           75.5524E-03        92.6544E-03         0.                 0.               370.073E-03        883.445E-03        370.073E-03  
                2.73334E-03        1.16665E+03       81.3269             3.38942           76.5749E-03        93.9093E-03         0.                 0.               370.342E-03        885.493E-03        370.342E-03  
                2.76667E-03        1.16961E+03       81.3212             3.92501           77.6005E-03        95.1686E-03         0.                 0.               370.499E-03        886.584E-03        370.499E-03  
                2.8E-03            1.17265E+03       81.6068             4.41146           78.6271E-03        96.4292E-03         0.                 0.               369.743E-03        879.706E-03        370.758E-03  
                2.83333E-03        1.17543E+03       81.9179             4.33919           79.6605E-03        97.6989E-03         0.                 0.               370.771E-03        886.954E-03        370.771E-03  
                2.86667E-03        1.17807E+03       83.0434             3.29605           80.6986E-03        98.9743E-03         0.                 0.               370.686E-03        884.154E-03        370.686E-03  
                2.9E-03            1.18053E+03       83.0107             3.16703           81.7041E-03       100.21E-03           0.                 0.               370.532E-03        884.198E-03        370.532E-03  
                2.93333E-03        1.18358E+03       82.6933             4.09681           82.7902E-03       101.543E-03          0.                 0.               370.733E-03        886.302E-03        370.733E-03  
                2.96667E-03        1.18625E+03       83.703              3.44102           83.8096E-03       102.796E-03          0.                 0.               370.779E-03        884.356E-03        370.779E-03  
                3.E-03             1.18918E+03       83.8011             3.93878           84.8806E-03       104.113E-03          0.                 0.               370.382E-03        879.816E-03        370.962E-03  
                3.03333E-03        1.19155E+03       85.017              2.47161           85.9202E-03       105.39E-03           0.                 0.               370.726E-03        882.319E-03        370.726E-03  
                3.06667E-03        1.19448E+03       85.5266             2.65123           86.9911E-03       106.707E-03          0.                 0.               370.937E-03        882.467E-03        370.937E-03  
                3.1E-03            1.19696E+03       85.7601             2.39915           88.0385E-03       107.994E-03          0.                 0.               370.841E-03        882.603E-03        370.841E-03  
                3.13333E-03        1.1996E+03        86.7102             1.69767           89.1087E-03       109.311E-03          0.                 0.               370.84E-03         880.736E-03        370.84E-03   
                3.16667E-03        1.20259E+03       86.615              2.70952           90.1703E-03       110.617E-03          0.                 0.               371.174E-03        882.784E-03        371.174E-03  
                3.2E-03            1.20548E+03       87.469              2.6396            91.241E-03        111.934E-03          0.                 0.               371.416E-03        881.847E-03        371.416E-03  
                3.23334E-03        1.20806E+03       88.0528             2.26244           92.3163E-03       113.258E-03          0.                 0.               371.408E-03        881.034E-03        371.408E-03  
                3.26667E-03        1.21071E+03       88.1959             2.4698            93.3869E-03       114.576E-03          0.                 0.               371.48E-03         881.462E-03        371.48E-03   
                3.3E-03            1.21325E+03       88.9174             1.94715           94.4619E-03       115.9E-03            0.                 0.               371.465E-03        879.689E-03        371.465E-03  
                3.33334E-03        1.21583E+03       89.3671             1.7177            95.5546E-03       117.246E-03          0.                 0.               371.468E-03        878.965E-03        371.468E-03  
                3.36667E-03        1.21862E+03       89.9908             1.74304           96.6504E-03       118.596E-03          0.                 0.               371.655E-03        878.194E-03        371.655E-03  
                3.4E-03            1.22189E+03       90.3475             2.91229           97.7598E-03       119.964E-03          0.                 0.               372.238E-03        879.289E-03        372.238E-03  
                3.43334E-03        1.22455E+03       91.1877             2.58182           98.8594E-03       121.32E-03           0.                 0.               372.355E-03        878.266E-03        372.355E-03  
                3.46667E-03        1.22736E+03       91.5217             2.95843           99.976E-03        122.697E-03          0.                 0.               372.212E-03        874.826E-03        372.577E-03  
                3.50001E-03        1.22998E+03       91.6459             3.24958          101.107E-03        124.092E-03          0.                 0.               372.677E-03        878.793E-03        372.677E-03  
                3.53334E-03        1.23256E+03       91.767              3.45983          102.244E-03        125.497E-03          0.                 0.               372.74E-03         878.778E-03        372.74E-03   
                3.56667E-03        1.23512E+03       92.3285             3.27378          103.374E-03        126.892E-03          0.                 0.               373.162E-03        874.568E-03        372.807E-03  
                3.60001E-03        1.23801E+03       93.0032             3.41391          104.544E-03        128.337E-03          0.                 0.               373.059E-03        877.007E-03        373.059E-03  
                3.63334E-03        1.24074E+03       92.7837             4.19029          105.692E-03        129.756E-03          0.                 0.               373.23E-03         878.629E-03        373.23E-03   
                3.66667E-03        1.24339E+03       93.0202             4.27602          106.871E-03        131.214E-03          0.                 0.               373.28E-03         878.521E-03        373.28E-03   
                3.7E-03            1.24624E+03       94.6175             3.52913          108.04E-03         132.659E-03          0.                 0.               373.514E-03        875.311E-03        373.514E-03  
                3.73334E-03        1.24898E+03       95.1101             3.65947          109.191E-03        134.083E-03          0.                 0.               373.688E-03        875.008E-03        373.688E-03  
                3.76667E-03        1.25174E+03       95.3807             4.05159          110.36E-03         135.528E-03          0.                 0.               373.885E-03        875.407E-03        373.885E-03  
                3.8E-03            1.25435E+03       96.0204             4.05982          111.544E-03        136.994E-03          0.                 0.               374.221E-03        871.424E-03        374.067E-03  
                3.83333E-03        1.25829E+03       98.2628             5.16263          112.687E-03        138.411E-03          0.                 0.               375.355E-03        872.928E-03        375.355E-03  
                3.86667E-03        1.26149E+03       98.8529             5.8531           113.981E-03        140.017E-03          0.                 0.               375.798E-03        873.199E-03        375.798E-03  
                3.9E-03            1.26427E+03       99.9643             5.68472          115.168E-03        141.492E-03          0.                 0.               376.085E-03        871.791E-03        376.085E-03  
                3.93333E-03        1.26698E+03      100.084              6.24481          116.369E-03        142.984E-03          0.                 0.               376.29E-03         872.748E-03        376.29E-03   
                3.96667E-03        1.26988E+03      101.457              5.84637          117.613E-03        144.532E-03          0.                 0.               376.575E-03        870.67E-03         376.575E-03  
                4.E-03             1.27281E+03      101.571              6.66468          118.855E-03        146.077E-03          0.                 0.               376.884E-03        871.913E-03        376.884E-03  
                4.03333E-03        1.27563E+03      102.572              6.5754           120.076E-03        147.597E-03          0.                 0.               377.154E-03        870.768E-03        377.154E-03  
                4.06667E-03        1.27834E+03      103.166              6.91018          121.304E-03        149.125E-03          0.                 0.               377.45E-03         870.74E-03         377.45E-03   
                4.1E-03            1.28096E+03      104.376              6.40266          122.558E-03        150.689E-03          0.                 0.               377.624E-03        868.485E-03        377.624E-03  
                4.13334E-03        1.28364E+03      105.131              6.35663          123.833E-03        152.279E-03          0.                 0.               377.816E-03        867.704E-03        377.816E-03  
                4.16667E-03        1.28651E+03      105.155              7.3498           125.107E-03        153.868E-03          0.                 0.               378.162E-03        869.242E-03        378.162E-03  
                4.2E-03            1.28929E+03      106.425              7.00777          126.386E-03        155.464E-03          0.                 0.               378.426E-03        867.182E-03        378.426E-03  
                4.23334E-03        1.29206E+03      106.752              7.43865          127.682E-03        157.081E-03          0.                 0.               378.649E-03        867.527E-03        378.649E-03  
                4.26667E-03        1.29405E+03      103.938              9.20709          128.985E-03        158.704E-03          0.                 0.               378.219E-03        873.749E-03        378.219E-03  
                4.3E-03            1.29683E+03      104.76               9.27732          130.282E-03        160.322E-03          0.                 0.               378.482E-03        872.897E-03        378.482E-03  
                4.33334E-03        1.29852E+03      106.283              6.85457          131.592E-03        161.955E-03          0.                 0.               377.975E-03        868.602E-03        377.975E-03  
                4.36667E-03        1.30133E+03      107.31               6.9963           132.896E-03        163.582E-03          0.                 0.               378.349E-03        867.373E-03        378.349E-03  
                4.4E-03            1.30396E+03      107.222              7.78856          134.21E-03         165.223E-03          0.                 0.               378.566E-03        868.729E-03        378.566E-03  
                4.43334E-03        1.30684E+03      108.583              7.54548          135.587E-03        166.942E-03          0.                 0.               378.901E-03        866.827E-03        378.901E-03  
                4.46667E-03        1.30994E+03      109.588              7.98724          136.977E-03        168.678E-03          0.                 0.               379.383E-03        866.32E-03         379.383E-03  
                4.50001E-03        1.31269E+03      110.593              7.79292          138.36E-03         170.41E-03           0.                 0.               379.599E-03        864.963E-03        379.599E-03  
                4.53334E-03        1.31547E+03      111.141              8.09936          139.734E-03        172.13E-03           0.                 0.               379.849E-03        864.9E-03          379.849E-03  
                4.56667E-03        1.31829E+03      112.121              8.30234          141.114E-03        173.858E-03          0.                 0.               380.223E-03        864.051E-03        380.224E-03  
                4.6E-03            1.32103E+03      112.952              8.49874          142.507E-03        175.604E-03          0.                 0.               380.538E-03        863.455E-03        380.538E-03  
                4.63334E-03        1.32394E+03      114.052              8.73874          143.914E-03        177.368E-03          0.                 0.               380.969E-03        862.576E-03        380.969E-03  
                4.66667E-03        1.32674E+03      114.326              9.46702          145.339E-03        179.155E-03          0.                 0.               381.288E-03        863.443E-03        381.288E-03  
                4.7E-03            1.32946E+03      115.396              9.25718          146.785E-03        180.972E-03          0.                 0.               381.518E-03        862.164E-03        381.518E-03  
                4.73334E-03        1.33162E+03      114.397              9.7708           148.249E-03        182.81E-03           0.                 0.               381.267E-03        864.178E-03        381.267E-03  
                4.76667E-03        1.33439E+03      115.634              9.42465          149.722E-03        184.659E-03          0.                 0.               381.501E-03        862.352E-03        381.501E-03  
                4.8E-03            1.33712E+03      116.656              9.41194          151.203E-03        186.518E-03          0.                 0.               381.794E-03        861.272E-03        381.794E-03  
                4.83333E-03        1.34003E+03      117.652              9.73369          152.711E-03        188.414E-03          0.                 0.               382.213E-03        860.697E-03        382.213E-03  
                4.86667E-03        1.34512E+03      123.085             10.186            154.242E-03        190.341E-03          0.                 0.               384.332E-03        854.225E-03        384.332E-03  
                4.9E-03            1.34844E+03      124.709             10.6491           155.781E-03        192.288E-03          0.                 0.               385.033E-03        852.995E-03        385.033E-03  
                4.93333E-03        1.35132E+03      125.171             11.2449           157.337E-03        194.256E-03          0.                 0.               385.354E-03        853.435E-03        385.354E-03  
                4.96667E-03        1.35363E+03      125.327             10.9852           158.914E-03        196.252E-03          0.                 0.               385.212E-03        853.18E-03         385.212E-03  
                5.E-03             1.35649E+03      125.933             11.428            160.499E-03        198.26E-03           0.                 0.               385.523E-03        853.24E-03         385.523E-03  
                5.03333E-03        1.35925E+03      126.566             11.7861           162.108E-03        200.297E-03          0.                 0.               385.812E-03        853.133E-03        385.812E-03  
                5.06667E-03        1.36249E+03      128.319             12.016            163.739E-03        202.365E-03          0.                 0.               386.457E-03        851.458E-03        386.457E-03  
                5.1E-03            1.36544E+03      129.57              12.0802           165.392E-03        204.464E-03          0.                 0.               386.848E-03        850.209E-03        386.848E-03  
                5.13334E-03        1.36847E+03      130.89              12.1946           167.067E-03        206.592E-03          0.                 0.               387.282E-03        848.956E-03        387.282E-03  
                5.16667E-03        1.37206E+03      132.626             12.9239           168.759E-03        208.743E-03          0.                 0.               388.112E-03        847.964E-03        388.112E-03  
                5.2E-03            1.37524E+03      134.391             12.9405           170.459E-03        210.91E-03           0.                 0.               388.664E-03        846.036E-03        388.664E-03  
                5.23334E-03        1.37821E+03      135.281             13.4089           172.202E-03        213.132E-03          0.                 0.               389.079E-03        845.751E-03        389.079E-03  
                5.26667E-03        1.38128E+03      136.918             13.3701           173.966E-03        215.384E-03          0.                 0.               389.56E-03         843.953E-03        389.56E-03   
                5.3E-03            1.38459E+03      137.747             14.4207           175.747E-03        217.66E-03           0.                 0.               390.181E-03        844.485E-03        390.181E-03  
                5.33334E-03        1.38779E+03      139.48              14.3855           177.572E-03        219.993E-03          0.                 0.               390.69E-03         842.583E-03        390.69E-03   
                5.36667E-03        1.3909E+03       140.916             14.4362           179.403E-03        222.338E-03          0.                 0.               391.124E-03        841.171E-03        391.124E-03  
                5.40001E-03        1.39422E+03      142.318             14.99             181.273E-03        224.734E-03          0.                 0.               391.747E-03        840.353E-03        391.747E-03  
                5.43334E-03        1.39689E+03      143.168             14.8816           183.159E-03        227.153E-03          0.                 0.               391.907E-03        839.523E-03        391.907E-03  
                5.46667E-03        1.3977E+03       140.906             13.891            185.066E-03        229.595E-03          0.                 0.               390.602E-03        841.246E-03        390.602E-03  
                5.50001E-03        1.40073E+03      141.954             14.1487           187.001E-03        232.074E-03          0.                 0.               390.977E-03        840.55E-03         390.977E-03  
                5.53334E-03        1.40399E+03      142.987             14.8738           188.93E-03         234.545E-03          0.                 0.               391.53E-03         840.657E-03        391.53E-03   
                5.56667E-03        1.40745E+03      145.166             14.9241           190.946E-03        237.131E-03          0.                 0.               392.222E-03        838.212E-03        392.222E-03  
                5.6E-03            1.4116E+03       148.292             15.5575           192.985E-03        239.752E-03          0.                 0.               393.479E-03        835.63E-03         393.478E-03  
                5.63334E-03        1.41518E+03      150.253             16.0594           195.055E-03        242.418E-03          0.                 0.               394.264E-03        834.066E-03        394.264E-03  
                5.66667E-03        1.41852E+03      152.383             15.893            197.157E-03        245.13E-03           0.                 0.               394.841E-03        831.492E-03        394.841E-03  
                5.7E-03            1.41599E+03      141.22              15.898            199.318E-03        247.916E-03          0.                 0.               390.787E-03        845.372E-03        390.787E-03  
                5.73334E-03        1.41845E+03      141.191             15.942            201.503E-03        250.711E-03          0.                 0.               390.692E-03        845.724E-03        390.692E-03  
                5.76667E-03        1.42206E+03      144.885             15.0126           203.714E-03        253.545E-03          0.                 0.               391.53E-03         840.469E-03        391.53E-03   
                5.8E-03            1.42564E+03      146.974             15.2732           205.976E-03        256.448E-03          0.                 0.               392.261E-03        838.432E-03        392.261E-03  
                5.83333E-03        1.42975E+03      152.687             13.4635           208.285E-03        259.412E-03          0.                 0.               393.448E-03        830.01E-03         393.448E-03  
                5.86667E-03        1.43325E+03      155.339             13.0699           210.631E-03        262.44E-03           0.                 0.               394.111E-03        827.319E-03        394.111E-03  
                5.9E-03            1.43676E+03      157.565             13.1094           213.036E-03        265.548E-03          0.                 0.               394.792E-03        824.786E-03        394.792E-03  
                5.93333E-03        1.44073E+03      160.31              13.4644           215.49E-03         268.725E-03          0.                 0.               395.769E-03        821.895E-03        395.769E-03  
                5.96667E-03        1.44531E+03      164.483             13.7318           217.988E-03        271.97E-03           0.                 0.               397.201E-03        817.733E-03        397.201E-03  
                6.E-03             1.44913E+03      166.675             14.1684           220.541E-03        275.291E-03          0.                 0.               398.007E-03        816.106E-03        398.007E-03  
                6.03333E-03        1.45317E+03      169.438             14.6821           223.147E-03        278.689E-03          0.                 0.               399.04E-03         813.821E-03        399.04E-03   
                6.06667E-03        1.45813E+03      175.154             14.4277           225.798E-03        282.154E-03          0.                 0.               400.779E-03        806.401E-03        400.779E-03  
                6.1E-03            1.46399E+03      181.76              15.0037           228.52E-03         285.731E-03          0.                 0.               403.128E-03        798.793E-03        403.128E-03  
                6.13334E-03        1.46878E+03      184.9               16.4773           231.251E-03        289.337E-03          0.                 0.               404.638E-03        797.195E-03        404.638E-03  
                6.16667E-03        1.47343E+03      188.492             17.4003           234.062E-03        293.058E-03          0.                 0.               406.083E-03        794.4E-03          406.083E-03  
                6.2E-03            1.47827E+03      191.932             18.6693           236.932E-03        296.866E-03          0.                 0.               407.602E-03        792.224E-03        407.602E-03  
                6.23334E-03        1.4827E+03       194.99              19.4057           239.867E-03        300.772E-03          0.                 0.               408.777E-03        789.865E-03        408.777E-03  
                6.26667E-03        1.4872E+03       197.739             20.7032           242.848E-03        304.748E-03          0.                 0.               410.064E-03        788.525E-03        410.064E-03  
                6.3E-03            1.49182E+03      201.414             21.4299           245.889E-03        308.813E-03          0.                 0.               411.436E-03        785.535E-03        411.436E-03  
                6.33334E-03        1.49643E+03      204.994             22.1443           248.98E-03         312.959E-03          0.                 0.               412.763E-03        782.552E-03        412.763E-03  
                6.36667E-03        1.5006E+03       208.95              21.9272           252.134E-03        317.2E-03            0.                 0.               413.853E-03        777.886E-03        413.853E-03  
                6.40001E-03        1.50528E+03      212.843             22.6472           255.345E-03        321.529E-03          0.                 0.               415.277E-03        774.53E-03         415.277E-03  
                6.43334E-03        1.50918E+03      216.417             22.1985           258.617E-03        325.953E-03          0.                 0.               416.138E-03        770.26E-03         416.138E-03  
                6.46667E-03        1.5144E+03       222.074             22.6108           261.944E-03        330.461E-03          0.                 0.               418.013E-03        764.462E-03        418.013E-03  
                6.5E-03            1.51967E+03      226.617             23.9043           265.35E-03         335.098E-03          0.                 0.               419.85E-03         761.04E-03         419.85E-03   
                6.53334E-03        1.52309E+03      227.091             24.8259           268.822E-03        339.839E-03          0.                 0.               420.199E-03        761.965E-03        420.199E-03  
                6.56667E-03        1.5273E+03       230.103             25.4358           272.34E-03         344.643E-03          0.                 0.               421.263E-03        759.504E-03        421.263E-03  
                6.6E-03            1.53203E+03      234.252             26.1333           275.93E-03         349.559E-03          0.                 0.               422.727E-03        755.942E-03        422.727E-03  
                6.63334E-03        1.53656E+03      238.27              26.5312           279.569E-03        354.558E-03          0.                 0.               424.025E-03        752.107E-03        424.025E-03  
                6.66667E-03        1.5403E+03       243.914             24.6329           283.29E-03         359.684E-03          0.                 0.               424.973E-03        743.711E-03        424.973E-03  
                6.7E-03            1.54548E+03      248.989             25.521            287.08E-03         364.926E-03          0.                 0.               426.789E-03        739.249E-03        426.789E-03  
                6.73333E-03        1.55012E+03      252.914             26.2698           290.937E-03        370.278E-03          0.                 0.               428.172E-03        736.007E-03        428.172E-03  
                6.76667E-03        1.55654E+03      260.571             27.6435           294.853E-03        375.735E-03          0.                 0.               430.988E-03        729.385E-03        430.988E-03  
                6.8E-03            1.56242E+03      267.194             28.7401           298.841E-03        381.318E-03          0.                 0.               433.35E-03         723.15E-03         433.35E-03   
                6.83333E-03        1.56755E+03      271.566             30.1767           302.908E-03        387.042E-03          0.                 0.               435.118E-03        720.235E-03        435.118E-03  
                6.86667E-03        1.5725E+03       275.364             31.6769           307.038E-03        392.871E-03          0.                 0.               436.72E-03         718.035E-03        436.72E-03   
                6.9E-03            1.5784E+03       281.123             33.4967           311.238E-03        398.82E-03           0.                 0.               439.059E-03        714.003E-03        439.059E-03  
                6.93333E-03        1.58396E+03      287.217             34.6487           315.516E-03        404.904E-03          0.                 0.               441.243E-03        708.809E-03        441.243E-03  
                6.96667E-03        1.58941E+03      292.09              36.3153           319.868E-03        411.118E-03          0.                 0.               443.225E-03        705.581E-03        443.225E-03  
                7.E-03             1.59537E+03      298.535             38.0165           324.284E-03        417.452E-03          0.                 0.               445.713E-03        700.565E-03        445.713E-03  
                7.03334E-03        1.60244E+03      304.406             41.8133           328.764E-03        423.912E-03          0.                 0.               448.801E-03        698.659E-03        448.801E-03  
                7.06667E-03        1.60841E+03      310.657             43.6984           333.327E-03        430.521E-03          0.                 0.               451.277E-03        694.135E-03        451.277E-03  
                7.1E-03            1.61497E+03      316.893             46.533            337.968E-03        437.279E-03          0.                 0.               454.097E-03        690.728E-03        454.097E-03  
                7.13334E-03        1.62101E+03      323.503             48.3792           342.692E-03        444.188E-03          0.                 0.               456.651E-03        685.776E-03        456.651E-03  
                7.16667E-03        1.62708E+03      330.429             50.1302           347.495E-03        451.248E-03          0.                 0.               459.257E-03        680.356E-03        459.257E-03  
                7.2E-03            1.63297E+03      336.954             51.8537           352.39E-03         458.479E-03          0.                 0.               461.72E-03         675.381E-03        461.72E-03   
                7.23334E-03        1.63957E+03      344.562             54.1491           357.372E-03        465.879E-03          0.                 0.               464.721E-03        669.809E-03        464.721E-03  
                7.26667E-03        1.6456E+03       351.602             55.9147           362.436E-03        473.443E-03          0.                 0.               467.338E-03        664.304E-03        467.338E-03  
                7.3E-03            1.65218E+03      359.666             57.9826           367.637E-03        481.254E-03          0.                 0.               470.369E-03        657.996E-03        470.369E-03  
                7.33333E-03        1.65973E+03      368.649             60.9244           373.216E-03        489.685E-03          0.                 0.               473.986E-03        651.674E-03        473.986E-03  
                7.36667E-03        1.6667E+03       376.879             63.4146           378.896E-03        498.324E-03          0.                 0.               477.191E-03        645.718E-03        477.191E-03  
                7.4E-03            1.67356E+03      384.567             66.1375           384.688E-03        507.188E-03          0.                 0.               480.311E-03        640.658E-03        480.311E-03  
                7.43334E-03        1.68076E+03      393.549             68.6914           390.599E-03        516.285E-03          0.                 0.               483.74E-03         633.922E-03        483.74E-03   
                7.46667E-03        1.68827E+03      402.642             71.7739           396.615E-03        525.607E-03          0.                 0.               487.393E-03        627.678E-03        487.393E-03  
                7.5E-03            1.69666E+03      413.539             75.3085           402.706E-03        535.117E-03          0.                 0.               491.739E-03        619.877E-03        491.739E-03  
                7.53334E-03        1.70439E+03      422.527             78.8855           408.926E-03        544.902E-03          0.                 0.               495.519E-03        614.332E-03        495.519E-03  
                7.56667E-03        1.71249E+03      432.204             82.789            415.233E-03        554.892E-03          0.                 0.               499.617E-03        608.378E-03        499.617E-03  
                7.6E-03            1.72022E+03      441.487             86.3431           421.66E-03         565.146E-03          0.                 0.               503.451E-03        602.491E-03        503.451E-03  
                7.63333E-03        1.72753E+03      450.482             89.5078           428.206E-03        575.662E-03          0.                 0.               507.043E-03        596.484E-03        507.042E-03  
                7.66667E-03        1.73585E+03      460.97              93.4928           434.889E-03        586.476E-03          0.                 0.               511.368E-03        589.736E-03        511.368E-03  
                7.7E-03            1.74401E+03      471.468             97.2812           441.705E-03        597.591E-03          0.                 0.               515.606E-03        582.769E-03        515.606E-03  
                7.73334E-03        1.75204E+03      481.955            100.965            448.663E-03        609.028E-03          0.                 0.               519.786E-03        575.688E-03        519.786E-03  
                7.76667E-03        1.76013E+03      492.623            104.724            455.762E-03        620.788E-03          0.                 0.               524.034E-03        568.501E-03        524.034E-03  
                7.8E-03            1.76911E+03      504.251            109.374            463.011E-03        632.896E-03          0.                 0.               528.88E-03         561.242E-03        528.879E-03  
                7.83333E-03        1.77727E+03      514.951            113.335            470.389E-03        645.317E-03          0.                 0.               533.181E-03        554.263E-03        533.181E-03  
                7.86667E-03        1.78618E+03      526.682            118.018            477.864E-03        658.006E-03          0.                 0.               538.041E-03        546.943E-03        538.041E-03  
                7.9E-03            1.79457E+03      537.513            122.422            485.44E-03         670.974E-03          0.                 0.               542.526E-03        540.32E-03         542.526E-03  
                7.93333E-03        1.8032E+03       549.271            126.826            493.167E-03        684.312E-03          0.                 0.               547.257E-03        532.669E-03        547.257E-03  
                7.96667E-03        1.812E+03        560.839            131.608            501.048E-03        698.033E-03          0.                 0.               552.063E-03        525.655E-03        552.063E-03  
                8.E-03             1.82084E+03      572.987            136.292            509.076E-03        712.128E-03          0.                 0.               556.979E-03        517.884E-03        556.979E-03  
                8.03334E-03        1.83018E+03      585.125            141.755            517.225E-03        726.564E-03          0.                 0.               562.177E-03        511.002E-03        562.177E-03  
                8.06667E-03        1.83917E+03      597.511            146.688            525.516E-03        741.392E-03          0.                 0.               567.225E-03        503.252E-03        567.225E-03  
                8.1E-03            1.8487E+03       610.547            152.175            533.976E-03        756.658E-03          0.                 0.               572.648E-03        495.402E-03        572.648E-03  
                8.13334E-03        1.8579E+03       623.571            157.271            542.606E-03        772.373E-03          0.                 0.               577.9E-03          487.138E-03        577.9E-03    
                8.16667E-03        1.86748E+03      636.481            162.999            551.382E-03        788.515E-03          0.                 0.               583.347E-03        479.702E-03        583.347E-03  
                8.2E-03            1.87693E+03      649.105            168.724            560.345E-03        805.152E-03          0.                 0.               588.699E-03        472.598E-03        588.699E-03  
                8.23333E-03        1.88674E+03      662.115            174.85             569.497E-03        822.306E-03          0.                 0.               594.295E-03        465.506E-03        594.295E-03  
                8.26667E-03        1.89625E+03      675.716            180.392            578.855E-03        840.015E-03          0.                 0.               599.808E-03        457.106E-03        599.808E-03  
                8.3E-03            1.90609E+03      689.226            186.502            588.338E-03        858.128E-03          0.                 0.               605.5E-03          449.448E-03        605.5E-03    
                8.33334E-03        1.91612E+03      703.302            192.72             598.013E-03        876.799E-03          0.                 0.               611.366E-03        441.28E-03         611.366E-03  
                8.36667E-03        1.92654E+03      718.114            199.298            607.674E-03        895.64E-03           0.                 0.               617.555E-03        432.681E-03        617.555E-03  
                8.4E-03            1.93637E+03      731.944            205.502            617.526E-03        915.053E-03          0.                 0.               623.321E-03        424.768E-03        623.32E-03   
                8.43334E-03        1.94651E+03      745.969            212.082            627.583E-03        935.074E-03          0.                 0.               629.266E-03        417.066E-03        629.266E-03  
                8.46667E-03        1.95678E+03      759.932            218.922            637.839E-03        955.7E-03            0.                 0.               635.279E-03        409.725E-03        635.279E-03  
                8.5E-03            1.96762E+03      774.523            226.344            648.292E-03        976.934E-03          0.                 0.               641.664E-03        402.332E-03        641.664E-03  
                8.53333E-03        1.99103E+03      797.216            268.677            659.838E-03          1.                 9.88395E-03        9.88395E-03      666.762E-03        419.122E-03        666.762E-03  
                8.56667E-03        0.                 0.                 0.                 0.                 0.                 0.                 0.                 1.10995          613.622E-03          0.         
                8.6E-03            0.                 0.                 0.                 0.                 0.                 0.                 0.               -72.4789E-03       nan                  0.         
                8.63334E-03        0.                 0.                 0.                 0.                 0.                 0.                 0.               167.453E-03        217.547E-03          0.         
                8.66667E-03        0.                 0.                 0.                 0.                 0.                 0.                 0.               877.086E-03        nan                  0.         
                8.7E-03            0.                 0.                 0.                 0.                 0.                 0.                 0.              -139.079E-03        nan                  0.         
                8.73333E-03        0.                 0.                 0.                 0.                 0.                 0.                 0.                 1.12347          462.223E-03          0.         
                8.76667E-03        0.                 0.                 0.                 0.                 0.                 0.                 0.               889.418E-03        199.384E-03          0.         
                8.8E-03            0.                 0.                 0.                 0.                 0.                 0.                 0.               -21.6232E-03       nan                  0.         
                8.83333E-03        0.                 0.                 0.                 0.                 0.                 0.                 0.                 1.12113          465.973E-03          0.         
                8.86667E-03        0.                 0.                 0.                 0.                 0.                 0.                 0.               -96.4425E-03       282.51E-03           0.         
                8.9E-03            0.                 0.                 0.                 0.                 0.                 0.                 0.              -256.641E-03        nan                  0.         
                8.93334E-03        0.                 0.                 0.                 0.                 0.                 0.                 0.              -162.519E-03        208.647E-03          0.         
                8.96667E-03        0.                 0.                 0.                 0.                 0.                 0.                 0.                 1.08197          157.504E-03          0.         
                9.E-03             0.                 0.                 0.                 0.                 0.                 0.                 0.                 1.12432          324.636E-03          0.         
                9.03334E-03        0.                 0.                 0.                 0.                 0.                 0.                 0.                 1.14003          320.589E-03          0.         
                9.06667E-03        0.                 0.                 0.                 0.                 0.                 0.                 0.               906.416E-03        193.317E-03          0.         
                9.1E-03            0.                 0.                 0.                 0.                 0.                 0.                 0.                 1.14706          234.104E-03          0.         
                9.13333E-03        0.                 0.                 0.                 0.                 0.                 0.                 0.              -445.603E-03        nan                  0.         
                9.16667E-03        0.                 0.                 0.                 0.                 0.                 0.                 0.                 1.15978          149.E-03             0.         
                9.2E-03            0.                 0.                 0.                 0.                 0.                 0.                 0.                 1.14992          119.135E-03          0.         
                9.23333E-03        0.                 0.                 0.                 0.                 0.                 0.                 0.              -519.75E-03         nan                  0.         
                9.26667E-03        0.                 0.                 0.                 0.                 0.                 0.                 0.              -534.585E-03        nan                  0.         
                9.3E-03            0.                 0.                 0.                 0.                 0.                 0.                 0.               607.534E-03        404.082E-03          0.         
                9.33333E-03        0.                 0.                 0.                 0.                 0.                 0.                 0.              -298.07E-03         nan                  0.         
                9.36667E-03        0.                 0.                 0.                 0.                 0.                 0.                 0.               159.22E-03         nan                  0.         
                9.4E-03            0.                 0.                 0.                 0.                 0.                 0.                 0.              -432.873E-03        nan                  0.         
                9.43333E-03        0.                 0.                 0.                 0.                 0.                 0.                 0.              -175.339E-03        nan                  0.         
                9.46667E-03        0.                 0.                 0.                 0.                 0.                 0.                 0.                 1.02909          220.813E-03          0.         
                9.5E-03            0.                 0.                 0.                 0.                 0.                 0.                 0.                 1.00295          240.371E-03          0.         
                9.53333E-03        0.                 0.                 0.                 0.                 0.                 0.                 0.               361.474E-03        327.792E-03          0.         
                9.56667E-03        0.                 0.                 0.                 0.                 0.                 0.                 0.               -53.4659E-03       nan                  0.         
                9.6E-03            0.                 0.                 0.                 0.                 0.                 0.                 0.              -393.272E-03        nan                  0.         
                9.63333E-03        0.                 0.                 0.                 0.                 0.                 0.                 0.              -753.8E-03           97.5081E-03         0.         
                9.66667E-03        0.                 0.                 0.                 0.                 0.                 0.                 0.               283.428E-03        369.565E-03          0.         
                9.7E-03            0.                 0.                 0.                 0.                 0.                 0.                 0.                51.6987E-03       nan                  0.         
                9.73333E-03        0.                 0.                 0.                 0.                 0.                 0.                 0.                -1.06098          151.959E-03          0.         
                9.76667E-03        0.                 0.                 0.                 0.                 0.                 0.                 0.               931.367E-03        222.961E-03          0.         
                9.8E-03            0.                 0.                 0.                 0.                 0.                 0.                 0.                -1.26022          159.785E-03          0.         
                9.83333E-03        0.                 0.                 0.                 0.                 0.                 0.                 0.                -1.35048          259.934E-03          0.         
                9.86667E-03        0.                 0.                 0.                 0.                 0.                 0.                 0.              -449.838E-03        nan                  0.         
                9.9E-03            0.                 0.                 0.                 0.                 0.                 0.                 0.               250.489E-03        nan                  0.         
                9.93333E-03        0.                 0.                 0.                 0.                 0.                 0.                 0.               723.198E-03        325.758E-03          0.         
                9.96667E-03        0.                 0.                 0.                 0.                 0.                 0.                 0.              -482.372E-03        nan                  0.         
               10.E-03             0.                 0.                 0.                 0.                 0.                 0.                 0.              -515.861E-03        nan                  0.         




