
                  X                 Disp              Force      

                0.                 0.                 2.76358E-03
               33.3353E-06         8.33354E-03      673.864E-03  
               66.6714E-06        16.6668E-03         1.16786    
              100.004E-06         25.0031E-03         2.04449    
              133.337E-06         33.3363E-03         2.64376    
              166.671E-06         41.6632E-03         3.10563    
              200.006E-06         49.9933E-03         3.85796    
              233.336E-06         58.3189E-03         4.21571    
              266.669E-06         66.6455E-03         4.59283    
              300.002E-06         74.9687E-03         4.96596    
              333.336E-06         83.2918E-03         5.36805    
              366.667E-06         91.6223E-03         5.73168    
              400.003E-06         99.9644E-03         6.04903    
              433.338E-06        108.306E-03          6.41737    
              466.668E-06        116.647E-03          6.69388    
              500.003E-06        124.997E-03          6.80606    
              533.339E-06        133.36E-03           6.89736    
              566.668E-06        141.722E-03          6.97777    
              600.004E-06        150.085E-03          7.05224    
              633.333E-06        158.447E-03          7.12287    
              666.669E-06        166.81E-03           7.18435    
              700.004E-06        175.174E-03          7.24196    
              733.334E-06        183.535E-03          7.29599    
              766.67E-06         191.899E-03          7.34519    
              800.005E-06        200.23E-03           7.39234    
              833.335E-06        208.51E-03           7.43689    
              866.668E-06        216.79E-03           7.4783     
              900.002E-06        225.07E-03           7.51777    
              933.336E-06        233.381E-03          7.55648    
              966.669E-06        241.703E-03          7.59241    
                1.E-03           250.081E-03          7.62836    
                1.03333E-03      258.443E-03          7.664      
                1.06667E-03      266.806E-03          7.69511    
                1.1E-03          275.169E-03          7.72497    
                1.13333E-03      283.531E-03          7.75648    
                1.16667E-03      291.894E-03          7.7858     
                1.20001E-03      300.269E-03          7.81419    
                1.23334E-03      308.707E-03          7.84229    
                1.26667E-03      317.156E-03          7.87043    
                1.3E-03          325.603E-03          7.89718    
                1.33333E-03      334.049E-03          7.92314    
                1.36667E-03      342.432E-03          7.94785    
                1.4E-03          350.717E-03          7.97094    
                1.43334E-03      359.E-03             7.99386    
                1.46667E-03      367.283E-03          8.0177     
                1.5E-03          375.564E-03          8.04019    
                1.53334E-03      383.847E-03          8.06168    
                1.56667E-03      392.13E-03           8.08321    
                1.6E-03          400.412E-03          8.10449    
                1.63334E-03      408.695E-03          8.12539    
                1.66667E-03      416.977E-03          8.14531    
                1.70001E-03      425.26E-03           8.16437    
                1.73334E-03      433.542E-03          8.18384    
                1.76667E-03      441.824E-03          8.20307    
                1.8E-03          450.108E-03          8.22178    
                1.83334E-03      458.395E-03          8.24055    
                1.86667E-03      466.677E-03          8.25871    
                1.90001E-03      474.96E-03           8.27656    
                1.93334E-03      483.242E-03          8.29374    
                1.96667E-03      491.591E-03          8.31116    
                2.E-03           500.048E-03          8.32829    
                2.03334E-03      508.581E-03          8.34519    
                2.06667E-03      517.115E-03          8.36186    
                2.1E-03          525.648E-03          8.37802    
                2.13334E-03      534.182E-03          8.39449    
                2.16667E-03      542.715E-03          8.41068    
                2.2E-03          551.248E-03          8.4262     
                2.23334E-03      559.782E-03          8.4412     
                2.26667E-03      568.314E-03          8.45642    
                2.3E-03          576.848E-03          8.47128    
                2.33333E-03      585.236E-03          8.48575    
                2.36667E-03      593.538E-03          8.49969    
                2.4E-03          601.836E-03          8.51345    
                2.43334E-03      610.094E-03          8.52733    
                2.46667E-03      618.4E-03            8.5407     
                2.5E-03          626.62E-03           8.55394    
                2.53334E-03      634.832E-03          8.56704    
                2.56667E-03      643.049E-03          8.57973    
                2.6E-03          651.267E-03          8.59231    
                2.63333E-03      659.482E-03          8.60475    
                2.66667E-03      667.694E-03          8.61704    
                2.7E-03          675.901E-03          8.62934    
                2.73334E-03      684.107E-03          8.64146    
                2.76667E-03      692.312E-03          8.65311    
                2.8E-03          700.52E-03           8.66526    
                2.83333E-03      708.725E-03          8.6766     
                2.86667E-03      716.932E-03          8.68787    
                2.9E-03          725.137E-03          8.69932    
                2.93333E-03      733.345E-03          8.71001    
                2.96667E-03      741.561E-03          8.72154    
                3.E-03           749.77E-03           8.73183    
                3.03333E-03      757.978E-03          8.74263    
                3.06667E-03      766.186E-03          8.75305    
                3.1E-03          774.391E-03          8.76372    
                3.13333E-03      782.597E-03          8.77361    
                3.16667E-03      790.805E-03          8.78366    
                3.2E-03          799.01E-03           8.79339    
                3.23334E-03      807.217E-03          8.80328    
                3.26667E-03      815.422E-03          8.81289    
                3.3E-03          823.626E-03          8.8224     
                3.33334E-03      831.833E-03          8.83189    
                3.36667E-03      840.038E-03          8.84117    
                3.4E-03          848.244E-03          8.84995    
                3.43334E-03      856.452E-03          8.85929    
                3.46667E-03      864.658E-03          8.86814    
                3.50001E-03      872.864E-03          8.87701    
                3.53334E-03      881.07E-03           8.88535    
                3.56667E-03      889.276E-03          8.8944     
                3.60001E-03      897.484E-03          8.90233    
                3.63334E-03      905.689E-03          8.91094    
                3.66667E-03      913.9E-03            8.91901    
                3.7E-03          922.106E-03          8.9268     
                3.73334E-03      930.323E-03          8.9351     
                3.76667E-03      938.535E-03          8.94296    
                3.8E-03          946.748E-03          8.95059    
                3.83333E-03      954.953E-03          8.95936    
                3.86667E-03      963.177E-03          8.96508    
                3.9E-03          971.414E-03          8.97324    
                3.93333E-03      979.675E-03          8.98094    
                3.96667E-03      987.917E-03          8.98769    
                4.E-03           996.144E-03          8.99469    
                4.03333E-03        1.00435            9.00173    
                4.06667E-03        1.01256            9.0088     
                4.1E-03            1.02076            9.01543    
                4.13334E-03        1.02897            9.0221     
                4.16667E-03        1.03718            9.02857    
                4.2E-03            1.04538            9.03498    
                4.23334E-03        1.05359            9.04128    
                4.26667E-03        1.06179            9.04746    
                4.3E-03            1.07               9.05348    
                4.33334E-03        1.0782             9.05959    
                4.36667E-03        1.08641            9.06611    
                4.4E-03            1.09462            9.07177    
                4.43334E-03        1.10283            9.07741    
                4.46667E-03        1.11107            9.08258    
                4.50001E-03        1.11928            9.08784    
                4.53334E-03        1.1275             9.09326    
                4.56667E-03        1.1357             9.09852    
                4.6E-03            1.14391            9.10368    
                4.63334E-03        1.15211            9.10877    
                4.66667E-03        1.16032            9.11379    
                4.7E-03            1.16852            9.11866    
                4.73334E-03        1.17673            9.123      
                4.76667E-03        1.18493            9.12799    
                4.8E-03            1.19314            9.13247    
                4.83333E-03        1.20134            9.13692    
                4.86667E-03        1.20955            9.14094    
                4.9E-03            1.21776            9.14514    
                4.93333E-03        1.22596            9.1495     
                4.96667E-03        1.23418            9.15339    
                5.E-03             1.24239            9.15743    
                5.03333E-03        1.2506             9.16105    
                5.06667E-03        1.25881            9.16492    
                5.1E-03            1.26702            9.16848    
                5.13334E-03        1.27523            9.17196    
                5.16667E-03        1.28343            9.17541    
                5.2E-03            1.29164            9.17861    
                5.23334E-03        1.29985            9.18187    
                5.26667E-03        1.30806            9.18485    
                5.3E-03            1.31626            9.18775    
                5.33334E-03        1.32448            9.19055    
                5.36667E-03        1.33269            9.19328    
                5.40001E-03        1.34091            9.1957     
                5.43334E-03        1.34912            9.19813    
                5.46667E-03        1.35732            9.20048    
                5.50001E-03        1.36553            9.20276    
                5.53334E-03        1.37373            9.20521    
                5.56667E-03        1.38194            9.20674    
                5.6E-03            1.39015            9.20859    
                5.63334E-03        1.39835            9.21008    
                5.66667E-03        1.40656            9.21175    
                5.7E-03            1.41476            9.21311    
                5.73334E-03        1.42297            9.21427    
                5.76667E-03        1.43117            9.21532    
                5.8E-03            1.43938            9.21642    
                5.83333E-03        1.44758            9.21734    
                5.86667E-03        1.45579            9.21797    
                5.9E-03            1.464              9.21876    
                5.93333E-03        1.4722             9.21885    
                5.96667E-03        1.4804             9.21904    
                6.E-03             1.48861            9.21919    
                6.03333E-03        1.49682            9.21904    
                6.06667E-03        1.50502            9.21898    
                6.1E-03            1.51323            9.21682    
                6.13334E-03        1.52143            9.21764    
                6.16667E-03        1.52964            9.21653    
                6.2E-03            1.53784            9.21608    
                6.23334E-03        1.54605            9.21463    
                6.26667E-03        1.55425            9.21346    
                6.3E-03            1.56246            9.21161    
                6.33334E-03        1.57066            9.20993    
                6.36667E-03        1.57887            9.20775    
                6.40001E-03        1.58707            9.20567    
                6.43334E-03        1.59528            9.20331    
                6.46667E-03        1.60348            9.20078    
                6.5E-03            1.61169            9.19786    
                6.53334E-03        1.61989            9.19471    
                6.56667E-03        1.6281             9.19149    
                6.6E-03            1.6363             9.18805    
                6.63334E-03        1.64451            9.1843     
                6.66667E-03        1.65271            9.18032    
                6.7E-03            1.66092            9.1762     
                6.73333E-03        1.66912            9.17166    
                6.76667E-03        1.67733            9.16703    
                6.8E-03            1.68554            9.16176    
                6.83333E-03        1.69374            9.15677    
                6.86667E-03        1.70195            9.15156    
                6.9E-03            1.71015            9.14574    
                6.93333E-03        1.71835            9.14002    
                6.96667E-03        1.72656            9.13377    
                7.E-03             1.73476            9.12773    
                7.03334E-03        1.74297            9.12073    
                7.06667E-03        1.75118            9.11377    
                7.1E-03            1.75938            9.10646    
                7.13334E-03        1.76759            9.09914    
                7.16667E-03        1.77579            9.09173    
                7.2E-03            1.784              9.08338    
                7.23334E-03        1.7922             9.07532    
                7.26667E-03        1.80041            9.06647    
                7.3E-03            1.80865            9.05777    
                7.33333E-03        1.81719            9.04824    
                7.36667E-03        1.82572            9.03832    
                7.4E-03            1.83425            9.02784    
                7.43334E-03        1.84279            9.01742    
                7.46667E-03        1.85132            9.00644    
                7.5E-03            1.85985            8.99514    
                7.53334E-03        1.86839            8.98364    
                7.56667E-03        1.87692            8.97184    
                7.6E-03            1.88545            8.95964    
                7.63333E-03        1.89399            8.94709    
                7.66667E-03        1.90252            8.93433    
                7.7E-03            1.91105            8.92118    
                7.73334E-03        1.91959            8.90756    
                7.76667E-03        1.92812            8.89373    
                7.8E-03            1.93665            8.87939    
                7.83333E-03        1.94519            8.86469    
                7.86667E-03        1.95359            8.84978    
                7.9E-03            1.96177            8.83457    
                7.93333E-03        1.96994            8.81905    
                7.96667E-03        1.97812            8.80319    
                8.E-03             1.9863             8.78676    
                8.03334E-03        1.99448            8.77024    
                8.06667E-03        2.00276            8.75336    
                8.1E-03            2.0113             8.73587    
                8.13334E-03        2.01983            8.71829    
                8.16667E-03        2.02837            8.7003     
                8.2E-03            2.0369             8.68174    
                8.23333E-03        2.04543            8.66283    
                8.26667E-03        2.05396            8.64364    
                8.3E-03            2.06188            8.62394    
                8.33334E-03        2.0697             8.604      
                8.36667E-03        2.07752            8.5841     
                8.4E-03            2.08534            8.56386    
                8.43334E-03        2.09317            8.54315    
                8.46667E-03        2.10099            8.52192    
                8.5E-03            2.10881            8.50036    
                8.53333E-03        2.11735            8.4767     
                8.56667E-03        2.12607            8.22044    
                8.6E-03            2.13461            8.07516    
                8.63334E-03        2.14314            8.08322    
                8.66667E-03        2.15167            8.01881    
                8.7E-03            2.15974            7.72349    
                8.73333E-03        2.16742            7.85484    
                8.76667E-03        2.1751             7.7042     
                8.8E-03            2.18278            7.66786    
                8.83333E-03        2.19229            7.47511    
                8.86667E-03        2.20127            7.40455    
                8.9E-03            2.2098             7.30205    
                8.93334E-03        2.21834            7.17076    
                8.96667E-03        2.22679            7.06833    
                9.E-03             2.23452            6.93581    
                9.03334E-03        2.24255            6.80108    
                9.06667E-03        2.25157            6.68773    
                9.1E-03            2.26027            6.54212    
                9.13333E-03        2.26857            6.42043    
                9.16667E-03        2.27664            6.27318    
                9.2E-03            2.28502            6.1266     
                9.23333E-03        2.29358            5.96016    
                9.26667E-03        2.30331            5.72545    
                9.3E-03            2.31232            5.5797     
                9.33333E-03        2.32087            5.44756    
                9.36667E-03        2.3294             5.27346    
                9.4E-03            2.33794            5.1544     
                9.43333E-03        2.34647            5.03527    
                9.46667E-03        2.3543             4.89101    
                9.5E-03            2.36114            4.77697    
                9.53333E-03        2.36755            4.66705    
                9.56667E-03        2.37396            4.52493    
                9.6E-03            2.38036            4.41727    
                9.63333E-03        2.38676            4.29379    
                9.66667E-03        2.39354            4.15012    
                9.7E-03            2.40465            4.00078    
                9.73333E-03        2.41744            3.84263    
                9.76667E-03        2.43024            3.67981    
                9.8E-03            2.44145            3.49883    
                9.83333E-03        2.45038            3.38329    
                9.86667E-03        2.45899            3.24431    
                9.9E-03            2.46753            3.15418    
                9.93333E-03        2.47606            3.06069    
                9.96667E-03        2.48459            2.96627    
               10.E-03             2.49313            2.90551    




