
                             S:Max Principal P  S:Mid Principal P  S:Min Principal P                                                                                                                                     
                             I: PART-1-1 E: 33  I: PART-1-1 E: 33  I: PART-1-1 E: 33  SDV1 PI: PART-1-1  SDV16 PI: PART-1-  SDV17 PI: PART-1-  SDV18 PI: PART-1-  SDV20 PI: PART-1-  SDV22 PI: PART-1-  TRIAX PI: PART-1-
                  X              600 IP: 1          600 IP: 1          600 IP: 1        E: 33600 IP: 1    1 E: 33600 IP: 1   1 E: 33600 IP: 1   1 E: 33600 IP: 1   1 E: 33600 IP: 1   1 E: 33600 IP: 1   1 E: 33600 IP: 1

                0.                 0.                 0.                 0.                 0.                 0.                 0.                 0.                 0.                 0.                 0.         
               33.3385E-06        76.9712            11.2937           -75.586E-03          0.                 0.                 0.                 0.                 0.                 0.               408.067E-03  
               66.6686E-06       164.06              24.5155           144.744E-03          0.                 0.                 0.                 0.                 0.                 0.               410.643E-03  
              100.005E-06        237.588             35.8892             1.34399E-03        0.                 0.                 0.                 0.                 0.                 0.               410.942E-03  
              133.335E-06        319.347             47.0433           530.38E-06           0.                 0.                 0.                 0.                 0.                 0.               408.986E-03  
              166.671E-06        408.308             63.6245           -83.597E-03          0.                 0.                 0.                 0.                 0.                 0.               413.295E-03  
              200.001E-06        484.204             67.4367          -113.001E-03        280.163E-06        379.678E-06          0.                 0.               404.651E-03        753.397E-03        404.651E-03  
              233.335E-06        538.893             75.2089           -83.5989E-03       566.376E-06        762.773E-06          0.                 0.               404.849E-03        752.982E-03        404.849E-03  
              266.67E-06         589.081             81.1715           -52.4683E-03       829.655E-06          1.11433E-03        0.                 0.               403.969E-03        756.411E-03        403.969E-03  
              300.004E-06        644.066             93.3219           -55.2863E-03       963.192E-06          1.29317E-03        0.                 0.               407.672E-03        743.049E-03        407.672E-03  
              333.337E-06        699.06             101.485            -59.5333E-03         1.17812E-03        1.58243E-03        0.                 0.               407.818E-03        742.525E-03        407.818E-03  
              366.671E-06        749.66             115.052           -680.873E-03          1.3797E-03         1.8544E-03         0.                 0.               411.799E-03        730.461E-03        411.625E-03  
              400.003E-06        810.487            140.269            218.022E-03          1.59671E-03        2.15291E-03        0.                 0.               422.953E-03        695.687E-03        422.591E-03  
              433.335E-06        918.818            201.1               -1.03567            2.41589E-03        3.32587E-03        0.                 0.               445.438E-03        597.732E-03        445.438E-03  
              466.667E-06        928.054            158.481             11.2392             6.0731E-03         8.66692E-03        0.                 0.               429.095E-03        713.598E-03        429.095E-03  
              500.004E-06        939.92             166.853             -8.44629            8.1825E-03        11.5946E-03         0.                 0.               420.443E-03        740.812E-03        418.888E-03  
              533.335E-06        952.121            155.15              -3.29836           10.2134E-03        14.3867E-03         0.                 0.               414.93E-03         703.325E-03        414.93E-03   
              566.673E-06        963.848            145.582              3.74466           12.1825E-03        17.0721E-03         0.                 0.               413.376E-03        737.699E-03        413.376E-03  
              600.004E-06        974.166            146.391              1.44556           14.0472E-03        19.6064E-03         0.                 0.               411.462E-03        735.275E-03        411.462E-03  
              633.335E-06        983.668            159.03             -10.6895            15.8806E-03        22.093E-03          0.                 0.               406.579E-03        728.497E-03        409.57E-03   
              666.672E-06        992.404            158.894            -12.3334            17.7261E-03        24.5931E-03         0.                 0.               407.788E-03        695.104E-03        407.788E-03  
              700.003E-06          1.00107E+03      150.47              -4.93173           19.5199E-03        27.0159E-03         0.                 0.               405.35E-03         727.598E-03        407.463E-03  
              733.334E-06          1.00873E+03      141.232              2.19572           21.2469E-03        29.3436E-03         0.                 0.               405.071E-03        742.004E-03        406.525E-03  
              766.671E-06          1.01572E+03      150.145             -7.19492           22.943E-03         31.6209E-03         0.                 0.               404.835E-03        726.81E-03         404.835E-03  
              800.002E-06          1.02296E+03      139.426              2.27065           24.5912E-03        33.8265E-03         0.                 0.               404.383E-03        737.73E-03         404.609E-03  
              833.334E-06          1.02961E+03      142.968             -1.63316           26.2382E-03        36.0266E-03         0.                 0.               403.599E-03        752.49E-03         403.599E-03  
              866.671E-06          1.0374E+03       147.282             -3.26222           27.8499E-03        38.1808E-03         0.                 0.               404.255E-03        743.828E-03        404.255E-03  
              900.002E-06          1.04582E+03      144.777              2.45762           29.4575E-03        40.3273E-03         0.                 0.               405.808E-03        759.728E-03        405.808E-03  
              933.339E-06          1.052E+03        150.013             -2.05577           31.0427E-03        42.4453E-03         0.                 0.               398.644E-03        785.179E-03        405.316E-03  
              966.67E-06           1.05806E+03      145.234              1.85199           32.6309E-03        44.566E-03          0.                 0.               398.821E-03        763.008E-03        404.826E-03  
                1.E-03             1.06547E+03      144.924              4.8201            34.198E-03         46.6572E-03         0.                 0.               405.883E-03        767.338E-03        405.883E-03  
                1.03334E-03        1.06928E+03      142.648              3.22642           35.741E-03         48.7086E-03         0.                 0.               403.586E-03        769.688E-03        403.586E-03  
                1.06667E-03        1.07544E+03      144.601              2.66397           37.2843E-03        50.7586E-03         0.                 0.               403.804E-03        766.898E-03        403.804E-03  
                1.1E-03            1.08189E+03      145.597              3.69227           38.812E-03         52.7911E-03         0.                 0.               404.441E-03        768.411E-03        404.441E-03  
                1.13334E-03        1.08697E+03      142.689              5.65542           40.3227E-03        54.7994E-03         0.                 0.               403.806E-03        777.415E-03        403.806E-03  
                1.16667E-03        1.09203E+03      144.892              3.87891           41.8259E-03        56.7955E-03         0.                 0.               400.418E-03        761.38E-03         403.534E-03  
                1.2E-03            1.0971E+03       146.248              2.56295           43.3214E-03        58.781E-03          0.                 0.               403.115E-03        768.761E-03        403.115E-03  
                1.23334E-03        1.10225E+03      147.009              2.14135           44.8338E-03        60.7885E-03         0.                 0.               402.909E-03        767.985E-03        402.909E-03  
                1.26667E-03        1.10771E+03      148.002              2.50316           46.2993E-03        62.7345E-03         0.                 0.               403.228E-03        768.065E-03        403.228E-03  
                1.30001E-03        1.11295E+03      149.208              2.24941           47.7982E-03        64.7261E-03         0.                 0.               403.319E-03        766.821E-03        403.32E-03   
                1.33334E-03        1.11824E+03      150.323              2.28658           49.2931E-03        66.7131E-03         0.                 0.               403.524E-03        766.192E-03        403.524E-03  
                1.36667E-03        1.12351E+03      150.729              3.06524           50.7715E-03        68.6784E-03         0.                 0.               402.304E-03        762.52E-03         403.802E-03  
                1.4E-03            1.12867E+03      151.71               3.17813           52.2699E-03        70.6712E-03         0.                 0.               403.99E-03         767.454E-03        403.99E-03   
                1.43334E-03        1.13228E+03      152.232              1.07442           53.7643E-03        72.6581E-03         0.                 0.               402.861E-03        764.513E-03        402.861E-03  
                1.46667E-03        1.1373E+03       152.981              1.31356           55.2686E-03        74.6568E-03         0.                 0.               403.022E-03        764.895E-03        403.022E-03  
                1.5E-03            1.14191E+03      153.481              1.31701           56.7353E-03        76.6056E-03         0.                 0.               402.966E-03        765.069E-03        402.966E-03  
                1.53334E-03        1.14654E+03      154.142              1.32194           58.2012E-03        78.5539E-03         0.                 0.               402.983E-03        764.898E-03        402.983E-03  
                1.56667E-03        1.15192E+03      154.96               2.6468            59.662E-03         80.4953E-03         0.                 0.               403.729E-03        766.687E-03        403.729E-03  
                1.6E-03            1.15608E+03      155.728              1.98289           61.1151E-03        82.4275E-03         0.                 0.               403.466E-03        765.302E-03        403.466E-03  
                1.63333E-03        1.16054E+03      156.512              1.93933           62.5668E-03        84.3584E-03         0.                 0.               403.521E-03        764.918E-03        403.521E-03  
                1.66667E-03        1.1649E+03       157.229              1.89217           64.0095E-03        86.2767E-03         0.                 0.               403.55E-03         764.547E-03        403.55E-03   
                1.7E-03            1.1689E+03       157.52               1.73832           65.4273E-03        88.1627E-03         0.                 0.               403.354E-03        764.674E-03        403.354E-03  
                1.73333E-03        1.17302E+03      157.442              1.38419           66.8486E-03        90.0518E-03         0.                 0.               402.884E-03        765.178E-03        402.884E-03  
                1.76667E-03        1.17732E+03      157.581              1.659             68.2495E-03        91.9126E-03         0.                 0.               402.83E-03         766.235E-03        402.83E-03   
                1.8E-03            1.18139E+03      158.042              1.43285           69.6561E-03        93.7804E-03         0.                 0.               402.673E-03        766.047E-03        402.673E-03  
                1.83334E-03        1.18565E+03      158.581              1.52639           71.0716E-03        95.6604E-03         0.                 0.               402.705E-03        766.22E-03         402.705E-03  
                1.86667E-03        1.18931E+03      159.027            706.194E-03         72.4941E-03        97.5492E-03         0.                 0.               402.261E-03        765.161E-03        402.261E-03  
                1.9E-03            1.19426E+03      159.636              2.09106           73.9149E-03        99.4353E-03         0.                 0.               402.947E-03        767.153E-03        402.947E-03  
                1.93334E-03        1.1981E+03       160.508              1.37879           75.3492E-03       101.34E-03           0.                 0.               402.736E-03        765.573E-03        402.736E-03  
                1.96667E-03        1.2023E+03       161.182              1.55188           76.7747E-03       103.234E-03          0.                 0.               402.87E-03         765.624E-03        402.87E-03   
                2.E-03             1.20636E+03      161.923              1.45884           78.2136E-03       105.145E-03          0.                 0.               402.905E-03        765.196E-03        402.905E-03  
                2.03334E-03        1.21042E+03      162.661              1.44508           79.6539E-03       107.059E-03          0.                 0.               402.979E-03        764.878E-03        402.979E-03  
                2.06667E-03        1.21449E+03      163.377              1.50346           81.1004E-03       108.981E-03          0.                 0.               403.078E-03        764.685E-03        403.078E-03  
                2.1E-03            1.21865E+03      164.308              1.62425           82.5508E-03       110.91E-03           0.                 0.               403.296E-03        764.275E-03        403.296E-03  
                2.13334E-03        1.2228E+03       165.21               1.80411           84.0059E-03       112.844E-03          0.                 0.               403.53E-03         763.992E-03        403.53E-03   
                2.16667E-03        1.2268E+03       166.076              1.81643           85.464E-03        114.784E-03          0.                 0.               403.671E-03        763.502E-03        403.671E-03  
                2.20001E-03        1.23195E+03      167.086              3.75514           86.9291E-03       116.735E-03          0.                 0.               404.768E-03        765.562E-03        404.768E-03  
                2.23334E-03        1.23605E+03      168.078              3.968             88.394E-03        118.687E-03          0.                 0.               405.053E-03        765.164E-03        405.053E-03  
                2.26667E-03        1.24022E+03      169.131              4.26398           89.8716E-03       120.657E-03          0.                 0.               405.398E-03        764.8E-03          405.398E-03  
                2.30001E-03        1.24413E+03      170.213              4.1262            91.3578E-03       122.64E-03           0.                 0.               405.555E-03        763.774E-03        405.555E-03  
                2.33334E-03        1.24847E+03      171.489              4.61857           92.8559E-03       124.639E-03          0.                 0.               406.078E-03        763.374E-03        406.078E-03  
                2.36667E-03        1.25249E+03      172.527              4.81692           94.3478E-03       126.633E-03          0.                 0.               406.372E-03        762.883E-03        406.372E-03  
                2.4E-03            1.25663E+03      173.745              5.06931           95.8649E-03       128.661E-03          0.                 0.               406.759E-03        762.224E-03        406.759E-03  
                2.43334E-03        1.26063E+03      174.851              5.17848           97.3934E-03       130.705E-03          0.                 0.               407.035E-03        761.517E-03        407.035E-03  
                2.46667E-03        1.26458E+03      176.076              5.18614           98.9226E-03       132.753E-03          0.                 0.               407.311E-03        760.502E-03        407.311E-03  
                2.5E-03            1.26851E+03      177.234              5.32313          100.453E-03        134.802E-03          0.                 0.               407.624E-03        759.748E-03        407.624E-03  
                2.53333E-03        1.27247E+03      178.586              5.48876          102.001E-03        136.878E-03          0.                 0.               408.025E-03        758.76E-03         408.025E-03  
                2.56667E-03        1.27658E+03      179.973              5.77316          103.578E-03        138.993E-03          0.                 0.               408.488E-03        757.905E-03        408.488E-03  
                2.6E-03            1.28056E+03      181.383              5.80561          105.156E-03        141.113E-03          0.                 0.               408.844E-03        756.67E-03         408.844E-03  
                2.63333E-03        1.2845E+03       182.41               6.04626          106.737E-03        143.238E-03          0.                 0.               409.144E-03        756.259E-03        409.144E-03  
                2.66667E-03        1.28787E+03      183.523              5.17735          108.332E-03        145.382E-03          0.                 0.               408.975E-03        754.215E-03        408.975E-03  
                2.7E-03            1.29183E+03      184.62               5.30502          109.937E-03        147.541E-03          0.                 0.               409.246E-03        753.576E-03        409.246E-03  
                2.73333E-03        1.29563E+03      185.836              5.46098          111.548E-03        149.709E-03          0.                 0.               409.586E-03        752.773E-03        409.586E-03  
                2.76667E-03        1.29963E+03      187.322              5.70618          113.18E-03         151.906E-03          0.                 0.               410.064E-03        751.731E-03        410.064E-03  
                2.8E-03            1.30356E+03      188.602              5.90895          114.832E-03        154.133E-03          0.                 0.               410.441E-03        750.927E-03        410.441E-03  
                2.83333E-03        1.30753E+03      189.862              6.17158          116.493E-03        156.373E-03          0.                 0.               410.833E-03        750.241E-03        410.833E-03  
                2.86667E-03        1.31147E+03      191.159              6.35465          118.151E-03        158.612E-03          0.                 0.               411.203E-03        749.402E-03        411.203E-03  
                2.9E-03            1.31541E+03      192.371              6.52672          119.834E-03        160.885E-03          0.                 0.               411.53E-03         748.674E-03        411.53E-03   
                2.93334E-03        1.31914E+03      193.616              6.67986          121.515E-03        163.158E-03          0.                 0.               411.873E-03        747.835E-03        411.873E-03  
                2.96667E-03        1.32296E+03      194.991              6.81865          123.228E-03        165.475E-03          0.                 0.               412.254E-03        746.814E-03        412.254E-03  
                3.E-03             1.32693E+03      196.482              7.03015          124.975E-03        167.841E-03          0.                 0.               412.703E-03        745.756E-03        412.703E-03  
                3.03334E-03        1.33077E+03      197.928              7.07788          126.713E-03        170.194E-03          0.                 0.               413.063E-03        744.54E-03         413.063E-03  
                3.06667E-03        1.33485E+03      199.448              7.3962           128.48E-03         172.592E-03          0.                 0.               413.563E-03        743.601E-03        413.563E-03  
                3.1E-03            1.33874E+03      200.668              7.66402          130.24E-03         174.98E-03           0.                 0.               413.931E-03        742.992E-03        413.931E-03  
                3.13334E-03        1.34251E+03      202.118              7.80334          132.034E-03        177.416E-03          0.                 0.               414.334E-03        741.883E-03        414.334E-03  
                3.16667E-03        1.34641E+03      203.707              7.9855           133.853E-03        179.889E-03          0.                 0.               414.8E-03          740.661E-03        414.8E-03    
                3.20001E-03        1.35033E+03      205.272              8.17384          135.687E-03        182.386E-03          0.                 0.               415.257E-03        739.49E-03         415.257E-03  
                3.23334E-03        1.3543E+03       206.903              8.31951          137.546E-03        184.919E-03          0.                 0.               415.715E-03        738.191E-03        415.715E-03  
                3.26667E-03        1.35817E+03      208.189              8.52896          139.413E-03        187.464E-03          0.                 0.               416.071E-03        737.439E-03        416.071E-03  
                3.3E-03            1.36209E+03      209.781              8.7844           141.305E-03        190.045E-03          0.                 0.               416.562E-03        736.327E-03        416.562E-03  
                3.33334E-03        1.36595E+03      211.424              8.97292          143.215E-03        192.655E-03          0.                 0.               417.043E-03        735.059E-03        417.043E-03  
                3.36667E-03        1.36993E+03      213.164              9.19723          145.16E-03         195.314E-03          0.                 0.               417.568E-03        733.728E-03        417.568E-03  
                3.4E-03            1.37412E+03      214.755              9.84017          147.123E-03        198.001E-03          0.                 0.               418.214E-03        733.151E-03        418.214E-03  
                3.43334E-03        1.37808E+03      216.393             10.0182           149.098E-03        200.708E-03          0.                 0.               418.674E-03        731.914E-03        418.674E-03  
                3.46667E-03        1.38134E+03      218.493              8.83078          151.091E-03        203.442E-03          0.                 0.               418.722E-03        728.299E-03        418.722E-03  
                3.5E-03            1.38526E+03      220.199              9.09483          153.129E-03        206.24E-03           0.                 0.               419.245E-03        727.078E-03        419.245E-03  
                3.53333E-03        1.38932E+03      222.107              9.41178          155.184E-03        209.065E-03          0.                 0.               419.859E-03        725.676E-03        419.859E-03  
                3.56667E-03        1.39324E+03      223.765              9.5858           157.269E-03        211.934E-03          0.                 0.               420.318E-03        724.427E-03        420.318E-03  
                3.6E-03            1.39728E+03      225.605              9.76923          159.379E-03        214.84E-03           0.                 0.               420.839E-03        722.973E-03        420.84E-03   
                3.63333E-03        1.40128E+03      227.437             10.1104           161.504E-03        217.771E-03          0.                 0.               421.43E-03         721.715E-03        421.43E-03   
                3.66667E-03        1.40543E+03      229.542             10.4836           163.681E-03        220.779E-03          0.                 0.               422.126E-03        720.152E-03        422.126E-03  
                3.7E-03            1.40953E+03      231.595             10.7855           165.871E-03        223.807E-03          0.                 0.               422.769E-03        718.578E-03        422.769E-03  
                3.73333E-03        1.41261E+03      233.294              9.51883          168.11E-03         226.906E-03          0.                 0.               422.625E-03        715.478E-03        422.625E-03  
                3.76667E-03        1.41639E+03      235.241              9.26834          170.362E-03        230.025E-03          0.                 0.               422.993E-03        713.366E-03        422.993E-03  
                3.8E-03            1.42054E+03      237.194              9.82264          172.658E-03        233.21E-03           0.                 0.               423.702E-03        712.252E-03        423.702E-03  
                3.83334E-03        1.42466E+03      239.323             10.1376           174.987E-03        236.443E-03          0.                 0.               424.367E-03        710.627E-03        424.367E-03  
                3.86667E-03        1.42887E+03      241.506             10.4748           177.353E-03        239.733E-03          0.                 0.               425.053E-03        708.981E-03        425.053E-03  
                3.9E-03            1.43308E+03      243.807             10.6693           179.76E-03         243.084E-03          0.                 0.               425.712E-03        707.027E-03        425.712E-03  
                3.93334E-03        1.4374E+03       246.307             11.1454           182.196E-03        246.482E-03          0.                 0.               426.563E-03        705.153E-03        426.563E-03  
                3.96667E-03        1.44176E+03      248.902             11.5597           184.672E-03        249.942E-03          0.                 0.               427.413E-03        703.099E-03        427.413E-03  
                4.E-03             1.44607E+03      251.124             12.0458           187.206E-03        253.488E-03          0.                 0.               428.158E-03        701.626E-03        428.158E-03  
                4.03334E-03        1.4503E+03       253.225             12.4012           189.771E-03        257.082E-03          0.                 0.               428.802E-03        700.156E-03        428.802E-03  
                4.06667E-03        1.45462E+03      255.934             12.7445           192.373E-03        260.732E-03          0.                 0.               429.651E-03        697.891E-03        429.651E-03  
                4.1E-03            1.45914E+03      258.769             13.2244           195.044E-03        264.486E-03          0.                 0.               430.591E-03        695.661E-03        430.591E-03  
                4.13334E-03        1.46368E+03      261.767             13.5788           197.752E-03        268.3E-03            0.                 0.               431.526E-03        693.095E-03        431.526E-03  
                4.16667E-03        1.46825E+03      264.634             14.0189           200.515E-03        272.2E-03            0.                 0.               432.445E-03        690.813E-03        432.445E-03  
                4.20001E-03        1.47292E+03      267.784             14.6138           203.33E-03         276.18E-03           0.                 0.               433.524E-03        688.36E-03         433.525E-03  
                4.23334E-03        1.47772E+03      271.028             15.2626           206.204E-03        280.255E-03          0.                 0.               434.647E-03        685.884E-03        434.647E-03  
                4.26667E-03        1.48246E+03      274.336             15.6861           209.132E-03        284.416E-03          0.                 0.               435.689E-03        683.077E-03        435.689E-03  
                4.3E-03            1.48731E+03      278.058             16.1639           212.12E-03         288.67E-03           0.                 0.               436.889E-03        679.823E-03        436.889E-03  
                4.33334E-03        1.49237E+03      281.25              17.2944           215.168E-03        293.019E-03          0.                 0.               438.172E-03        678.032E-03        438.172E-03  
                4.36667E-03        1.49741E+03      284.883             18.0211           218.278E-03        297.47E-03           0.                 0.               439.426E-03        675.233E-03        439.426E-03  
                4.4E-03            1.50249E+03      288.903             18.6262           221.45E-03         302.02E-03           0.                 0.               440.753E-03        671.82E-03         440.753E-03  
                4.43334E-03        1.50747E+03      292.792             19.2239           224.688E-03        306.677E-03          0.                 0.               442.029E-03        668.561E-03        442.029E-03  
                4.46667E-03        1.51279E+03      296.955             20.1041           227.994E-03        311.446E-03          0.                 0.               443.497E-03        665.343E-03        443.497E-03  
                4.5E-03            1.5179E+03       300.644             20.9742           231.36E-03         316.316E-03          0.                 0.               444.8E-03          662.698E-03        444.8E-03    
                4.53333E-03        1.52324E+03      305.045             21.8711           234.799E-03        321.302E-03          0.                 0.               446.341E-03        659.223E-03        446.341E-03  
                4.56667E-03        1.52867E+03      309.454             22.8108           238.307E-03        326.405E-03          0.                 0.               447.889E-03        655.819E-03        447.889E-03  
                4.6E-03            1.53417E+03      314.15              23.7661           241.884E-03        331.628E-03          0.                 0.               449.53E-03         652.094E-03        449.53E-03   
                4.63333E-03        1.53939E+03      318.499             24.5326           245.533E-03        336.968E-03          0.                 0.               450.978E-03        648.566E-03        450.978E-03  
                4.66667E-03        1.54461E+03      323.341             24.9326           249.252E-03        342.429E-03          0.                 0.               452.423E-03        644.039E-03        452.423E-03  
                4.7E-03            1.55024E+03      328.01              26.2113           253.051E-03        348.026E-03          0.                 0.               454.162E-03        640.769E-03        454.162E-03  
                4.73333E-03        1.55597E+03      333.152             27.3626           256.922E-03        353.749E-03          0.                 0.               455.99E-03         636.8E-03          455.99E-03   
                4.76667E-03        1.56179E+03      338.19              28.6658           260.876E-03        359.612E-03          0.                 0.               457.833E-03        633.159E-03        457.833E-03  
                4.8E-03            1.56811E+03      344.848             30.0143           264.914E-03        365.622E-03          0.                 0.               460.198E-03        627.637E-03        460.198E-03  
                4.83334E-03        1.57404E+03      350.288             31.323            269.031E-03        371.783E-03          0.                 0.               462.15E-03         623.552E-03        462.15E-03   
                4.86667E-03        1.58019E+03      356.036             32.9362           273.233E-03        378.092E-03          0.                 0.               464.314E-03        619.46E-03         464.314E-03  
                4.9E-03            1.58618E+03      362.102             34.1224           277.522E-03        384.559E-03          0.                 0.               466.394E-03        614.51E-03         466.394E-03  
                4.93334E-03        1.59239E+03      368.098             35.7146           281.895E-03        391.181E-03          0.                 0.               468.603E-03        610.136E-03        468.603E-03  
                4.96667E-03        1.59909E+03      374.8               37.7497           286.366E-03        397.979E-03          0.                 0.               471.196E-03        605.459E-03        471.196E-03  
                5.E-03             1.60546E+03      381.33              39.335            290.927E-03        404.948E-03          0.                 0.               473.543E-03        600.48E-03         473.543E-03  
                5.03334E-03        1.61221E+03      387.999             41.5551           295.585E-03        412.1E-03            0.                 0.               476.177E-03        596.085E-03        476.177E-03  
                5.06667E-03        1.61932E+03      395.698             43.7487           300.339E-03        419.436E-03          0.                 0.               479.095E-03        590.479E-03        479.095E-03  
                5.1E-03            1.62633E+03      403.13              46.0798           305.197E-03        426.975E-03          0.                 0.               481.98E-03         585.343E-03        481.98E-03   
                5.13334E-03        1.63337E+03      410.774             48.2849           310.158E-03        434.716E-03          0.                 0.               484.859E-03        579.842E-03        484.859E-03  
                5.16667E-03        1.64029E+03      418.196             50.5692           315.226E-03        442.666E-03          0.                 0.               487.697E-03        574.684E-03        487.697E-03  
                5.20001E-03        1.64755E+03      426.441             52.9104           320.4E-03          450.827E-03          0.                 0.               490.784E-03        568.661E-03        490.784E-03  
                5.23334E-03        1.65455E+03      434.33              55.1856           325.689E-03        459.214E-03          0.                 0.               493.732E-03        562.974E-03        493.732E-03  
                5.26667E-03        1.66184E+03      442.9               57.5561           331.088E-03        467.826E-03          0.                 0.               496.9E-03          556.633E-03        496.9E-03    
                5.3E-03            1.66939E+03      451.619             60.3388           336.606E-03        476.683E-03          0.                 0.               500.265E-03        550.602E-03        500.265E-03  
                5.33334E-03        1.67692E+03      460.299             63.1343           342.242E-03        485.785E-03          0.                 0.               503.605E-03        544.651E-03        503.605E-03  
                5.36667E-03        1.68426E+03      469.02              65.7055           348.002E-03        495.14E-03           0.                 0.               506.856E-03        538.403E-03        506.856E-03  
                5.4E-03            1.69381E+03      478.195             71.3108           353.875E-03        504.75E-03           0.                 0.               511.419E-03        535.169E-03        511.419E-03  
                5.43333E-03        1.702E+03        488.583             74.4541           359.89E-03         514.659E-03          0.                 0.               515.346E-03        527.673E-03        515.346E-03  
                5.46667E-03        1.70871E+03      498.312             75.9074           366.055E-03        524.89E-03           0.                 0.               518.407E-03        518.986E-03        518.407E-03  
                5.5E-03            1.7161E+03       507.731             78.4767           372.351E-03        535.399E-03          0.                 0.               521.799E-03        511.98E-03         521.799E-03  
                5.53333E-03        1.72414E+03      517.343             81.951            378.786E-03        546.216E-03          0.                 0.               525.586E-03        505.8E-03          525.586E-03  
                5.56667E-03        1.73271E+03      527.465             86.0629           385.355E-03        557.334E-03          0.                 0.               529.757E-03        499.774E-03        529.758E-03  
                5.6E-03            1.74108E+03      537.984             89.7532           392.075E-03        568.794E-03          0.                 0.               533.857E-03        492.822E-03        533.857E-03  
                5.63333E-03        1.74958E+03      548.777             93.6022           398.946E-03        580.594E-03          0.                 0.               538.08E-03         485.743E-03        538.08E-03   
                5.66667E-03        1.75814E+03      559.87              97.5073           405.97E-03         592.748E-03          0.                 0.               542.395E-03        478.383E-03        542.395E-03  
                5.7E-03            1.76716E+03      570.892            102.118            413.143E-03        605.263E-03          0.                 0.               546.949E-03        471.929E-03        546.949E-03  
                5.73333E-03        1.77603E+03      582.386            106.396            420.485E-03        618.175E-03          0.                 0.               551.485E-03        464.565E-03        551.485E-03  
                5.76667E-03        1.7852E+03       594.294            111.041            427.993E-03        631.487E-03          0.                 0.               556.266E-03        457.147E-03        556.266E-03  
                5.8E-03            1.79443E+03      606.47             115.75             435.646E-03        645.167E-03          0.                 0.               561.128E-03        449.502E-03        561.128E-03  
                5.83334E-03        1.80369E+03      618.664            120.554            443.463E-03        659.266E-03          0.                 0.               566.013E-03        441.953E-03        566.013E-03  
                5.86667E-03        1.81313E+03      631.014            125.63             451.42E-03         673.742E-03          0.                 0.               571.031E-03        434.542E-03        571.031E-03  
                5.9E-03            1.82244E+03      643.586            130.524            459.541E-03        688.644E-03          0.                 0.               576.02E-03         426.669E-03        576.02E-03   
                5.93334E-03        1.83202E+03      656.302            135.838            467.824E-03        703.977E-03          0.                 0.               581.198E-03        419.112E-03        581.198E-03  
                5.96667E-03        1.84168E+03      669.208            141.257            476.272E-03        719.76E-03           0.                 0.               586.45E-03         411.461E-03        586.45E-03   
                6.E-03             1.8514E+03       682.353            146.758            484.906E-03        736.037E-03          0.                 0.               591.779E-03        403.636E-03        591.779E-03  
                6.03334E-03        1.86131E+03      695.75             152.479            493.738E-03        752.843E-03          0.                 0.               597.244E-03        395.779E-03        597.244E-03  
                6.06667E-03        1.87126E+03      709.352            158.275            502.731E-03        770.117E-03          0.                 0.               602.774E-03        387.777E-03        602.774E-03  
                6.10001E-03        1.88136E+03      722.955            164.346            511.91E-03         787.921E-03          0.                 0.               608.395E-03        380.089E-03        608.395E-03  
                6.13334E-03        1.89153E+03      736.934            170.451            521.306E-03        806.32E-03           0.                 0.               614.109E-03        372.016E-03        614.109E-03  
                6.16667E-03        1.90193E+03      751.171            176.816            531.015E-03        825.513E-03          0.                 0.               619.968E-03        363.955E-03        619.968E-03  
                6.20001E-03        1.91339E+03      766.553            184.086            541.648E-03        846.765E-03          0.                 0.               626.438E-03        355.69E-03         626.438E-03  
                6.23334E-03        1.92479E+03      782.257            191.259            552.542E-03        868.771E-03          0.                 0.               632.929E-03        346.951E-03        632.929E-03  
                6.26667E-03        1.93623E+03      798.096            198.533            563.674E-03        891.504E-03          0.                 0.               639.471E-03        338.173E-03        639.471E-03  
                6.3E-03            1.94795E+03      814.293            206.141            575.048E-03        914.995E-03          0.                 0.               646.214E-03        329.369E-03        646.214E-03  
                6.33333E-03        1.95982E+03      830.744            213.933            586.718E-03        939.368E-03          0.                 0.               653.07E-03         320.492E-03        653.07E-03   
                6.36667E-03        1.9717E+03       847.327            221.765            598.664E-03        964.612E-03          0.                 0.               659.949E-03        311.514E-03        659.949E-03  
                6.4E-03            1.98368E+03      863.799            229.841            610.869E-03        990.707E-03          0.                 0.               666.875E-03        302.941E-03        666.875E-03  
                6.43334E-03        1.60362E+03      703.729            483.185            626.525E-03        nan                  0.                 0.               517.189E-03        476.341E-03        904.786E-03  
                6.46667E-03        1.79229E+03      638.233            234.832            626.525E-03        nan                  0.                 0.               449.724E-03        nan                634.587E-03  
                6.5E-03            2.07079E+03      728.045            407.487            628.386E-03        nan                  0.                 0.               699.254E-03        nan                699.254E-03  
                6.53334E-03        2.27984E+03      862.888            667.091            630.934E-03        nan                  0.                 0.                64.8652E-03       nan                833.122E-03  
                6.56667E-03        2.42943E+03        1.00083E+03      826.774            633.912E-03        nan                  0.                 0.                 5.45017E-03      nan                931.658E-03  
                6.6E-03            2.49636E+03        1.11273E+03      877.124            637.745E-03        nan                  0.                 0.               939.171E-03        nan                986.912E-03  
                6.63334E-03        2.65025E+03        1.22319E+03        1.03993E+03      642.478E-03        nan                  0.                 0.               632.34E-03         179.048E-03          1.07258    
                6.66667E-03        2.74369E+03        1.32388E+03        1.15688E+03      648.568E-03        nan                  0.                 0.               525.942E-03        229.675E-03          1.15311    
                6.7E-03            2.83483E+03        1.35574E+03        1.26103E+03      654.538E-03        nan                  0.                 0.               667.84E-03         104.58E-03           1.18876    
                6.73333E-03        2.929E+03          1.44974E+03        1.35142E+03      660.558E-03        nan                  0.                 0.                 1.24776          nan                  1.24776    
                6.76667E-03        3.02351E+03        1.59551E+03        1.40577E+03      668.695E-03        nan                  0.                 0.              -435.664E-03        nan                  1.31112    
                6.8E-03            3.12207E+03        1.73684E+03        1.47639E+03      678.533E-03        nan                  0.                 0.              -501.368E-03        nan                  1.3783     
                6.83334E-03        3.20378E+03        1.85481E+03        1.5375E+03       690.68E-03         nan                  0.                 0.                 1.0326           nan                  1.43475    
                6.86667E-03        3.26827E+03        1.94421E+03        1.57853E+03      703.245E-03        nan                  0.                 0.                 1.47009          nan                  1.47009    
                6.9E-03            3.29202E+03        1.98138E+03        1.59392E+03      715.689E-03        nan                  0.                 0.                 1.48514          nan                  1.48514    
                6.93333E-03        3.24134E+03        1.97981E+03        1.54374E+03      726.719E-03        nan                  0.                 0.              -766.292E-03        nan                  1.47673    
                6.96667E-03        3.31425E+03        2.05097E+03        1.59827E+03      737.893E-03        nan                  0.                 0.                 1.04417          nan                  1.5069     
                7.E-03             3.35774E+03        2.08499E+03        1.63813E+03      747.596E-03        nan                  0.                 0.              -879.602E-03        nan                  1.52729    
                7.03333E-03        3.39788E+03        2.12419E+03        1.68014E+03      757.319E-03        nan                  0.                 0.                 1.22931           35.5926E-03         1.55452    
                7.06667E-03        3.43859E+03        2.16409E+03        1.71496E+03      767.795E-03        nan                  0.                 0.                 1.575            nan                  1.575      
                7.1E-03            3.47174E+03        2.18761E+03        1.75471E+03      775.957E-03        nan                  0.                 0.              -993.687E-03        nan                  1.59782    
                7.13333E-03        3.49633E+03        2.19894E+03        1.77778E+03      781.8E-03          nan                  0.                 0.                 1.6056           nan                  1.6056     
                7.16667E-03        3.52988E+03        2.22499E+03        1.81716E+03      786.381E-03        nan                  0.                 0.                 1.12103          nan                  1.62883    
                7.2E-03            3.55985E+03        2.25574E+03        1.84796E+03      789.895E-03        nan                  0.                 0.                 1.12359          nan                  1.64936    
                7.23333E-03        3.62801E+03        2.28996E+03        1.92745E+03      793.3E-03          nan                  0.                 0.                -1.08627          nan                  1.68567    
                7.26667E-03        3.61921E+03        2.22622E+03        1.94449E+03      795.721E-03        nan                  0.                 0.                 1.67187          nan                  1.67187    
                7.3E-03            3.6474E+03         2.23616E+03        1.97965E+03      798.524E-03        nan                  0.                 0.                 1.6851           nan                  1.6851     
                7.33333E-03        3.69328E+03        2.26208E+03        2.04449E+03      800.446E-03        nan                  0.                 0.                -1.07766          nan                  1.71875    
                7.36667E-03        3.77306E+03        2.36263E+03        2.11985E+03      802.553E-03        nan                  0.                 0.                -1.08201          nan                  1.77977    
                7.4E-03            3.8277E+03         2.4178E+03         2.16413E+03      804.242E-03        nan                  0.                 0.                -1.08436          nan                  1.80578    
                7.43333E-03        3.86514E+03        2.45706E+03        2.20599E+03      805.888E-03        nan                  0.                 0.                -1.0918           nan                  1.83526    
                7.46667E-03        3.89335E+03        2.49092E+03        2.22045E+03      807.431E-03        nan                  0.                 0.               -24.8619E-03       nan                  1.84405    
                7.5E-03            3.89728E+03        2.51836E+03        2.21761E+03      808.921E-03        nan                  0.                 0.               451.47E-03          31.5091E-03         1.85504    
                7.53333E-03        3.93017E+03        2.57925E+03        2.23114E+03      810.829E-03        nan                  0.                 0.               548.929E-03          7.63571E-03        1.87427    
                7.56667E-03        3.95763E+03        2.64356E+03        2.23646E+03      813.331E-03        nan                  0.                 0.                -1.10106          nan                  1.89077    
                7.6E-03            3.97045E+03        2.69703E+03        2.23792E+03      816.612E-03        nan                  0.                 0.                -1.08828          nan                  1.90937    
                7.63333E-03        3.98094E+03        2.7513E+03         2.23047E+03      820.197E-03        nan                  0.                 0.                28.5544E-03       nan                  1.919      




