
                  X                 Disp              Force      

                0.                 0.                 6.28224E-03
               33.3385E-06         8.33416E-03      834.14E-03   
               66.6686E-06        16.6668E-03         1.31474    
              100.005E-06         25.0011E-03         2.15913    
              133.335E-06         33.3338E-03         2.95533    
              166.671E-06         41.668E-03          3.44737    
              200.001E-06         49.9976E-03         4.01326    
              233.335E-06         58.3181E-03         4.69849    
              266.67E-06          66.6576E-03         5.16218    
              300.004E-06         75.0082E-03         5.56754    
              333.337E-06         83.3588E-03         5.9899     
              366.671E-06         91.6991E-03         6.45829    
              400.003E-06        100.029E-03          6.80147    
              433.335E-06        108.358E-03          7.04463    
              466.667E-06        116.691E-03          7.15539    
              500.004E-06        125.035E-03          7.27389    
              533.335E-06        133.404E-03          7.37291    
              566.673E-06        141.774E-03          7.45664    
              600.004E-06        150.143E-03          7.53275    
              633.335E-06        158.511E-03          7.60611    
              666.672E-06        166.882E-03          7.67231    
              700.003E-06        175.25E-03           7.73237    
              733.334E-06        183.619E-03          7.78761    
              766.671E-06        191.989E-03          7.84356    
              800.002E-06        200.358E-03          7.8902     
              833.334E-06        208.726E-03          7.93799    
              866.671E-06        217.096E-03          7.98061    
              900.002E-06        225.465E-03          8.02525    
              933.339E-06        233.835E-03          8.06757    
              966.67E-06         242.204E-03          8.10735    
                1.E-03           250.573E-03          8.14213    
                1.03334E-03      258.943E-03          8.18155    
                1.06667E-03      267.312E-03          8.21507    
                1.1E-03          275.68E-03           8.25045    
                1.13334E-03      284.05E-03           8.28179    
                1.16667E-03      292.419E-03          8.31471    
                1.2E-03          300.788E-03          8.34336    
                1.23334E-03      309.158E-03          8.37389    
                1.26667E-03      317.526E-03          8.40236    
                1.30001E-03      325.897E-03          8.43122    
                1.33334E-03      334.265E-03          8.45921    
                1.36667E-03      342.634E-03          8.48666    
                1.4E-03          351.004E-03          8.51241    
                1.43334E-03      359.373E-03          8.53817    
                1.46667E-03      367.742E-03          8.56151    
                1.5E-03          376.112E-03          8.58651    
                1.53334E-03      384.481E-03          8.61121    
                1.56667E-03      392.851E-03          8.63335    
                1.6E-03          401.22E-03           8.65502    
                1.63333E-03      409.588E-03          8.67819    
                1.66667E-03      417.959E-03          8.6986     
                1.7E-03          426.327E-03          8.71822    
                1.73333E-03      434.696E-03          8.73847    
                1.76667E-03      443.066E-03          8.76031    
                1.8E-03          451.435E-03          8.77998    
                1.83334E-03      459.805E-03          8.79961    
                1.86667E-03      468.174E-03          8.81834    
                1.9E-03          476.542E-03          8.83712    
                1.93334E-03      484.913E-03          8.85583    
                1.96667E-03      493.281E-03          8.87283    
                2.E-03           501.649E-03          8.89118    
                2.03334E-03      510.02E-03           8.90913    
                2.06667E-03      518.388E-03          8.92574    
                2.1E-03          526.757E-03          8.94261    
                2.13334E-03      535.127E-03          8.95877    
                2.16667E-03      543.496E-03          8.97472    
                2.20001E-03      551.866E-03          8.9905     
                2.23334E-03      560.234E-03          9.00738    
                2.26667E-03      568.604E-03          9.02132    
                2.30001E-03      576.973E-03          9.03571    
                2.33334E-03      585.342E-03          9.05026    
                2.36667E-03      593.711E-03          9.06379    
                2.4E-03          602.081E-03          9.07883    
                2.43334E-03      610.45E-03           9.09205    
                2.46667E-03      618.819E-03          9.10489    
                2.5E-03          627.189E-03          9.11825    
                2.53333E-03      635.558E-03          9.1312     
                2.56667E-03      643.928E-03          9.14298    
                2.6E-03          652.297E-03          9.15523    
                2.63333E-03      660.665E-03          9.16711    
                2.66667E-03      669.036E-03          9.17906    
                2.7E-03          677.403E-03          9.19049    
                2.73333E-03      685.772E-03          9.2017     
                2.76667E-03      694.142E-03          9.21269    
                2.8E-03          702.511E-03          9.22397    
                2.83333E-03      710.88E-03           9.23355    
                2.86667E-03      719.25E-03           9.24458    
                2.9E-03          727.619E-03          9.25417    
                2.93334E-03      735.989E-03          9.26412    
                2.96667E-03      744.358E-03          9.27336    
                3.E-03           752.727E-03          9.28246    
                3.03334E-03      761.097E-03          9.29229    
                3.06667E-03      769.466E-03          9.3007     
                3.1E-03          777.833E-03          9.30933    
                3.13334E-03      786.205E-03          9.31777    
                3.16667E-03      794.572E-03          9.32616    
                3.20001E-03      802.943E-03          9.33403    
                3.23334E-03      811.311E-03          9.34167    
                3.26667E-03      819.68E-03           9.34938    
                3.3E-03          828.05E-03           9.35671    
                3.33334E-03      836.419E-03          9.36388    
                3.36667E-03      844.788E-03          9.37074    
                3.4E-03          853.158E-03          9.37751    
                3.43334E-03      861.527E-03          9.3824     
                3.46667E-03      869.896E-03          9.39035    
                3.5E-03          878.266E-03          9.39622    
                3.53333E-03      886.635E-03          9.40203    
                3.56667E-03      895.004E-03          9.40801    
                3.6E-03          903.374E-03          9.41344    
                3.63333E-03      911.742E-03          9.41861    
                3.66667E-03      920.112E-03          9.42349    
                3.7E-03          928.481E-03          9.42825    
                3.73333E-03      936.849E-03          9.43254    
                3.76667E-03      945.22E-03           9.43699    
                3.8E-03          953.588E-03          9.44099    
                3.83334E-03      961.959E-03          9.44503    
                3.86667E-03      970.327E-03          9.4488     
                3.9E-03          978.696E-03          9.45223    
                3.93334E-03      987.066E-03          9.45532    
                3.96667E-03      995.435E-03          9.45848    
                4.E-03             1.00371            9.46106    
                4.03334E-03        1.01192            9.46316    
                4.06667E-03        1.02012            9.46592    
                4.1E-03            1.02833            9.46809    
                4.13334E-03        1.03653            9.46994    
                4.16667E-03        1.04474            9.4713     
                4.20001E-03        1.05294            9.47269    
                4.23334E-03        1.06115            9.47369    
                4.26667E-03        1.06935            9.47451    
                4.3E-03            1.07756            9.47507    
                4.33334E-03        1.08576            9.47538    
                4.36667E-03        1.09397            9.47538    
                4.4E-03            1.10217            9.47513    
                4.43334E-03        1.11038            9.47459    
                4.46667E-03        1.11858            9.47375    
                4.5E-03            1.12679            9.47264    
                4.53333E-03        1.13499            9.47126    
                4.56667E-03        1.1432             9.46957    
                4.6E-03            1.15141            9.46759    
                4.63333E-03        1.15961            9.46533    
                4.66667E-03        1.16782            9.46272    
                4.7E-03            1.17602            9.45983    
                4.73333E-03        1.18422            9.45662    
                4.76667E-03        1.19243            9.45314    
                4.8E-03            1.20064            9.4493     
                4.83334E-03        1.20884            9.44518    
                4.86667E-03        1.21705            9.4407     
                4.9E-03            1.22525            9.4359     
                4.93334E-03        1.23346            9.43077    
                4.96667E-03        1.24166            9.4253     
                5.E-03             1.24987            9.41949    
                5.03334E-03        1.25807            9.41331    
                5.06667E-03        1.26628            9.40679    
                5.1E-03            1.27448            9.3999     
                5.13334E-03        1.28269            9.39274    
                5.16667E-03        1.29089            9.38506    
                5.20001E-03        1.2991             9.37709    
                5.23334E-03        1.3073             9.36879    
                5.26667E-03        1.31551            9.35998    
                5.3E-03            1.32371            9.3509     
                5.33334E-03        1.33192            9.34142    
                5.36667E-03        1.34012            9.33145    
                5.4E-03            1.34833            9.32118    
                5.43333E-03        1.35653            9.31047    
                5.46667E-03        1.36474            9.29936    
                5.5E-03            1.37294            9.28782    
                5.53333E-03        1.38115            9.2758     
                5.56667E-03        1.38935            9.26344    
                5.6E-03            1.39756            9.25057    
                5.63333E-03        1.40576            9.23728    
                5.66667E-03        1.41397            9.22357    
                5.7E-03            1.42217            9.20933    
                5.73333E-03        1.43038            9.19476    
                5.76667E-03        1.43858            9.17966    
                5.8E-03            1.44679            9.16412    
                5.83334E-03        1.45499            9.14814    
                5.86667E-03        1.4632             9.1318     
                5.9E-03            1.4714             9.11501    
                5.93334E-03        1.47961            9.09773    
                5.96667E-03        1.48782            9.0801     
                6.E-03             1.49602            9.062      
                6.03334E-03        1.50423            9.04337    
                6.06667E-03        1.51243            9.02436    
                6.10001E-03        1.52064            9.00487    
                6.13334E-03        1.52884            8.98496    
                6.16667E-03        1.53708            8.96425    
                6.20001E-03        1.54562            8.94151    
                6.23334E-03        1.55415            8.91827    
                6.26667E-03        1.56268            8.89443    
                6.3E-03            1.57122            8.87016    
                6.33333E-03        1.57975            8.84524    
                6.36667E-03        1.58829            8.81976    
                6.4E-03            1.59682            8.7938     
                6.43334E-03        1.60533            8.68073    
                6.46667E-03        1.61386            8.57992    
                6.5E-03            1.62224            8.57069    
                6.53334E-03        1.63035            8.43992    
                6.56667E-03        1.63846            8.27529    
                6.6E-03            1.6468             8.18296    
                6.63334E-03        1.65534            8.03304    
                6.66667E-03        1.66387            7.88042    
                6.7E-03            1.67204            7.77608    
                6.73333E-03        1.68012            7.73141    
                6.76667E-03        1.6884             7.63518    
                6.8E-03            1.69681            7.43939    
                6.83334E-03        1.70521            7.28371    
                6.86667E-03        1.71346            7.0941     
                6.9E-03            1.7219             6.92865    
                6.93333E-03        1.73028            6.74982    
                6.96667E-03        1.73864            6.65292    
                7.E-03             1.74671            6.4924     
                7.03333E-03        1.75487            6.36119    
                7.06667E-03        1.76365            6.18752    
                7.1E-03            1.77207            5.9923     
                7.13333E-03        1.78047            5.87812    
                7.16667E-03        1.78862            5.65689    
                7.2E-03            1.79678            5.55399    
                7.23333E-03        1.80518            5.36267    
                7.26667E-03        1.81372            5.21755    
                7.3E-03            1.82237            5.07416    
                7.33333E-03        1.83091            4.903      
                7.36667E-03        1.83945            4.74376    
                7.4E-03            1.84722            4.62244    
                7.43333E-03        1.85454            4.46361    
                7.46667E-03        1.86171            4.34797    
                7.5E-03            1.86883            4.22986    
                7.53333E-03        1.87797            4.11904    
                7.56667E-03        1.88812            3.96062    
                7.6E-03            1.89806            3.7909     
                7.63333E-03        1.9071             3.66905    




