
                  X                 Disp              Force      

                0.                 0.               379.448E-06  
               33.3377E-06         8.33438E-03      946.102E-03  
               66.668E-06         16.6678E-03         1.48133    
              100.005E-06         25.0048E-03         2.07809    
              133.338E-06         33.3377E-03         3.00182    
              166.668E-06         41.6651E-03         3.73609    
              200.004E-06         49.9976E-03         4.20487    
              233.334E-06         58.3251E-03         4.78283    
              266.668E-06         66.6571E-03         5.33082    
              300.004E-06         74.9885E-03         5.87196    
              333.339E-06         83.32E-03           6.39019    
              366.667E-06         91.65E-03           6.73973    
              400.002E-06         99.9813E-03         7.04997    
              433.337E-06        108.328E-03          7.31178    
              466.672E-06        116.671E-03          7.45687    
              500.005E-06        125.006E-03          7.57718    
              533.334E-06        133.32E-03           7.67972    
              566.671E-06        141.635E-03          7.77086    
              600.E-06           149.948E-03          7.85365    
              633.337E-06        158.264E-03          7.92267    
              666.673E-06        166.58E-03           7.99043    
              700.003E-06        174.893E-03          8.05286    
              733.339E-06        183.208E-03          8.10543    
              766.669E-06        191.522E-03          8.16348    
              800.005E-06        199.837E-03          8.21445    
              833.335E-06        208.15E-03           8.26624    
              866.671E-06        216.465E-03          8.31061    
              900.001E-06        224.78E-03           8.35547    
              933.337E-06        233.094E-03          8.40024    
              966.673E-06        241.41E-03           8.43853    
                1.00001E-03      249.775E-03          8.47944    
                1.03333E-03      258.16E-03           8.51481    
                1.06667E-03      266.547E-03          8.54968    
                1.1E-03          274.933E-03          8.58734    
                1.13334E-03      283.32E-03           8.61985    
                1.16667E-03      291.705E-03          8.65126    
                1.2E-03          300.091E-03          8.68444    
                1.23334E-03      308.479E-03          8.71457    
                1.26667E-03      316.864E-03          8.74329    
                1.3E-03          325.249E-03          8.77288    
                1.33334E-03      333.636E-03          8.80124    
                1.36667E-03      342.023E-03          8.82851    
                1.40001E-03      350.41E-03           8.85567    
                1.43333E-03      358.795E-03          8.88188    
                1.46667E-03      367.18E-03           8.90677    
                1.5E-03          375.567E-03          8.93066    
                1.53334E-03      383.955E-03          8.95537    
                1.56667E-03      392.34E-03           8.97934    
                1.6E-03          400.726E-03          9.00368    
                1.63334E-03      409.112E-03          9.02679    
                1.66667E-03      417.498E-03          9.04827    
                1.7E-03          425.883E-03          9.07086    
                1.73334E-03      434.271E-03          9.092      
                1.76667E-03      442.657E-03          9.11239    
                1.80001E-03      451.043E-03          9.13453    
                1.83333E-03      459.429E-03          9.1533     
                1.86667E-03      467.817E-03          9.17383    
                1.9E-03          476.203E-03          9.19247    
                1.93334E-03      484.589E-03          9.21148    
                1.96667E-03      492.973E-03          9.22937    
                2.E-03           501.36E-03           9.24676    
                2.03334E-03      509.748E-03          9.26524    
                2.06667E-03      518.135E-03          9.2814     
                2.1E-03          526.519E-03          9.29891    
                2.13334E-03      534.905E-03          9.31436    
                2.16667E-03      543.291E-03          9.33081    
                2.2E-03          551.676E-03          9.34559    
                2.23334E-03      560.064E-03          9.36114    
                2.26667E-03      568.451E-03          9.37534    
                2.30001E-03      576.837E-03          9.38988    
                2.33333E-03      585.221E-03          9.40346    
                2.36667E-03      593.607E-03          9.41709    
                2.4E-03          601.995E-03          9.43022    
                2.43334E-03      610.292E-03          9.44295    
                2.46667E-03      618.531E-03          9.45558    
                2.5E-03          626.771E-03          9.46734    
                2.53334E-03      635.01E-03           9.47928    
                2.56667E-03      643.25E-03           9.49061    
                2.6E-03          651.489E-03          9.50171    
                2.63334E-03      659.729E-03          9.51233    
                2.66667E-03      667.968E-03          9.52262    
                2.70001E-03      676.208E-03          9.53262    
                2.73333E-03      684.447E-03          9.54261    
                2.76667E-03      692.687E-03          9.55195    
                2.8E-03          700.926E-03          9.56099    
                2.83334E-03      709.163E-03          9.56966    
                2.86667E-03      717.402E-03          9.57823    
                2.9E-03          725.642E-03          9.58636    
                2.93334E-03      733.881E-03          9.59428    
                2.96667E-03      742.121E-03          9.6017     
                3.E-03           750.356E-03          9.60909    
                3.03333E-03      758.836E-03          9.61629    
                3.06667E-03      767.37E-03           9.62308    
                3.10001E-03      775.908E-03          9.62964    
                3.13334E-03      784.298E-03          9.63593    
                3.16667E-03      792.679E-03          9.64183    
                3.2E-03          801.057E-03          9.64741    
                3.23334E-03      809.438E-03          9.65266    
                3.26667E-03      817.822E-03          9.65763    
                3.3E-03          826.202E-03          9.66223    
                3.33334E-03      834.581E-03          9.66645    
                3.36667E-03      842.961E-03          9.67043    
                3.4E-03          851.345E-03          9.67404    
                3.43334E-03      859.726E-03          9.67731    
                3.46667E-03      868.104E-03          9.68026    
                3.5E-03          876.485E-03          9.68287    
                3.53333E-03      884.838E-03          9.68515    
                3.56667E-03      893.066E-03          9.68706    
                3.6E-03          901.292E-03          9.68865    
                3.63333E-03      909.52E-03           9.6899     
                3.66667E-03      917.754E-03          9.69078    
                3.70001E-03      925.98E-03           9.6913     
                3.73334E-03      934.208E-03          9.69148    
                3.76667E-03      942.44E-03           9.69129    
                3.8E-03          950.667E-03          9.69073    
                3.83334E-03      958.893E-03          9.68983    
                3.86667E-03      967.121E-03          9.68852    
                3.9E-03          975.353E-03          9.68684    
                3.93334E-03      983.581E-03          9.68479    
                3.96667E-03      991.807E-03          9.68233    
                4.E-03             1.00003            9.6795     
                4.03334E-03        1.00827            9.67626    
                4.06667E-03        1.01649            9.67263    
                4.1E-03            1.02472            9.66859    
                4.13333E-03        1.03295            9.66414    
                4.16667E-03        1.04118            9.65929    
                4.2E-03            1.04941            9.65402    
                4.23333E-03        1.05763            9.64834    
                4.26667E-03        1.06587            9.64225    
                4.30001E-03        1.0741             9.63572    
                4.33334E-03        1.08232            9.62877    
                4.36667E-03        1.09055            9.6214     
                4.4E-03            1.09878            9.6136     
                4.43334E-03        1.10701            9.60536    
                4.46667E-03        1.11524            9.59667    
                4.5E-03            1.12346            9.58753    
                4.53334E-03        1.1317             9.57796    
                4.56667E-03        1.13975            9.56792    
                4.6E-03            1.14767            9.55744    
                4.63333E-03        1.1556             9.54652    
                4.66667E-03        1.16358            9.53503    
                4.7E-03            1.17198            9.52238    
                4.73334E-03        1.18051            9.50902    
                4.76667E-03        1.18905            9.49513    
                4.8E-03            1.19758            9.4806     
                4.83334E-03        1.20612            9.46555    
                4.86667E-03        1.21465            9.4499     
                4.9E-03            1.22319            9.43377    
                4.93333E-03        1.23172            9.41709    
                4.96667E-03        1.24025            9.39984    
                5.E-03             1.24878            9.38195    
                5.03333E-03        1.25731            9.36333    
                5.06667E-03        1.26584            9.34396    
                5.1E-03            1.27437            9.32394    
                5.13333E-03        1.28291            9.30325    
                5.16667E-03        1.29144            9.28198    
                5.2E-03            1.29998            9.25994    
                5.23333E-03        1.3085             9.2371     
                5.26667E-03        1.31704            9.21396    
                5.3E-03            1.32557            9.19021    
                5.33334E-03        1.3341             9.16523    
                5.36667E-03        1.34263            9.13944    
                5.4E-03            1.35117            9.11311    
                5.43334E-03        1.3597             9.0859     
                5.46667E-03        1.36823            9.05767    
                5.5E-03            1.37668            9.02894    
                5.53333E-03        1.38518            8.73738    
                5.56667E-03        1.39355            8.79876    
                5.6E-03            1.40183            8.64322    
                5.63333E-03        1.41031            8.48666    
                5.66667E-03        1.41858            8.2504     
                5.7E-03            1.42691            8.23733    
                5.73333E-03        1.43526            7.99195    
                5.76667E-03        1.44342            7.95385    
                5.8E-03            1.45183            7.8553     
                5.83334E-03        1.4603             7.68703    
                5.86667E-03        1.46851            7.36324    
                5.9E-03            1.47681            7.41213    
                5.93333E-03        1.48525            6.95539    
                5.96667E-03        1.49347            7.04568    
                6.E-03             1.50156            7.01199    
                6.03333E-03        1.51018            6.89274    
                6.06667E-03        1.51858            6.78746    
                6.1E-03            1.527              6.66657    
                6.13333E-03        1.53491            6.57056    
                6.16667E-03        1.54355            6.39961    
                6.2E-03            1.55218            6.25345    
                6.23333E-03        1.56067            6.0697     
                6.26667E-03        1.56853            5.92445    
                6.3E-03            1.57639            5.77471    
                6.33333E-03        1.58504            5.58752    
                6.36667E-03        1.59378            5.42279    
                6.4E-03            1.60245            5.27041    
                6.43333E-03        1.611              5.12379    
                6.46667E-03        1.61941            4.96177    
                6.5E-03            1.62714            4.82414    
                6.53333E-03        1.63446            4.70726    
                6.56667E-03        1.64176            4.55115    
                6.6E-03            1.64939            4.4198     
                6.63333E-03        1.65838            4.30823    
                6.66667E-03        1.66802            4.18563    
                6.7E-03            1.67773            4.04087    
                6.73333E-03        1.68677            3.91508    
                6.76667E-03        1.69541            3.83867    
                6.8E-03            1.70401            3.73663    
                6.83333E-03        1.71256            3.66023    
                6.86667E-03        1.72109            3.57063    
                6.9E-03            1.72962            3.49824    
                6.93333E-03        1.73816            3.42328    
                6.96667E-03        1.74653            3.36054    
                7.E-03             1.75422            3.29997    
                7.03333E-03        1.76156            3.24645    
                7.06667E-03        1.76862            3.19385    
                7.1E-03            1.77564            3.14067    
                7.13333E-03        1.78241            3.08878    
                7.16667E-03        1.78897            3.04203    
                7.2E-03            1.79547            3.00352    
                7.23333E-03        1.80198            2.96358    
                7.26667E-03        1.80841            2.92346    
                7.3E-03            1.81482            2.88308    
                7.33333E-03        1.8215             2.8511     
                7.36667E-03        1.82886            2.80765    
                7.4E-03            1.83787            2.76385    
                7.43333E-03        1.84784            2.71762    
                7.46667E-03        1.85894            2.66749    
                7.5E-03            1.87048            2.624      
                7.53333E-03        1.88291            2.57628    
                7.56667E-03        1.89524            2.53117    
                7.6E-03            1.90795            2.49417    
                7.63333E-03        1.92016            2.45577    
                7.66667E-03        1.931              2.42113    
                7.7E-03            1.94086            2.38672    
                7.73333E-03        1.94989            2.35872    
                7.76667E-03        1.9585             2.33155    
                7.8E-03            1.96706            2.30772    
                7.83333E-03        1.97293            2.28634    
                7.86667E-03        1.9772             2.27707    
                7.9E-03            1.98145            2.26806    
                7.93333E-03        1.98572            2.25966    
                7.96667E-03        1.98999            2.24813    
                8.E-03             1.99426            2.23678    
                8.03333E-03        1.99853            2.22541    
                8.06667E-03        2.0028             2.21518    
                8.1E-03            2.00706            2.20531    
                8.13333E-03        2.01132            2.19814    
                8.16667E-03        2.01559            2.19102    
                8.2E-03            2.01987            2.18361    
                8.23333E-03        2.02413            2.17494    
                8.26667E-03        2.02839            2.16475    
                8.3E-03            2.03266            2.1576     
                8.33333E-03        2.03693            2.15359    
                8.36667E-03        2.0412             2.14451    
                8.4E-03            2.04546            2.13107    
                8.43333E-03        2.04972            2.12728    
                8.46667E-03        2.05399            2.12239    
                8.5E-03            2.05826            2.11301    
                8.53333E-03        2.06253            2.10333    
                8.56667E-03        2.06693            2.10078    
                8.6E-03            2.07235            2.09617    
                8.63333E-03        2.07956            2.08479    
                8.66667E-03        2.08682            2.07271    
                8.7E-03            2.10245            2.05617    
                8.73333E-03        2.12937            2.02909    




