
                                                S:Max Principal P  S:Mid Principal P  S:Min Principal P                                                                                                                  
                             SDV1 PI: PART-1-1  I: PART-1-1 E: 10  I: PART-1-1 E: 10  I: PART-1-1 E: 10  TRIAX PI: PART-1-  SDV16 PI: PART-1-  SDV17 PI: PART-1-  SDV18 PI: PART-1-  SDV20 PI: PART-1-  SDV22 PI: PART-1-
                  X            E: 106401 IP: 1      6401 IP: 1         6401 IP: 1         6401 IP: 1     1 E: 106401 IP: 1  1 E: 106401 IP: 1  1 E: 106401 IP: 1  1 E: 106401 IP: 1  1 E: 106401 IP: 1  1 E: 106401 IP: 1

                0.                 0.                 0.                 0.                 0.                 0.                 0.                 0.                 0.                 0.                 0.         
               33.3377E-06         0.                75.6976            18.2754            -1.58099E-03      457.838E-03          0.                 0.                 0.                 0.                 0.         
               66.668E-06          0.               157.468             36.1343            81.0914E-03       452.061E-03          0.                 0.                 0.                 0.                 0.         
              100.005E-06          0.               242.583             54.163             85.3737E-03       448.745E-03          0.                 0.                 0.                 0.                 0.         
              133.338E-06          0.               321.887             73.1082             2.60632E-03      450.493E-03          0.                 0.                 0.                 0.                 0.         
              166.668E-06         12.9559E-06       413.489             98.8304           510.361E-03        457.496E-03         19.4858E-06         0.                 0.                 0.                 0.         
              200.004E-06        305.836E-06        485.925            105.488             -7.71611E-03      445.287E-03        453.589E-06          0.                 0.               445.287E-03        603.014E-03  
              233.334E-06        569.729E-06        541.326            115.824            -11.5607E-03       443.666E-03        839.961E-06          0.                 0.               443.666E-03        609.224E-03  
              266.668E-06        825.71E-06         593.228            128.225           -180.729E-03        444.601E-03          1.2144E-03         0.                 0.               444.601E-03        604.436E-03  
              300.004E-06        931.663E-06        647.744            147.854            261.057E-03        451.357E-03          1.3705E-03         0.                 0.               451.319E-03        581.869E-03  
              333.339E-06          1.07275E-03      711.795            169.427            429.2E-03          456.536E-03          1.58181E-03        0.                 0.               456.536E-03        561.946E-03  
              366.667E-06          1.30764E-03      775.655            199.01              -3.0325           462.754E-03          1.9381E-03         0.                 0.               462.754E-03        517.412E-03  
              400.002E-06          1.57902E-03      847.797            223.339            455.055E-03        469.506E-03          2.35611E-03        0.                 0.               468.463E-03        498.13E-03   
              433.337E-06          3.62301E-03      967.016            267.508             39.4741           507.275E-03          5.62573E-03        0.                 0.               507.275E-03        545.186E-03  
              466.672E-06          6.41115E-03      969.991            237.988             13.0695           469.651E-03         10.0014E-03         0.                 0.               469.651E-03        567.033E-03  
              500.005E-06          8.86434E-03      984.487            238.323              3.23633          460.55E-03          13.7362E-03         0.                 0.               460.55E-03         557.912E-03  
              533.334E-06         11.2794E-03       999.374            235.76               2.85417          457.049E-03         17.3747E-03         0.                 0.               457.049E-03        569.614E-03  
              566.671E-06         13.6708E-03         1.01254E+03      225.985              8.54858          454.376E-03         20.9512E-03         0.                 0.               454.376E-03        604.073E-03  
              600.E-06            15.8464E-03         1.02302E+03      229.891              3.689            451.773E-03         24.1877E-03         0.                 0.               451.524E-03        594.966E-03  
              633.337E-06         18.0125E-03         1.03409E+03      229.051              4.29779          450.483E-03         27.3996E-03         0.                 0.               450.483E-03        600.753E-03  
              666.673E-06         20.1895E-03         1.04234E+03      228.544              1.20157          447.224E-03         30.6124E-03         0.                 0.               447.432E-03        612.868E-03  
              700.003E-06         22.1551E-03         1.05009E+03      225.751              1.33692          445.088E-03         33.4977E-03         0.                 0.               445.088E-03        609.226E-03  
              733.339E-06         24.0414E-03         1.05822E+03      225.304              1.63391          444.198E-03         36.2574E-03         0.                 0.               444.198E-03        613.775E-03  
              766.669E-06         26.0625E-03         1.06681E+03      225.294              1.97783          443.514E-03         39.2092E-03         0.                 0.               443.514E-03        617.684E-03  
              800.005E-06         28.126E-03          1.07499E+03      225.614              1.6063           442.586E-03         42.2174E-03         0.                 0.               442.586E-03        619.732E-03  
              833.335E-06         30.1033E-03         1.08308E+03      226.499              1.67994          442.236E-03         45.0954E-03         0.                 0.               442.236E-03        621.299E-03  
              866.671E-06         32.024E-03          1.09077E+03      226.135              2.64973          441.895E-03         47.8887E-03         0.                 0.               441.895E-03        626.244E-03  
              900.001E-06         33.9179E-03         1.0981E+03       226.952              2.69861          441.581E-03         50.6401E-03         0.                 0.               441.581E-03        627.57E-03   
              933.337E-06         35.7591E-03         1.10469E+03      227.531              2.26034          440.93E-03          53.3118E-03         0.                 0.               440.93E-03         628.326E-03  
              966.673E-06         37.6052E-03         1.11116E+03      227.897              1.98126          440.298E-03         55.9877E-03         0.                 0.               440.298E-03        629.632E-03  
                1.00001E-03       39.4099E-03         1.11735E+03      227.986              1.85802          439.666E-03         58.5998E-03         0.                 0.               439.666E-03        631.536E-03  
                1.03333E-03       41.2089E-03         1.12356E+03      228.288              1.85584          439.211E-03         61.2006E-03         0.                 0.               439.211E-03        633.202E-03  
                1.06667E-03       42.991E-03          1.12962E+03      229.112              1.54893          438.833E-03         63.7748E-03         0.                 0.               438.833E-03        633.465E-03  
                1.1E-03           44.7381E-03         1.13537E+03      229.149              1.59325          438.336E-03         66.2964E-03         0.                 0.               438.336E-03        635.495E-03  
                1.13334E-03       46.4977E-03         1.14128E+03      230.133              1.39588          438.119E-03         68.8342E-03         0.                 0.               438.119E-03        635.574E-03  
                1.16667E-03       48.2456E-03         1.14728E+03      230.847              1.69364          438.065E-03         71.3543E-03         0.                 0.               438.065E-03        636.82E-03   
                1.2E-03           49.9826E-03         1.15319E+03      231.935              1.81059          438.083E-03         73.8585E-03         0.                 0.               438.083E-03        637.145E-03  
                1.23334E-03       51.7287E-03         1.15887E+03      232.291              2.09263          437.89E-03          76.3746E-03         0.                 0.               437.89E-03         638.851E-03  
                1.26667E-03       53.4634E-03         1.16461E+03      233.23               2.306            437.912E-03         78.873E-03          0.                 0.               437.912E-03        639.49E-03   
                1.3E-03           55.1854E-03         1.17006E+03      234.061              2.27091          437.77E-03          81.3529E-03         0.                 0.               437.77E-03         639.866E-03  
                1.33334E-03       56.9101E-03         1.17563E+03      234.935              2.50949          437.794E-03         83.8364E-03         0.                 0.               437.794E-03        640.575E-03  
                1.36667E-03       58.6333E-03         1.18105E+03      235.745              2.6514           437.749E-03         86.3173E-03         0.                 0.               437.749E-03        641.204E-03  
                1.40001E-03       60.3626E-03         1.18646E+03      236.616              2.83229          437.752E-03         88.8064E-03         0.                 0.               437.752E-03        641.778E-03  
                1.43333E-03       62.0794E-03         1.19172E+03      237.4                2.96116          437.702E-03         91.2774E-03         0.                 0.               437.702E-03        642.371E-03  
                1.46667E-03       63.797E-03          1.19696E+03      238.435              2.99224          437.709E-03         93.749E-03          0.                 0.               437.709E-03        642.407E-03  
                1.5E-03           65.5277E-03         1.20229E+03      239.475              3.20674          437.813E-03         96.2394E-03         0.                 0.               437.813E-03        642.707E-03  
                1.53334E-03       67.2039E-03         1.20751E+03      239.161              3.08631          437.152E-03         98.6503E-03         0.                 0.               437.152E-03        644.739E-03  
                1.56667E-03       68.8519E-03         1.21227E+03      239.                 3.0732           436.662E-03        101.017E-03          0.                 0.               436.662E-03        646.498E-03  
                1.6E-03           70.487E-03          1.21698E+03      239.16               2.98409          436.276E-03        103.364E-03          0.                 0.               436.276E-03        647.61E-03   
                1.63334E-03       72.1162E-03         1.22171E+03      239.436              2.96909          435.983E-03        105.7E-03            0.                 0.               435.983E-03        648.624E-03  
                1.66667E-03       73.7479E-03         1.22649E+03      239.897              3.04673          435.816E-03        108.039E-03          0.                 0.               435.816E-03        649.473E-03  
                1.7E-03           75.3813E-03         1.23135E+03      240.623              3.19432          435.795E-03        110.379E-03          0.                 0.               435.795E-03        650.007E-03  
                1.73334E-03       77.0198E-03         1.23615E+03      241.377              3.29599          435.765E-03        112.725E-03          0.                 0.               435.765E-03        650.414E-03  
                1.76667E-03       78.6622E-03         1.241E+03        242.254              3.49516          435.837E-03        115.078E-03          0.                 0.               435.837E-03        650.761E-03  
                1.80001E-03       80.3069E-03         1.24586E+03      243.438              3.62513          435.999E-03        117.434E-03          0.                 0.               435.999E-03        650.538E-03  
                1.83333E-03       81.9546E-03         1.25066E+03      244.616              3.74106          436.154E-03        119.796E-03          0.                 0.               436.154E-03        650.292E-03  
                1.86667E-03       83.6133E-03         1.25538E+03      245.893              3.72501          436.285E-03        122.173E-03          0.                 0.               436.285E-03        649.699E-03  
                1.9E-03           85.282E-03          1.26019E+03      247.268              3.83896          436.518E-03        124.567E-03          0.                 0.               436.518E-03        649.149E-03  
                1.93334E-03       86.9605E-03         1.26503E+03      248.77               3.9896           436.818E-03        126.975E-03          0.                 0.               436.818E-03        648.462E-03  
                1.96667E-03       88.654E-03          1.26988E+03      250.376              4.11027          437.143E-03        129.407E-03          0.                 0.               437.143E-03        647.581E-03  
                2.E-03            90.3492E-03         1.27464E+03      251.842              4.27569          437.439E-03        131.841E-03          0.                 0.               437.439E-03        646.954E-03  
                2.03334E-03       92.062E-03          1.27944E+03      253.423              4.44701          437.78E-03         134.304E-03          0.                 0.               437.78E-03         646.171E-03  
                2.06667E-03       93.7845E-03         1.28423E+03      255.066              4.63209          438.151E-03        136.782E-03          0.                 0.               438.151E-03        645.317E-03  
                2.1E-03           95.5191E-03         1.28901E+03      256.737              4.80936          438.529E-03        139.279E-03          0.                 0.               438.529E-03        644.407E-03  
                2.13334E-03       97.2657E-03         1.29389E+03      258.406              5.21016          439.01E-03         141.795E-03          0.                 0.               439.01E-03         643.817E-03  
                2.16667E-03       99.029E-03          1.29868E+03      260.123              5.45303          439.434E-03        144.338E-03          0.                 0.               439.434E-03        642.933E-03  
                2.2E-03          100.81E-03           1.30343E+03      262.04               5.6405           439.909E-03        146.908E-03          0.                 0.               439.909E-03        641.674E-03  
                2.23334E-03      102.616E-03          1.30824E+03      264.056              5.92236          440.465E-03        149.518E-03          0.                 0.               440.465E-03        640.407E-03  
                2.26667E-03      104.435E-03          1.31312E+03      266.102              6.25368          441.049E-03        152.149E-03          0.                 0.               441.049E-03        639.182E-03  
                2.30001E-03      106.268E-03          1.31791E+03      267.965              6.51639          441.527E-03        154.804E-03          0.                 0.               441.527E-03        638.134E-03  
                2.33333E-03      108.107E-03          1.32263E+03      269.669              6.72724          441.919E-03        157.47E-03           0.                 0.               441.919E-03        637.245E-03  
                2.36667E-03      109.956E-03          1.3273E+03       271.387              6.81384          442.254E-03        160.152E-03          0.                 0.               442.254E-03        636.177E-03  
                2.4E-03          111.826E-03          1.33174E+03      273.474              6.71857          442.657E-03        162.866E-03          0.                 0.               442.657E-03        634.284E-03  
                2.43334E-03      113.719E-03          1.33641E+03      275.468              6.96991          443.18E-03         165.616E-03          0.                 0.               443.18E-03         633.021E-03  
                2.46667E-03      115.629E-03          1.3411E+03       277.374              7.23685          443.672E-03        168.394E-03          0.                 0.               443.672E-03        631.915E-03  
                2.5E-03          117.555E-03          1.34575E+03      279.183              7.47294          444.109E-03        171.197E-03          0.                 0.               444.109E-03        630.916E-03  
                2.53334E-03      119.492E-03          1.35034E+03      280.904              7.61824          444.468E-03        174.019E-03          0.                 0.               444.468E-03        629.925E-03  
                2.56667E-03      121.454E-03          1.35495E+03      282.943              7.8531           444.992E-03        176.882E-03          0.                 0.               444.992E-03        628.586E-03  
                2.6E-03          123.441E-03          1.35954E+03      285.02               8.07766          445.524E-03        179.782E-03          0.                 0.               445.524E-03        627.181E-03  
                2.63334E-03      125.447E-03          1.3642E+03       286.997              8.42052          446.068E-03        182.715E-03          0.                 0.               446.068E-03        626.09E-03   
                2.66667E-03      127.472E-03          1.36884E+03      288.905              8.71357          446.558E-03        185.677E-03          0.                 0.               446.558E-03        625.041E-03  
                2.70001E-03      129.511E-03          1.37346E+03      290.806              8.94635          447.014E-03        188.663E-03          0.                 0.               447.014E-03        623.934E-03  
                2.73333E-03      131.571E-03          1.37802E+03      292.906              9.20596          447.562E-03        191.682E-03          0.                 0.               447.562E-03        622.556E-03  
                2.76667E-03      133.667E-03          1.38263E+03      295.105              9.50691          448.16E-03         194.759E-03          0.                 0.               448.16E-03         621.108E-03  
                2.8E-03          135.78E-03           1.38725E+03      297.242              9.8145           448.734E-03        197.863E-03          0.                 0.               448.734E-03        619.768E-03  
                2.83334E-03      137.914E-03          1.39184E+03      299.295             10.0553           449.242E-03        201.001E-03          0.                 0.               449.242E-03        618.47E-03   
                2.86667E-03      140.066E-03          1.39643E+03      301.245             10.3232           449.721E-03        204.168E-03          0.                 0.               449.721E-03        617.357E-03  
                2.9E-03          142.259E-03          1.40097E+03      303.56              10.5962           450.34E-03         207.4E-03            0.                 0.               450.34E-03         615.724E-03  
                2.93334E-03      144.481E-03          1.40561E+03      305.841             10.9624           450.981E-03        210.679E-03          0.                 0.               450.981E-03        614.28E-03   
                2.96667E-03      146.739E-03          1.4103E+03       308.14              11.2998           451.607E-03        214.015E-03          0.                 0.               451.607E-03        612.8E-03    
                3.E-03           149.011E-03          1.41494E+03      310.302             11.6146           452.171E-03        217.376E-03          0.                 0.               452.171E-03        611.486E-03  
                3.03333E-03      151.387E-03          1.41972E+03      312.714             11.9774           452.835E-03        220.894E-03          0.                 0.               452.835E-03        609.921E-03  
                3.06667E-03      153.825E-03          1.42459E+03      315.3               12.3927           453.579E-03        224.51E-03           0.                 0.               453.579E-03        608.202E-03  
                3.10001E-03      156.295E-03          1.42947E+03      317.853             12.7728           454.287E-03        228.176E-03          0.                 0.               454.287E-03        606.505E-03  
                3.13334E-03      158.792E-03          1.43435E+03      320.31              13.1574           454.957E-03        231.89E-03           0.                 0.               454.958E-03        604.96E-03   
                3.16667E-03      161.327E-03          1.43925E+03      322.881             13.6146           455.7E-03          235.666E-03          0.                 0.               455.7E-03          603.348E-03  
                3.2E-03          163.91E-03           1.4442E+03       325.704             14.0851           456.531E-03        239.52E-03           0.                 0.               456.531E-03        601.422E-03  
                3.23334E-03      166.532E-03          1.44918E+03      328.482             14.5599           457.341E-03        243.436E-03          0.                 0.               457.341E-03        599.586E-03  
                3.26667E-03      169.189E-03          1.45416E+03      331.196             14.9833           458.098E-03        247.412E-03          0.                 0.               458.098E-03        597.791E-03  
                3.3E-03          171.89E-03           1.45913E+03      334.12              15.4623           458.952E-03        251.459E-03          0.                 0.               458.952E-03        595.776E-03  
                3.33334E-03      174.639E-03          1.46418E+03      337.187             15.9906           459.871E-03        255.586E-03          0.                 0.               459.871E-03        593.649E-03  
                3.36667E-03      177.432E-03          1.46928E+03      340.28              16.5095           460.784E-03        259.789E-03          0.                 0.               460.784E-03        591.505E-03  
                3.4E-03          180.268E-03          1.47444E+03      343.322             17.084            461.696E-03        264.063E-03          0.                 0.               461.696E-03        589.518E-03  
                3.43334E-03      183.159E-03          1.47957E+03      346.655             17.6914           462.724E-03        268.427E-03          0.                 0.               462.723E-03        587.171E-03  
                3.46667E-03      186.107E-03          1.48479E+03      350.039             18.3045           463.758E-03        272.885E-03          0.                 0.               463.758E-03        584.801E-03  
                3.5E-03          189.106E-03          1.49005E+03      353.427             18.8921           464.771E-03        277.43E-03           0.                 0.               464.771E-03        582.426E-03  
                3.53333E-03      192.158E-03          1.49531E+03      356.97              19.5514           465.868E-03        282.064E-03          0.                 0.               465.868E-03        579.926E-03  
                3.56667E-03      195.273E-03          1.50064E+03      360.672             20.2329           467.018E-03        286.807E-03          0.                 0.               467.018E-03        577.27E-03   
                3.6E-03          198.449E-03          1.50609E+03      364.471             20.9456           468.199E-03        291.651E-03          0.                 0.               468.199E-03        574.565E-03  
                3.63333E-03      201.682E-03          1.51155E+03      368.355             21.718            469.43E-03         296.595E-03          0.                 0.               469.43E-03         571.828E-03  
                3.66667E-03      204.986E-03          1.51707E+03      372.429             22.5444           470.74E-03         301.66E-03           0.                 0.               470.74E-03         568.923E-03  
                3.70001E-03      208.357E-03          1.52269E+03      376.585             23.3747           472.064E-03        306.84E-03           0.                 0.               472.064E-03        565.958E-03  
                3.73334E-03      211.798E-03          1.52836E+03      380.896             24.2698           473.459E-03        312.141E-03          0.                 0.               473.459E-03        562.885E-03  
                3.76667E-03      215.317E-03          1.53409E+03      385.39              25.207            474.924E-03        317.577E-03          0.                 0.               474.924E-03        559.643E-03  
                3.8E-03          218.909E-03          1.53995E+03      389.972             26.2034           476.425E-03        323.141E-03          0.                 0.               476.425E-03        556.403E-03  
                3.83334E-03      222.577E-03          1.546E+03        394.843             27.4645           478.125E-03        328.84E-03           0.                 0.               478.125E-03        553.125E-03  
                3.86667E-03      226.327E-03          1.55184E+03      399.666             28.4284           479.676E-03        334.686E-03          0.                 0.               479.676E-03        549.562E-03  
                3.9E-03          230.158E-03          1.55786E+03      404.641             29.4824           481.295E-03        340.675E-03          0.                 0.               481.295E-03        545.96E-03   
                3.93334E-03      234.073E-03          1.56395E+03      409.967             30.7035           483.095E-03        346.817E-03          0.                 0.               483.095E-03        542.109E-03  
                3.96667E-03      238.073E-03          1.57017E+03      415.395             31.95             484.918E-03        353.114E-03          0.                 0.               484.918E-03        538.207E-03  
                4.E-03           242.16E-03           1.57645E+03      421.015             33.2548           486.817E-03        359.569E-03          0.                 0.               486.817E-03        534.148E-03  
                4.03334E-03      246.337E-03          1.58282E+03      426.835             34.6583           488.809E-03        366.191E-03          0.                 0.               488.809E-03        529.977E-03  
                4.06667E-03      250.604E-03          1.58928E+03      432.792             36.0658           490.827E-03        372.981E-03          0.                 0.               490.827E-03        525.68E-03   
                4.1E-03          254.966E-03          1.59584E+03      438.993             37.6754           493.E-03           379.951E-03          0.                 0.               493.E-03           521.316E-03  
                4.13333E-03      259.422E-03          1.6025E+03       445.365             39.2608           495.195E-03        387.097E-03          0.                 0.               495.195E-03        516.76E-03   
                4.16667E-03      263.971E-03          1.60922E+03      451.979             40.9906           497.519E-03        394.428E-03          0.                 0.               497.519E-03        512.071E-03  
                4.2E-03          268.618E-03          1.61604E+03      458.73              42.7681           499.885E-03        401.946E-03          0.                 0.               499.885E-03        507.311E-03  
                4.23333E-03      273.361E-03          1.62294E+03      465.706             44.6552           502.356E-03        409.656E-03          0.                 0.               502.356E-03        502.41E-03   
                4.26667E-03      278.204E-03          1.6299E+03       472.838             46.5816           504.874E-03        417.565E-03          0.                 0.               504.874E-03        497.392E-03  
                4.30001E-03      283.148E-03          1.63705E+03      480.27              48.7278           507.56E-03         425.675E-03          0.                 0.               507.56E-03         492.282E-03  
                4.33334E-03      288.198E-03          1.64421E+03      487.895             50.8311           510.271E-03        434.E-03             0.                 0.               510.271E-03        486.908E-03  
                4.36667E-03      293.353E-03          1.65149E+03      495.663             53.1394           513.096E-03        442.545E-03          0.                 0.               513.096E-03        481.614E-03  
                4.4E-03          298.616E-03          1.65888E+03      503.689             55.5192           516.01E-03         451.314E-03          0.                 0.               516.01E-03         476.117E-03  
                4.43334E-03      303.993E-03          1.66634E+03      511.904             58.0128           519.015E-03        460.32E-03           0.                 0.               519.015E-03        470.529E-03  
                4.46667E-03      309.485E-03          1.67396E+03      520.43              60.6226           522.138E-03        469.57E-03           0.                 0.               522.138E-03        464.739E-03  
                4.5E-03          315.096E-03          1.68162E+03      529.158             63.3478           525.358E-03        479.074E-03          0.                 0.               525.358E-03        458.835E-03  
                4.53334E-03      320.826E-03          1.6894E+03       538.012             66.1758           528.634E-03        488.839E-03          0.                 0.               528.634E-03        452.935E-03  
                4.56667E-03      326.68E-03           1.69728E+03      547.166             69.1527           532.048E-03        498.874E-03          0.                 0.               532.048E-03        446.846E-03  
                4.6E-03          332.661E-03          1.70525E+03      556.593             72.2034           535.551E-03        509.189E-03          0.                 0.               535.551E-03        440.542E-03  
                4.63333E-03      338.776E-03          1.71337E+03      566.143             75.4527           539.152E-03        519.803E-03          0.                 0.               539.152E-03        434.34E-03   
                4.66667E-03      345.076E-03          1.72164E+03      576.023             78.8584           542.895E-03        530.807E-03          0.                 0.               542.895E-03        427.939E-03  
                4.7E-03          351.857E-03          1.73049E+03      586.755             82.5786           546.96E-03         542.734E-03          0.                 0.               546.96E-03         420.993E-03  
                4.73334E-03      358.912E-03          1.73961E+03      597.844             86.5342           551.195E-03        555.233E-03          0.                 0.               551.195E-03        413.929E-03  
                4.76667E-03      366.14E-03           1.74886E+03      609.308             90.6628           555.587E-03        568.137E-03          0.                 0.               555.587E-03        406.629E-03  
                4.8E-03          373.547E-03          1.75822E+03      620.938             94.9337           560.06E-03         581.465E-03          0.                 0.               560.06E-03         399.318E-03  
                4.83334E-03      381.134E-03          1.76773E+03      632.844             99.3932           564.663E-03        595.226E-03          0.                 0.               564.663E-03        391.915E-03  
                4.86667E-03      388.911E-03          1.77743E+03      645.137            104.07             569.441E-03        609.446E-03          0.                 0.               569.441E-03        384.316E-03  
                4.9E-03          396.826E-03          1.78718E+03      657.516            108.912            574.293E-03        624.038E-03          0.                 0.               574.293E-03        376.804E-03  
                4.93333E-03      404.925E-03          1.79704E+03      670.106            113.916            579.246E-03        639.099E-03          0.                 0.               579.246E-03        369.24E-03   
                4.96667E-03      413.227E-03          1.80704E+03      683.007            119.085            584.326E-03        654.669E-03          0.                 0.               584.326E-03        361.514E-03  
                5.E-03           421.756E-03          1.81721E+03      696.166            124.46             589.537E-03        670.81E-03           0.                 0.               589.537E-03        353.738E-03  
                5.03333E-03      430.549E-03          1.82758E+03      709.614            130.079            594.897E-03        687.6E-03            0.                 0.               594.897E-03        345.921E-03  
                5.06667E-03      439.624E-03          1.83816E+03      723.43             135.924            600.423E-03        705.084E-03          0.                 0.               600.423E-03        337.949E-03  
                5.1E-03          448.961E-03          1.84892E+03      737.602            141.984            606.104E-03        723.246E-03          0.                 0.               606.104E-03        329.818E-03  
                5.13333E-03      458.523E-03          1.85979E+03      751.898            148.237            611.874E-03        742.026E-03          0.                 0.               611.874E-03        321.769E-03  
                5.16667E-03      468.308E-03          1.87077E+03      766.411            154.656            617.744E-03        761.43E-03           0.                 0.               617.744E-03        313.661E-03  
                5.2E-03          478.368E-03          1.88192E+03      781.189            161.307            623.753E-03        781.584E-03          0.                 0.               623.753E-03        305.521E-03  
                5.23333E-03      488.664E-03          1.89318E+03      796.158            168.131            629.858E-03        802.417E-03          0.                 0.               629.858E-03        297.359E-03  
                5.26667E-03      499.257E-03          1.90462E+03      811.36             175.177            636.086E-03        824.07E-03           0.                 0.               636.086E-03        289.19E-03   
                5.3E-03          510.167E-03          1.9162E+03       826.7              182.444            642.414E-03        846.603E-03          0.                 0.               642.414E-03        281.125E-03  
                5.33334E-03      521.403E-03          1.92801E+03      842.392            189.978            648.914E-03        870.057E-03          0.                 0.               648.914E-03        272.964E-03  
                5.36667E-03      532.972E-03          1.93995E+03      858.289            197.685            655.509E-03        894.469E-03          0.                 0.               655.509E-03        264.771E-03  
                5.4E-03          544.893E-03          1.95211E+03      874.511            205.663            662.267E-03        919.905E-03          0.                 0.               662.267E-03        256.521E-03  
                5.43334E-03      557.187E-03          1.96452E+03      890.977            213.929            669.174E-03        946.431E-03          0.                 0.               669.174E-03        248.333E-03  
                5.46667E-03      569.872E-03          1.97703E+03      907.638            222.334            676.156E-03        974.109E-03          0.                 0.               676.156E-03        240.09E-03   
                5.5E-03          586.509E-03          1.80438E+03      932.876            300.357            774.116E-03          1.               148.919E-03        148.919E-03        774.116E-03        174.639E-03  
                5.53333E-03        0.                 0.                 0.                 0.                 0.                 0.                 0.                 0.                 0.                 0.         
                5.56667E-03        0.                 0.                 0.                 0.                 0.                 0.                 0.                 0.                 0.                 0.         
                5.6E-03            0.                 0.                 0.                 0.                 0.                 0.                 0.                 0.               537.063E-03        nan          
                5.63333E-03        0.                 0.                 0.                 0.                 0.                 0.                 0.                 0.              -441.226E-03        nan          
                5.66667E-03        0.                 0.                 0.                 0.                 0.                 0.                 0.                 0.              -515.925E-03        nan          
                5.7E-03            0.                 0.                 0.                 0.                 0.                 0.                 0.                 0.               536.095E-03        nan          
                5.73333E-03        0.                 0.                 0.                 0.                 0.                 0.                 0.                 0.              -663.044E-03        nan          
                5.76667E-03        0.                 0.                 0.                 0.                 0.                 0.                 0.                 0.                 1.85691           18.3232E-03 
                5.8E-03            0.                 0.                 0.                 0.                 0.                 0.                 0.                 0.                 1.85362           32.5162E-03 
                5.83334E-03        0.                 0.                 0.                 0.                 0.                 0.                 0.                 0.               474.644E-03        nan          
                5.86667E-03        0.                 0.                 0.                 0.                 0.                 0.                 0.                 0.                 1.80036          102.991E-03  
                5.9E-03            0.                 0.                 0.                 0.                 0.                 0.                 0.                 0.                 0.                 0.         
                5.93333E-03        0.                 0.                 0.                 0.                 0.                 0.                 0.                 0.              -880.658E-03        nan          
                5.96667E-03        0.                 0.                 0.                 0.                 0.                 0.                 0.                 0.                 1.80116           81.0826E-03 
                6.E-03             0.                 0.                 0.                 0.                 0.                 0.                 0.                 0.              -968.41E-03         nan          
                6.03333E-03        0.                 0.                 0.                 0.                 0.                 0.                 0.                 0.                 1.79092          106.07E-03   
                6.06667E-03        0.                 0.                 0.                 0.                 0.                 0.                 0.                 0.                -1.00228          nan          
                6.1E-03            0.                 0.                 0.                 0.                 0.                 0.                 0.                 0.               379.698E-03        nan          
                6.13333E-03        0.                 0.                 0.                 0.                 0.                 0.                 0.                 0.                -1.02912          nan          
                6.16667E-03        0.                 0.                 0.                 0.                 0.                 0.                 0.                 0.                 1.42643          nan          
                6.2E-03            0.                 0.                 0.                 0.                 0.                 0.                 0.                 0.                 0.                 0.         
                6.23333E-03        0.                 0.                 0.                 0.                 0.                 0.                 0.                 0.                 1.67351          116.498E-03  
                6.26667E-03        0.                 0.                 0.                 0.                 0.                 0.                 0.                 0.                 1.64304          154.168E-03  
                6.3E-03            0.                 0.                 0.                 0.                 0.                 0.                 0.                 0.                 1.61721          187.204E-03  
                6.33333E-03        0.                 0.                 0.                 0.                 0.                 0.                 0.                 0.                 1.59925          193.158E-03  
                6.36667E-03        0.                 0.                 0.                 0.                 0.                 0.                 0.                 0.                 1.57361          195.648E-03  
                6.4E-03            0.                 0.                 0.                 0.                 0.                 0.                 0.                 0.                 1.53689          203.383E-03  
                6.43333E-03        0.                 0.                 0.                 0.                 0.                 0.                 0.                 0.                 1.51853          222.895E-03  
                6.46667E-03        0.                 0.                 0.                 0.                 0.                 0.                 0.                 0.                -1.04101          nan          
                6.5E-03            0.                 0.                 0.                 0.                 0.                 0.                 0.                 0.                 1.47717          234.521E-03  
                6.53333E-03        0.                 0.                 0.                 0.                 0.                 0.                 0.                 0.                 1.45593          242.66E-03   
                6.56667E-03        0.                 0.                 0.                 0.                 0.                 0.                 0.                 0.                 1.45166          240.259E-03  
                6.6E-03            0.                 0.                 0.                 0.                 0.                 0.                 0.                 0.                 1.42605          220.808E-03  
                6.63333E-03        0.                 0.                 0.                 0.                 0.                 0.                 0.                 0.                 1.40717          208.548E-03  
                6.66667E-03        0.                 0.                 0.                 0.                 0.                 0.                 0.                 0.                 1.38804          164.496E-03  
                6.7E-03            0.                 0.                 0.                 0.                 0.                 0.                 0.                 0.                 1.37378          150.826E-03  
                6.73333E-03        0.                 0.                 0.                 0.                 0.                 0.                 0.                 0.                 1.357            115.404E-03  
                6.76667E-03        0.                 0.                 0.                 0.                 0.                 0.                 0.                 0.                 1.34604          115.503E-03  
                6.8E-03            0.                 0.                 0.                 0.                 0.                 0.                 0.                 0.                 0.                 0.         
                6.83333E-03        0.                 0.                 0.                 0.                 0.                 0.                 0.                 0.                 1.31855           82.7087E-03 
                6.86667E-03        0.                 0.                 0.                 0.                 0.                 0.                 0.                 0.                 1.32667          106.406E-03  
                6.9E-03            0.                 0.                 0.                 0.                 0.                 0.                 0.                 0.                 1.32698           89.6354E-03 
                6.93333E-03        0.                 0.                 0.                 0.                 0.                 0.                 0.                 0.                 1.3315           122.874E-03  
                6.96667E-03        0.                 0.                 0.                 0.                 0.                 0.                 0.                 0.                -1.17069          nan          
                7.E-03             0.                 0.                 0.                 0.                 0.                 0.                 0.                 0.                 1.32365          150.378E-03  
                7.03333E-03        0.                 0.                 0.                 0.                 0.                 0.                 0.                 0.                 1.32628          154.66E-03   
                7.06667E-03        0.                 0.                 0.                 0.                 0.                 0.                 0.                 0.                 1.32409          116.111E-03  
                7.1E-03            0.                 0.                 0.                 0.                 0.                 0.                 0.                 0.                 1.31815          126.958E-03  
                7.13333E-03        0.                 0.                 0.                 0.                 0.                 0.                 0.                 0.                 1.31238          139.344E-03  
                7.16667E-03        0.                 0.                 0.                 0.                 0.                 0.                 0.                 0.                 1.30833          153.088E-03  
                7.2E-03            0.                 0.                 0.                 0.                 0.                 0.                 0.                 0.                 1.29801          117.95E-03   
                7.23333E-03        0.                 0.                 0.                 0.                 0.                 0.                 0.                 0.                 1.28974          115.825E-03  
                7.26667E-03        0.                 0.                 0.                 0.                 0.                 0.                 0.                 0.                 0.                 0.         
                7.3E-03            0.                 0.                 0.                 0.                 0.                 0.                 0.                 0.                 1.27118          134.115E-03  
                7.33333E-03        0.                 0.                 0.                 0.                 0.                 0.                 0.                 0.                 1.26016          157.043E-03  
                7.36667E-03        0.                 0.                 0.                 0.                 0.                 0.                 0.                 0.                 1.25836          177.343E-03  
                7.4E-03            0.                 0.                 0.                 0.                 0.                 0.                 0.                 0.                 1.25208          175.881E-03  
                7.43333E-03        0.                 0.                 0.                 0.                 0.                 0.                 0.                 0.                 1.24674          210.921E-03  
                7.46667E-03        0.                 0.                 0.                 0.                 0.                 0.                 0.                 0.                -1.22266          nan          
                7.5E-03            0.                 0.                 0.                 0.                 0.                 0.                 0.                 0.                 0.                 0.         
                7.53333E-03        0.                 0.                 0.                 0.                 0.                 0.                 0.                 0.                 1.20536          222.521E-03  
                7.56667E-03        0.                 0.                 0.                 0.                 0.                 0.                 0.                 0.                -1.22466          nan          
                7.6E-03            0.                 0.                 0.                 0.                 0.                 0.                 0.                 0.                -1.21638          nan          
                7.63333E-03        0.                 0.                 0.                 0.                 0.                 0.                 0.                 0.                -1.20511          nan          
                7.66667E-03        0.                 0.                 0.                 0.                 0.                 0.                 0.                 0.                 0.                 0.         
                7.7E-03            0.                 0.                 0.                 0.                 0.                 0.                 0.                 0.                 0.                 0.         
                7.73333E-03        0.                 0.                 0.                 0.                 0.                 0.                 0.                 0.                 1.18207          123.063E-03  
                7.76667E-03        0.                 0.                 0.                 0.                 0.                 0.                 0.                 0.                -1.17379          nan          
                7.8E-03            0.                 0.                 0.                 0.                 0.                 0.                 0.                 0.                 1.17911          110.847E-03  
                7.83333E-03        0.                 0.                 0.                 0.                 0.                 0.                 0.                 0.                 1.17036           95.64E-03   
                7.86667E-03        0.                 0.                 0.                 0.                 0.                 0.                 0.                 0.                 1.16227           95.27E-03   
                7.9E-03            0.                 0.                 0.                 0.                 0.                 0.                 0.                 0.                 0.                 0.         
                7.93333E-03        0.                 0.                 0.                 0.                 0.                 0.                 0.                 0.                 1.14005           67.9454E-03 
                7.96667E-03        0.                 0.                 0.                 0.                 0.                 0.                 0.                 0.                -1.11329          nan          
                8.E-03             0.                 0.                 0.                 0.                 0.                 0.                 0.                 0.                -1.11033          nan          
                8.03333E-03        0.                 0.                 0.                 0.                 0.                 0.                 0.                 0.                -1.10836          nan          
                8.06667E-03        0.                 0.                 0.                 0.                 0.                 0.                 0.                 0.                -1.10948          nan          
                8.1E-03            0.                 0.                 0.                 0.                 0.                 0.                 0.                 0.                -1.11311          nan          
                8.13333E-03        0.                 0.                 0.                 0.                 0.                 0.                 0.                 0.                -1.11536          nan          
                8.16667E-03        0.                 0.                 0.                 0.                 0.                 0.                 0.                 0.                 1.11613          100.619E-03  
                8.2E-03            0.                 0.                 0.                 0.                 0.                 0.                 0.                 0.                 1.10162           82.3083E-03 
                8.23333E-03        0.                 0.                 0.                 0.                 0.                 0.                 0.                 0.                 1.09673           66.5036E-03 
                8.26667E-03        0.                 0.                 0.                 0.                 0.                 0.                 0.                 0.                -1.1144           nan          
                8.3E-03            0.                 0.                 0.                 0.                 0.                 0.                 0.                 0.                 0.                 0.         
                8.33333E-03        0.                 0.                 0.                 0.                 0.                 0.                 0.                 0.                 0.                 0.         
                8.36667E-03        0.                 0.                 0.                 0.                 0.                 0.                 0.                 0.                -1.11439          nan          
                8.4E-03            0.                 0.                 0.                 0.                 0.                 0.                 0.                 0.                -1.1104           nan          
                8.43333E-03        0.                 0.                 0.                 0.                 0.                 0.                 0.                 0.                 1.05567           52.5903E-03 
                8.46667E-03        0.                 0.                 0.                 0.                 0.                 0.                 0.                 0.                 1.04731           55.1906E-03 
                8.5E-03            0.                 0.                 0.                 0.                 0.                 0.                 0.                 0.                -1.10476          nan          
                8.53333E-03        0.                 0.                 0.                 0.                 0.                 0.                 0.                 0.                 1.03179           25.7646E-03 
                8.56667E-03        0.                 0.                 0.                 0.                 0.                 0.                 0.                 0.                -1.10665          nan          
                8.6E-03            0.                 0.                 0.                 0.                 0.                 0.                 0.                 0.                -1.10829          nan          
                8.63333E-03        0.                 0.                 0.                 0.                 0.                 0.                 0.                 0.                 1.00956           35.1905E-03 
                8.66667E-03        0.                 0.                 0.                 0.                 0.                 0.                 0.                 0.                 0.                 0.         
                8.7E-03            0.                 0.                 0.                 0.                 0.                 0.                 0.                 0.                -1.09589          nan          
                8.73333E-03        0.                 0.                 0.                 0.                 0.                 0.                 0.                 0.                -1.07641          nan          




