
                  X                 Disp              Force      

                0.                 0.                 6.28224E-03
               33.3374E-06         8.3343E-03       853.334E-03  
               66.6668E-06        16.6657E-03         1.61641    
              100.005E-06         25.0057E-03         2.32514    
              133.337E-06         33.3395E-03         3.08034    
              166.671E-06         41.6635E-03         3.67115    
              200.002E-06         49.9966E-03         4.32248    
              233.335E-06         58.336E-03          4.86794    
              266.667E-06         66.6696E-03         5.32673    
              300.001E-06         74.9988E-03         5.78936    
              333.334E-06         83.3279E-03         6.15238    
              366.667E-06         91.6571E-03         6.55087    
              400.E-06            99.9989E-03         6.91525    
              433.333E-06        108.348E-03          7.20758    
              466.667E-06        116.698E-03          7.32136    
              500.001E-06        125.033E-03          7.44562    
              533.335E-06        133.323E-03          7.55085    
              566.67E-06         141.614E-03          7.64033    
              600.005E-06        149.905E-03          7.71843    
              633.338E-06        158.195E-03          7.79813    
              666.672E-06        166.485E-03          7.87117    
              700.006E-06        174.774E-03          7.93887    
              733.333E-06        183.062E-03          8.00044    
              766.667E-06        191.352E-03          8.05929    
              800.001E-06        199.641E-03          8.11401    
              833.335E-06        207.931E-03          8.16731    
              866.669E-06        216.221E-03          8.21742    
              900.002E-06        224.51E-03           8.26532    
              933.336E-06        232.8E-03            8.31078    
              966.67E-06         241.09E-03           8.35574    
                1.E-03           249.435E-03          8.39879    
                1.03334E-03      257.804E-03          8.44134    
                1.06667E-03      266.173E-03          8.48226    
                1.1E-03          274.543E-03          8.52148    
                1.13333E-03      282.912E-03          8.55983    
                1.16667E-03      291.282E-03          8.59647    
                1.2E-03          299.651E-03          8.63257    
                1.23333E-03      308.02E-03           8.66753    
                1.26667E-03      316.389E-03          8.70158    
                1.3E-03          324.758E-03          8.73486    
                1.33333E-03      333.127E-03          8.76756    
                1.36667E-03      341.497E-03          8.79906    
                1.4E-03          349.865E-03          8.82928    
                1.43334E-03      358.236E-03          8.86014    
                1.46667E-03      366.604E-03          8.88905    
                1.5E-03          374.973E-03          8.91788    
                1.53334E-03      383.343E-03          8.94608    
                1.56667E-03      391.712E-03          8.97345    
                1.6E-03          400.081E-03          9.00039    
                1.63334E-03      408.451E-03          9.02665    
                1.66667E-03      416.82E-03           9.0528     
                1.7E-03          425.188E-03          9.07814    
                1.73334E-03      433.559E-03          9.10307    
                1.76667E-03      441.927E-03          9.12738    
                1.80001E-03      450.298E-03          9.15143    
                1.83334E-03      458.666E-03          9.17518    
                1.86667E-03      467.035E-03          9.19822    
                1.9E-03          475.405E-03          9.22075    
                1.93334E-03      483.774E-03          9.24305    
                1.96667E-03      492.142E-03          9.26486    
                2.E-03           500.512E-03          9.28606    
                2.03334E-03      508.881E-03          9.30679    
                2.06667E-03      517.251E-03          9.32773    
                2.1E-03          525.62E-03           9.34741    
                2.13333E-03      533.989E-03          9.36739    
                2.16667E-03      542.359E-03          9.38635    
                2.2E-03          550.728E-03          9.40558    
                2.23333E-03      559.096E-03          9.42415    
                2.26667E-03      567.467E-03          9.44225    
                2.3E-03          575.835E-03          9.46029    
                2.33333E-03      584.204E-03          9.47769    
                2.36667E-03      592.574E-03          9.49484    
                2.4E-03          600.943E-03          9.51159    
                2.43334E-03      609.313E-03          9.52802    
                2.46667E-03      617.682E-03          9.54401    
                2.5E-03          626.05E-03           9.56016    
                2.53334E-03      634.42E-03           9.5756     
                2.56667E-03      642.789E-03          9.59061    
                2.6E-03          651.157E-03          9.60548    
                2.63334E-03      659.528E-03          9.6201     
                2.66667E-03      667.896E-03          9.63425    
                2.70001E-03      676.267E-03          9.64808    
                2.73334E-03      684.635E-03          9.66166    
                2.76667E-03      693.004E-03          9.6748     
                2.80001E-03      701.374E-03          9.68802    
                2.83334E-03      709.743E-03          9.70045    
                2.86667E-03      718.112E-03          9.71309    
                2.9E-03          726.482E-03          9.72483    
                2.93334E-03      734.851E-03          9.73693    
                2.96667E-03      743.219E-03          9.74786    
                3.E-03           751.59E-03           9.75914    
                3.03333E-03      759.957E-03          9.76987    
                3.06667E-03      768.329E-03          9.78006    
                3.1E-03          776.696E-03          9.79042    
                3.13333E-03      785.065E-03          9.79988    
                3.16667E-03      793.435E-03          9.80951    
                3.2E-03          801.804E-03          9.81887    
                3.23333E-03      810.173E-03          9.82799    
                3.26667E-03      818.543E-03          9.836      
                3.3E-03          826.912E-03          9.84404    
                3.33334E-03      835.282E-03          9.85163    
                3.36667E-03      843.651E-03          9.85952    
                3.4E-03          852.02E-03           9.86634    
                3.43334E-03      860.39E-03           9.87326    
                3.46667E-03      868.759E-03          9.8797     
                3.5E-03          877.128E-03          9.8857     
                3.53334E-03      885.498E-03          9.89143    
                3.56667E-03      893.867E-03          9.89678    
                3.6E-03          902.234E-03          9.90163    
                3.63334E-03      910.605E-03          9.90609    
                3.66667E-03      918.973E-03          9.91012    
                3.70001E-03      927.344E-03          9.91375    
                3.73334E-03      935.712E-03          9.91714    
                3.76667E-03      944.081E-03          9.91992    
                3.8E-03          952.451E-03          9.92219    
                3.83334E-03      960.82E-03           9.92412    
                3.86667E-03      969.188E-03          9.92545    
                3.9E-03          977.559E-03          9.92627    
                3.93334E-03      985.927E-03          9.92648    
                3.96667E-03      994.296E-03          9.92627    
                4.E-03             1.00266            9.92545    
                4.03334E-03        1.01087            9.924      
                4.06667E-03        1.01912            9.92189    
                4.1E-03            1.0274             9.91924    
                4.13333E-03        1.03571            9.91583    
                4.16667E-03        1.04395            9.91191    
                4.2E-03            1.05249            9.90718    
                4.23333E-03        1.06102            9.90175    
                4.26667E-03        1.06955            9.89561    
                4.3E-03            1.07809            9.88895    
                4.33334E-03        1.08662            9.88139    
                4.36667E-03        1.09515            9.87305    
                4.4E-03            1.10368            9.8641     
                4.43334E-03        1.11222            9.85438    
                4.46667E-03        1.12075            9.8441     
                4.5E-03            1.12929            9.83301    
                4.53333E-03        1.13761            9.82125    
                4.56667E-03        1.14579            9.80891    
                4.6E-03            1.15397            9.79591    
                4.63334E-03        1.16214            9.78254    
                4.66667E-03        1.17032            9.76837    
                4.70001E-03        1.1785             9.75361    
                4.73334E-03        1.18668            9.73802    
                4.76667E-03        1.19485            9.72192    
                4.8E-03            1.20303            9.70503    
                4.83333E-03        1.21121            9.6874     
                4.86667E-03        1.21947            9.66895    
                4.9E-03            1.228              9.64885    
                4.93334E-03        1.23654            9.62789    
                4.96667E-03        1.24507            9.60627    
                5.E-03             1.25361            9.5839     
                5.03333E-03        1.26214            9.56102    
                5.06667E-03        1.27067            9.53757    
                5.1E-03            1.2792             9.32336    
                5.13334E-03        1.28774            9.1104     
                5.16667E-03        1.29627            8.84701    
                5.2E-03            1.30471            8.84264    
                5.23333E-03        1.31291            8.71502    
                5.26667E-03        1.32118            8.59991    
                5.3E-03            1.32955            8.20082    
                5.33333E-03        1.33791            8.22977    
                5.36667E-03        1.3464             8.15516    
                5.4E-03            1.35471            8.05136    
                5.43333E-03        1.36294            7.9041     
                5.46667E-03        1.37128            7.69239    
                5.5E-03            1.37951            7.61707    
                5.53333E-03        1.3879             7.41023    
                5.56667E-03        1.39856            7.36892    
                5.6E-03            1.40899            7.22406    
                5.63333E-03        1.41928            7.10844    
                5.66667E-03        1.42962            6.97565    
                5.7E-03            1.44001            6.81609    
                5.73333E-03        1.4504             6.69974    
                5.76667E-03        1.46081            6.52213    
                5.8E-03            1.46989            6.43068    
                5.83333E-03        1.4787             6.25638    
                5.86667E-03        1.48738            6.15909    
                5.9E-03            1.49593            6.01041    
                5.93333E-03        1.50459            5.87479    
                5.96667E-03        1.51327            5.74649    
                6.E-03             1.522              5.627      
                6.03333E-03        1.53065            5.44257    
                6.06667E-03        1.5393             5.28952    
                6.1E-03            1.548              5.11486    
                6.13333E-03        1.55667            5.00946    
                6.16667E-03        1.56521            4.86405    
                6.2E-03            1.57374            4.72633    
                6.23333E-03        1.58227            4.5953     
                6.26667E-03        1.59081            4.44383    
                6.3E-03            1.59934            4.27812    
                6.33333E-03        1.60787            4.16562    
                6.36667E-03        1.61641            4.05126    
                6.4E-03            1.62494            3.9492     
                6.43333E-03        1.63322            3.86283    
                6.46667E-03        1.63973            3.75197    
                6.5E-03            1.64615            3.66534    
                6.53333E-03        1.65256            3.57817    
                6.56667E-03        1.65896            3.49822    
                6.6E-03            1.66536            3.40867    
                6.63333E-03        1.67176            3.32286    
                6.66667E-03        1.67816            3.26201    
                6.7E-03            1.68456            3.21843    
                6.73333E-03        1.69096            3.15816    
                6.76667E-03        1.69736            3.08149    
                6.8E-03            1.70869            2.98159    
                6.83333E-03        1.72138            2.85068    
                6.86667E-03        1.73415            2.79786    
                6.9E-03            1.74695            2.66267    
                6.93333E-03        1.75974            2.6251     
                6.96667E-03        1.77255            2.53931    
                7.E-03             1.78477            2.48074    
                7.03333E-03        1.79445            2.42598    
                7.06667E-03        1.80323            2.37248    
                7.1E-03            1.81183            2.32936    
                7.13333E-03        1.82041            2.29209    
                7.16667E-03        1.82895            2.25075    
                7.2E-03            1.8375             2.20866    
                7.23333E-03        1.84607            2.1854     
                7.26667E-03        1.85461            2.14757    
                7.3E-03            1.86314            2.12321    
                7.33333E-03        1.87167            2.10082    
                7.36667E-03        1.8802             2.06688    
                7.4E-03            1.88874            2.05164    
                7.43333E-03        1.89727            2.03593    
                7.46667E-03        1.90581            2.01039    
                7.5E-03            1.91434            1.99124    
                7.53333E-03        1.92287            1.97613    
                7.56667E-03        1.93141            1.9628     
                7.6E-03            1.93994            1.94882    
                7.63333E-03        1.94847            1.94427    
                7.66667E-03        1.95701            1.93736    
                7.7E-03            1.96554            1.93429    
                7.73333E-03        1.97407            1.92037    
                7.76667E-03        1.98261            1.90883    
                7.8E-03            1.99114            1.90228    
                7.8125E-03         2.92307            1.23477    




