
                             S:Max Principal P  S:Mid Principal P  S:Min Principal P                                                                                                                                     
                             I: PART-1-1 E: 26  I: PART-1-1 E: 26  I: PART-1-1 E: 26  SDV1 PI: PART-1-1  SDV16 PI: PART-1-  SDV17 PI: PART-1-  SDV18 PI: PART-1-  SDV20 PI: PART-1-  SDV22 PI: PART-1-  TRIAX PI: PART-1-
                  X               7 IP: 1            7 IP: 1            7 IP: 1          E: 267 IP: 1      1 E: 267 IP: 1     1 E: 267 IP: 1     1 E: 267 IP: 1     1 E: 267 IP: 1     1 E: 267 IP: 1     1 E: 267 IP: 1 

                0.                 0.                 0.                 0.                 0.                 0.                 0.                 0.                 0.                 0.                 0.         
               33.3374E-06       187.56               2.57407            1.49191            0.                 0.                 0.                 0.                 0.                 0.               344.287E-03  
               66.6668E-06       388.299              4.95465            3.03605            0.                 0.                 0.                 0.                 0.                 0.               343.726E-03  
              100.005E-06        522.736             25.4948             4.12897          372.234E-06        435.604E-06          0.                 0.                 0.                 0.               362.255E-03  
              133.337E-06        639.723             19.0118             4.99682            1.11002E-03        1.31355E-03        0.                 0.               352.391E-03        963.082E-03        352.391E-03  
              166.671E-06        772.596             14.8386             6.0045             1.73634E-03        2.03899E-03        0.                 0.               346.989E-03        980.836E-03        346.989E-03  
              200.002E-06        823.967             55.6609             6.332              3.04157E-03        3.58794E-03        0.                 0.               371.883E-03        897.211E-03        371.883E-03  
              233.335E-06        848.972             47.9071             6.66848            5.14668E-03        6.16784E-03        0.                 0.               366.197E-03        917.048E-03        366.197E-03  
              266.667E-06        862.545             20.7297             6.90907            7.62829E-03        9.11085E-03        0.                 0.               349.581E-03        973.076E-03        349.581E-03  
              300.001E-06        873.291              7.13134           -3.44841           10.2563E-03        12.1176E-03         0.                 0.               335.428E-03        979.934E-03        335.428E-03  
              333.334E-06        885.843              7.23671          -21.1302            13.2935E-03        15.5568E-03         0.                 0.               325.429E-03        947.466E-03        325.429E-03  
              366.667E-06        900.111              7.32673          -30.3704            16.4567E-03        19.1237E-03         0.                 0.               320.489E-03        931.642E-03        320.489E-03  
              400.E-06           919.003              7.36563          -29.2953            19.9844E-03        23.0963E-03         0.                 0.               321.356E-03        934.821E-03        321.356E-03  
              433.333E-06        944.056              7.55123          -13.4199            23.7067E-03        27.2996E-03         0.                 0.               330.174E-03        963.383E-03        330.174E-03  
              466.667E-06        970.287              7.3017             6.36398           27.6425E-03        31.7672E-03         0.                 0.               340.425E-03        998.43E-03         340.425E-03  
              500.001E-06        990.095             13.771              7.368             31.5719E-03        36.2626E-03         0.                 0.               344.118E-03        989.306E-03        344.118E-03  
              533.335E-06          1.00547E+03       13.0798             7.26898           35.542E-03         40.8163E-03         0.                 0.               343.551E-03        990.384E-03        343.551E-03  
              566.67E-06           1.01961E+03       10.6237             7.69317           39.536E-03         45.387E-03          0.                 0.               342.396E-03        995.322E-03        342.396E-03  
              600.005E-06          1.03243E+03        8.40397            6.86              43.4915E-03        49.8969E-03         0.                 0.               340.78E-03         997.533E-03        340.78E-03   
              633.338E-06          1.04562E+03        8.39668            6.06323           47.452E-03         54.4061E-03         0.                 0.               340.295E-03        996.329E-03        340.295E-03  
              666.672E-06          1.05815E+03        9.05765            4.43034           51.3894E-03        58.8892E-03         0.                 0.               339.745E-03        993.094E-03        339.745E-03  
              700.006E-06          1.06943E+03        8.77397            2.77672           55.2446E-03        63.2775E-03         0.                 0.               338.759E-03        990.667E-03        338.759E-03  
              733.333E-06          1.08039E+03        8.88754            1.21678           59.0592E-03        67.6171E-03         0.                 0.               338.025E-03        988.253E-03        338.025E-03  
              766.667E-06          1.09092E+03        9.61503           -1.46308           62.9409E-03        72.0318E-03         0.                 0.               337.07E-03         983.107E-03        337.071E-03  
              800.001E-06          1.1016E+03         9.60095           -2.47897           66.8523E-03        76.4791E-03         0.                 0.               336.561E-03        981.906E-03        336.561E-03  
              833.335E-06          1.1113E+03         9.54999           -4.41002           70.6951E-03        80.8467E-03         0.                 0.               335.631E-03        979.163E-03        335.631E-03  
              866.669E-06          1.12071E+03        8.89991           -5.18259           74.4643E-03        85.127E-03          0.                 0.               334.975E-03        979.149E-03        334.975E-03  
              900.002E-06          1.12946E+03        8.31292           -6.58626           78.1938E-03        89.359E-03          0.                 0.               334.077E-03        978.214E-03        334.077E-03  
              933.336E-06          1.13771E+03        7.64916           -8.33595           81.92E-03          93.586E-03          0.                 0.               333.007E-03        976.777E-03        333.007E-03  
              966.67E-06           1.14718E+03        9.5069            -9.60928           85.6283E-03        97.7887E-03         0.                 0.               333.254E-03        972.549E-03        333.254E-03  
                1.E-03             1.15585E+03        9.24832           -9.84272           89.3507E-03       102.01E-03           0.                 0.               333.042E-03        972.745E-03        333.042E-03  
                1.03334E-03        1.16425E+03        8.26955           -9.29471           93.0613E-03       106.216E-03          0.                 0.               332.865E-03        975.077E-03        332.865E-03  
                1.06667E-03        1.17224E+03        8.69768          -10.5617            96.7599E-03       110.406E-03          0.                 0.               332.505E-03        972.814E-03        332.505E-03  
                1.1E-03            1.1806E+03         8.60801           -9.89804          100.439E-03        114.576E-03          0.                 0.               332.757E-03        974.111E-03        332.757E-03  
                1.13333E-03        1.18812E+03        9.42636          -11.0253           104.058E-03        118.68E-03           0.                 0.               332.624E-03        971.5E-03          332.624E-03  
                1.16667E-03        1.19584E+03        8.911            -10.2114           107.663E-03        122.765E-03          0.                 0.               332.758E-03        973.568E-03        332.758E-03  
                1.2E-03            1.20295E+03        8.54807           -9.93188          111.238E-03        126.817E-03          0.                 0.               333.055E-03        973.957E-03        332.729E-03  
                1.23333E-03        1.21002E+03        8.42877          -10.0747           114.795E-03        130.848E-03          0.                 0.               332.625E-03        974.713E-03        332.625E-03  
                1.26667E-03        1.21739E+03        9.78323          -10.8703           118.377E-03        134.91E-03           0.                 0.               332.851E-03        971.976E-03        332.851E-03  
                1.3E-03            1.22473E+03       10.1045           -10.014            121.943E-03        138.954E-03          0.                 0.               333.337E-03        972.961E-03        333.337E-03  
                1.33333E-03        1.23167E+03        9.48767           -8.56511          125.514E-03        143.005E-03          0.                 0.               333.681E-03        975.857E-03        333.681E-03  
                1.36667E-03        1.23749E+03        9.31952           -9.87389          129.066E-03        147.032E-03          0.                 0.               333.079E-03        974.378E-03        333.079E-03  
                1.4E-03            1.24454E+03        8.89509           -7.61327          132.603E-03        151.044E-03          0.                 0.               333.265E-03        980.35E-03         333.827E-03  
                1.43334E-03        1.25072E+03        8.61942           -7.10231          136.135E-03        155.048E-03          0.                 0.               333.92E-03         979.302E-03        333.92E-03   
                1.46667E-03        1.25634E+03        8.11777           -7.50093          139.663E-03        159.047E-03          0.                 0.               333.56E-03         979.548E-03        333.56E-03   
                1.5E-03            1.26125E+03        7.35021           -8.32552          143.177E-03        163.029E-03          0.                 0.               332.928E-03        979.383E-03        332.928E-03  
                1.53334E-03        1.26743E+03        8.51587           -8.16021          146.677E-03        166.993E-03          0.                 0.               332.396E-03        981.057E-03        333.452E-03  
                1.56667E-03        1.27324E+03        8.13981           -7.67448          150.186E-03        170.965E-03          0.                 0.               333.497E-03        979.644E-03        333.497E-03  
                1.6E-03            1.27769E+03        6.53129           -7.72984          153.704E-03        174.948E-03          0.                 0.               332.849E-03        981.557E-03        332.849E-03  
                1.63334E-03        1.28327E+03        8.16694           -8.86847          157.192E-03        178.896E-03          0.                 0.               333.038E-03        977.943E-03        333.038E-03  
                1.66667E-03        1.28772E+03       11.1661           -13.4492           160.67E-03         182.836E-03          0.                 0.               332.174E-03        978.207E-03        332.402E-03  
                1.7E-03            1.29246E+03        9.84995          -12.2164           164.153E-03        186.782E-03          0.                 0.               331.9E-03          973.477E-03        332.382E-03  
                1.73334E-03        1.29712E+03       10.6139           -14.0171           167.64E-03         190.732E-03          0.                 0.               331.587E-03        973.877E-03        331.978E-03  
                1.76667E-03        1.30147E+03       10.286            -14.725            171.136E-03        194.689E-03          0.                 0.               331.585E-03        968.599E-03        331.585E-03  
                1.80001E-03        1.30628E+03        7.40182          -11.3156           174.623E-03        198.635E-03          0.                 0.               331.812E-03        976.349E-03        331.812E-03  
                1.83334E-03        1.30941E+03        6.93882          -13.6795           178.107E-03        202.577E-03          0.                 0.               332.977E-03        973.835E-03        330.735E-03  
                1.86667E-03        1.31476E+03        6.79287          -12.0743           181.603E-03        206.53E-03           0.                 0.               331.303E-03        975.92E-03         331.303E-03  
                1.9E-03            1.31957E+03        9.28885          -13.9135           185.128E-03        210.517E-03          0.                 0.               331.546E-03        970.782E-03        331.546E-03  
                1.93334E-03        1.32552E+03        9.83186          -11.4211           188.694E-03        214.554E-03          0.                 0.               332.702E-03        973.317E-03        332.702E-03  
                1.96667E-03        1.32909E+03        9.0299           -12.0172           192.245E-03        218.574E-03          0.                 0.               332.18E-03         973.554E-03        332.18E-03   
                2.E-03             1.33288E+03        6.24999           -9.91017          195.816E-03        222.611E-03          0.                 0.               331.944E-03        979.715E-03        331.944E-03  
                2.03334E-03        1.33606E+03        4.36738           -9.9884           199.384E-03        226.642E-03          0.                 0.               332.303E-03        978.404E-03        331.22E-03   
                2.06667E-03        1.33995E+03        7.05164          -13.0738           202.948E-03        230.668E-03          0.                 0.               331.063E-03        974.978E-03        331.063E-03  
                2.1E-03            1.34483E+03        9.52473          -13.7835           206.526E-03        234.713E-03          0.                 0.               331.715E-03        971.34E-03         331.715E-03  
                2.13333E-03        1.34938E+03        8.84389          -11.8891           210.124E-03        238.783E-03          0.                 0.               332.177E-03        974.503E-03        332.177E-03  
                2.16667E-03        1.35215E+03        9.40733          -14.5045           213.728E-03        242.86E-03           0.                 0.               331.413E-03        970.678E-03        331.413E-03  
                2.2E-03            1.35559E+03        7.87315          -13.5695           217.341E-03        246.946E-03          0.                 0.               331.206E-03        973.733E-03        331.206E-03  
                2.23333E-03        1.35957E+03        7.37203          -12.4895           220.96E-03         251.039E-03          0.                 0.               331.428E-03        975.097E-03        331.428E-03  
                2.26667E-03        1.36258E+03        7.35576          -13.6118           224.586E-03        255.141E-03          0.                 0.               331.014E-03        973.891E-03        331.014E-03  
                2.3E-03            1.36515E+03        8.17379          -16.5337           228.228E-03        259.26E-03           0.                 0.               330.24E-03         970.055E-03        330.24E-03   
                2.33333E-03        1.36783E+03        7.64766          -17.6499           231.899E-03        263.409E-03          0.                 0.               329.648E-03        969.42E-03         329.648E-03  
                2.36667E-03        1.37121E+03        6.13627          -16.1121           235.582E-03        267.569E-03          0.                 0.               329.677E-03        973.295E-03        329.677E-03  
                2.4E-03            1.37424E+03        8.06399          -18.9263           239.282E-03        271.748E-03          0.                 0.               329.35E-03         967.676E-03        329.349E-03  
                2.43334E-03        1.3779E+03         7.17018          -17.2353           242.998E-03        275.944E-03          0.                 0.               329.656E-03        970.799E-03        329.656E-03  
                2.46667E-03        1.38035E+03        6.12241          -17.8286           246.754E-03        280.184E-03          0.                 0.               329.074E-03        971.429E-03        329.074E-03  
                2.5E-03            1.38409E+03        6.75913          -17.55             250.542E-03        284.459E-03          0.                 0.               329.412E-03        970.966E-03        329.412E-03  
                2.53334E-03        1.38715E+03        7.54359          -18.5228           254.36E-03         288.77E-03           0.                 0.               329.348E-03        969.079E-03        329.348E-03  
                2.56667E-03        1.39037E+03        7.15889          -17.9968           258.203E-03        293.107E-03          0.                 0.               329.411E-03        970.154E-03        329.411E-03  
                2.6E-03            1.39258E+03        7.27823          -19.8941           262.069E-03        297.47E-03           0.                 0.               328.778E-03        967.717E-03        328.778E-03  
                2.63334E-03        1.39548E+03        7.36852          -20.255            265.962E-03        301.864E-03          0.                 0.               328.689E-03        967.084E-03        328.689E-03  
                2.66667E-03        1.39783E+03        6.58834          -20.8645           269.892E-03        306.3E-03            0.                 0.               328.206E-03        967.398E-03        328.206E-03  
                2.70001E-03        1.40044E+03        6.17303          -21.0415           273.849E-03        310.761E-03          0.                 0.               328.007E-03        967.82E-03         328.007E-03  
                2.73334E-03        1.40335E+03        6.41587          -21.3045           277.83E-03         315.248E-03          0.                 0.               328.009E-03        967.349E-03        328.009E-03  
                2.76667E-03        1.40637E+03        7.56769          -22.1786           281.842E-03        319.774E-03          0.                 0.               328.111E-03        965.097E-03        328.111E-03  
                2.80001E-03        1.40914E+03        7.78659          -22.4685           285.89E-03         324.343E-03          0.                 0.               328.095E-03        964.58E-03         328.095E-03  
                2.83334E-03        1.41202E+03        7.9766           -22.5627           289.974E-03        328.952E-03          0.                 0.               328.138E-03        964.405E-03        328.138E-03  
                2.86667E-03        1.41437E+03        7.68004          -22.9829           294.1E-03          333.607E-03          0.                 0.               327.895E-03        964.315E-03        327.895E-03  
                2.9E-03            1.41706E+03        7.95661          -23.3137           298.25E-03         338.288E-03          0.                 0.               327.885E-03        963.682E-03        327.885E-03  
                2.93334E-03        1.41964E+03        8.51349          -24.042            302.45E-03         343.029E-03          0.                 0.               327.83E-03         962.294E-03        327.83E-03   
                2.96667E-03        1.42138E+03        7.99388          -25.2903           306.687E-03        347.811E-03          0.                 0.               327.219E-03        961.46E-03         327.219E-03  
                3.E-03             1.42364E+03        7.95826          -25.9751           310.96E-03         352.633E-03          0.                 0.               326.977E-03        960.811E-03        326.977E-03  
                3.03333E-03        1.42593E+03        8.03356          -26.5173           315.277E-03        357.503E-03          0.                 0.               326.823E-03        960.157E-03        326.823E-03  
                3.06667E-03        1.42814E+03        8.034            -27.2208           319.637E-03        362.422E-03          0.                 0.               326.587E-03        959.454E-03        326.587E-03  
                3.1E-03            1.43037E+03        8.20636          -27.8426           324.049E-03        367.397E-03          0.                 0.               326.439E-03        958.634E-03        326.439E-03  
                3.13333E-03        1.43267E+03        8.50171          -28.4946           328.512E-03        372.43E-03           0.                 0.               326.324E-03        957.612E-03        326.324E-03  
                3.16667E-03        1.43417E+03        8.14994          -29.9682           333.024E-03        377.516E-03          0.                 0.               325.699E-03        956.368E-03        325.699E-03  
                3.2E-03            1.43639E+03        8.76536          -30.9225           337.584E-03        382.656E-03          0.                 0.               325.588E-03        954.593E-03        325.588E-03  
                3.23333E-03        1.43843E+03        8.75463          -31.5582           342.204E-03        387.864E-03          0.                 0.               325.375E-03        953.952E-03        325.375E-03  
                3.26667E-03        1.44018E+03        8.92765          -32.8952           346.903E-03        393.161E-03          0.                 0.               324.98E-03         952.34E-03         324.98E-03   
                3.3E-03            1.44207E+03        9.2062           -34.0097           351.638E-03        398.498E-03          0.                 0.               324.699E-03        950.834E-03        324.699E-03  
                3.33334E-03        1.44361E+03        9.03419          -35.2887           356.445E-03        403.915E-03          0.                 0.               324.209E-03        949.686E-03        324.209E-03  
                3.36667E-03        1.44531E+03        8.98607          -36.3763           361.322E-03        409.408E-03          0.                 0.               323.829E-03        948.519E-03        323.829E-03  
                3.4E-03            1.4472E+03         8.50527          -36.5518           366.285E-03        414.998E-03          0.                 0.               323.621E-03        948.963E-03        323.621E-03  
                3.43334E-03        1.44907E+03        8.69867          -37.4482           371.324E-03        420.671E-03          0.                 0.               323.39E-03         947.756E-03        323.39E-03   
                3.46667E-03        1.44985E+03        8.62903          -40.0976           376.408E-03        426.396E-03          0.                 0.               322.464E-03        944.953E-03        322.464E-03  
                3.5E-03            1.45155E+03        8.77305          -41.1676           381.597E-03        432.233E-03          0.                 0.               322.158E-03        943.655E-03        322.158E-03  
                3.53334E-03        1.45337E+03        8.70502          -41.7134           386.869E-03        438.166E-03          0.                 0.               321.963E-03        943.183E-03        321.963E-03  
                3.56667E-03        1.45497E+03        8.6311           -42.6533           392.228E-03        444.194E-03          0.                 0.               321.63E-03         942.252E-03        321.63E-03   
                3.6E-03            1.45641E+03        8.64412          -43.9438           397.683E-03        450.328E-03          0.                 0.               321.206E-03        940.913E-03        321.206E-03  
                3.63334E-03        1.45778E+03        9.03003          -45.671            403.234E-03        456.571E-03          0.                 0.               320.757E-03        938.638E-03        320.757E-03  
                3.66667E-03        1.45919E+03        9.21661          -47.1382           408.898E-03        462.939E-03          0.                 0.               320.331E-03        936.854E-03        320.331E-03  
                3.70001E-03        1.46055E+03        8.99774          -48.2118           414.657E-03        469.414E-03          0.                 0.               319.908E-03        935.998E-03        319.908E-03  
                3.73334E-03        1.46191E+03        8.89998          -49.4296           420.558E-03        476.045E-03          0.                 0.               319.476E-03        934.82E-03         319.476E-03  
                3.76667E-03        1.46296E+03        8.97932          -51.3386           426.558E-03        482.788E-03          0.                 0.               318.865E-03        932.781E-03        318.865E-03  
                3.8E-03            1.46344E+03        8.51729          -53.802            432.666E-03        489.645E-03          0.                 0.               317.887E-03        930.649E-03        317.887E-03  
                3.83334E-03        1.46441E+03        8.35795          -55.5706           438.902E-03        496.642E-03          0.                 0.               317.25E-03         928.977E-03        317.25E-03   
                3.86667E-03        1.46534E+03        8.41275          -57.5553           445.272E-03        503.785E-03          0.                 0.               316.609E-03        926.781E-03        316.609E-03  
                3.9E-03            1.46654E+03        8.48339          -59.0188           451.772E-03        511.074E-03          0.                 0.               316.153E-03        925.197E-03        316.153E-03  
                3.93334E-03        1.46871E+03        8.71367          -58.7068           458.429E-03        518.541E-03          0.                 0.               316.357E-03        925.352E-03        316.357E-03  
                3.96667E-03        1.46983E+03        9.0393           -60.475            465.22E-03         526.152E-03          0.                 0.               315.881E-03        923.132E-03        315.881E-03  
                4.E-03             1.4708E+03         9.31372          -62.4445           472.141E-03        533.912E-03          0.                 0.               315.32E-03         920.76E-03         315.32E-03   
                4.03334E-03        1.47177E+03        9.53608          -64.3213           479.194E-03        541.818E-03          0.                 0.               314.775E-03        918.54E-03         314.775E-03  
                4.06667E-03        1.47268E+03        9.50995          -66.0014           486.38E-03         549.871E-03          0.                 0.               314.216E-03        916.809E-03        314.216E-03  
                4.1E-03            1.47352E+03        9.58772          -67.8865           493.689E-03        558.058E-03          0.                 0.               313.622E-03        914.724E-03        313.622E-03  
                4.13333E-03        1.47457E+03        9.48233          -69.1233           501.104E-03        566.362E-03          0.                 0.               313.191E-03        913.561E-03        313.191E-03  
                4.16667E-03        1.47467E+03        9.51019          -72.1645           508.446E-03        574.579E-03          0.                 0.               312.188E-03        910.37E-03         312.188E-03  
                4.2E-03            1.4758E+03        10.8619           -74.4663           516.131E-03        583.183E-03          0.                 0.               311.864E-03        906.388E-03        311.864E-03  
                4.23333E-03        1.47678E+03       10.7139           -75.6417           523.943E-03        591.931E-03          0.                 0.               311.441E-03        905.376E-03        311.441E-03  
                4.26667E-03        1.47785E+03       10.8837           -76.8772           531.855E-03        600.783E-03          0.                 0.               311.1E-03          903.935E-03        311.1E-03    
                4.3E-03            1.47906E+03       11.416            -78.104            539.869E-03        609.756E-03          0.                 0.               310.878E-03        902.13E-03         310.878E-03  
                4.33334E-03        1.47975E+03       11.3422           -79.7001           548.007E-03        618.865E-03          0.                 0.               310.336E-03        900.58E-03         310.336E-03  
                4.36667E-03        1.48077E+03       11.7551           -81.0574           556.269E-03        628.108E-03          0.                 0.               310.032E-03        898.746E-03        310.032E-03  
                4.4E-03            1.48172E+03       11.4463           -81.844            564.644E-03        637.476E-03          0.                 0.               309.69E-03         898.317E-03        309.69E-03   
                4.43334E-03        1.48346E+03       12.978            -82.7249           573.127E-03        646.97E-03           0.                 0.               309.904E-03        895.804E-03        309.904E-03  
                4.46667E-03        1.48459E+03       13.3504           -83.6508           581.689E-03        656.558E-03          0.                 0.               309.731E-03        894.467E-03        309.732E-03  
                4.5E-03            1.48554E+03       13.0555           -84.2809           590.354E-03        666.259E-03          0.                 0.               309.447E-03        894.173E-03        309.447E-03  
                4.53333E-03        1.48645E+03       12.8684           -84.9878           599.042E-03        675.979E-03          0.                 0.               309.17E-03         893.703E-03        309.17E-03   
                4.56667E-03        1.48753E+03       12.1934           -84.85             607.731E-03        685.706E-03          0.                 0.               309.024E-03        894.622E-03        309.024E-03  
                4.6E-03            1.48828E+03       12.1641           -85.8629           616.513E-03        695.53E-03           0.                 0.               308.694E-03        893.655E-03        308.694E-03  
                4.63334E-03        1.49003E+03       12.8521           -85.5659           625.309E-03        705.369E-03          0.                 0.               309.033E-03        893.349E-03        309.033E-03  
                4.66667E-03        1.49128E+03       13.2624           -85.8886           634.126E-03        715.234E-03          0.                 0.               309.074E-03        892.633E-03        309.074E-03  
                4.70001E-03        1.49298E+03       14.3676           -85.9505           643.055E-03        725.234E-03          0.                 0.               309.422E-03        891.463E-03        309.422E-03  
                4.73334E-03        1.49425E+03       14.5155           -85.9057           652.085E-03        735.352E-03          0.                 0.               309.503E-03        891.424E-03        309.503E-03  
                4.76667E-03        1.49556E+03       15.2403           -86.2846           661.208E-03        745.578E-03          0.                 0.               309.622E-03        890.326E-03        309.622E-03  
                4.8E-03            1.49688E+03       15.5015           -86.1646           670.445E-03        755.93E-03           0.                 0.               309.763E-03        890.278E-03        309.763E-03  
                4.83333E-03        1.49814E+03       16.5614           -86.8514           679.784E-03        766.401E-03          0.                 0.               309.884E-03        888.472E-03        309.884E-03  
                4.86667E-03        1.4993E+03        17.0791           -87.2036           689.343E-03        777.128E-03          0.                 0.               309.946E-03        887.623E-03        309.946E-03  
                4.9E-03            1.50079E+03       17.3737           -86.8187           699.515E-03        788.542E-03          0.                 0.               310.185E-03        887.796E-03        310.185E-03  
                4.93334E-03        1.50164E+03       16.7796           -86.8006           709.741E-03        800.013E-03          0.                 0.               310.022E-03        888.52E-03         310.022E-03  
                4.96667E-03        1.50299E+03       17.2185           -86.7026           720.063E-03        811.596E-03          0.                 0.               310.209E-03        888.245E-03        310.209E-03  
                5.E-03             1.50508E+03       17.8331           -85.3274           730.475E-03        823.288E-03          0.                 0.               310.879E-03        889.172E-03        310.879E-03  
                5.03333E-03        1.507E+03         17.7418           -83.5857           740.881E-03        834.973E-03          0.                 0.               311.449E-03        891.18E-03         311.449E-03  
                5.06667E-03        1.50767E+03       17.9208           -84.4118           751.341E-03        846.728E-03          0.                 0.               311.244E-03        890.195E-03        311.244E-03  
                5.1E-03            1.47945E+03       16.961           -108.823            763.212E-03        859.6E-03            0.                 0.               359.491E-03        724.223E-03        302.452E-03  
                5.13334E-03        1.70925E+03      370.918             22.2393           790.64E-03         891.484E-03          0.                 0.               454.324E-03        622.902E-03        454.324E-03  
                5.16667E-03        1.80397E+03      753.742             86.1394           826.619E-03        nan                  0.                 0.                 0.                 0.               587.548E-03  
                5.2E-03            1.87083E+03      858.882            101.555            860.066E-03        nan                  0.                 0.               341.943E-03        926.584E-03        613.818E-03  
                5.23333E-03        1.90159E+03      974.385            105.226            890.254E-03        nan                  0.                 0.               646.798E-03         74.3471E-03       638.66E-03   
                5.26667E-03        1.89406E+03        1.03259E+03       97.2073           924.077E-03        nan                  0.                 0.               681.331E-03        149.236E-03        647.553E-03  
                5.3E-03            1.65067E+03      464.965            -90.9582           973.205E-03        nan                  0.                 0.               352.351E-03        583.943E-03        438.01E-03   
                5.33333E-03        1.82371E+03      971.973             14.2691             1.00093          nan                  0.                 0.               597.385E-03        nan                597.385E-03  
                5.36667E-03        1.76802E+03        1.00204E+03      -45.8067             1.03428          nan                  0.                 0.               575.782E-03        nan                575.782E-03  
                5.4E-03            1.73469E+03      983.78             -82.5367             1.06379          nan                  0.                 0.               555.526E-03        nan                555.526E-03  
                5.43333E-03        1.72855E+03      963.344            -92.5996             1.09456          nan                  0.                 0.               547.042E-03        nan                547.042E-03  
                5.46667E-03        1.71248E+03      925.717           -105.764              1.12481          nan                  0.                 0.               568.597E-03        nan                534.474E-03  
                5.5E-03            1.62232E+03      846.677           -196.601              1.15067          nan                  0.                 0.               523.713E-03         52.8436E-03       479.134E-03  
                5.53333E-03        1.53361E+03      782.572           -263.125              1.17564          nan                  0.                 0.                 0.                 0.               437.852E-03  
                5.56667E-03        1.47817E+03      683.727           -344.548              1.20815          nan                  0.                 0.              -367.982E-03         77.5532E-03       382.718E-03  
                5.6E-03            1.48261E+03      647.818           -351.779              1.2358           nan                  0.                 0.               372.703E-03        nan                372.703E-03  
                5.63333E-03        1.45567E+03      634.417           -381.294              1.26216          nan                  0.                 0.               357.378E-03        nan                357.378E-03  
                5.66667E-03        1.43095E+03      577.198           -408.258              1.2863           nan                  0.                 0.               455.887E-03        nan                334.531E-03  
                5.7E-03            1.36529E+03      523.957           -475.889              1.30947          nan                  0.                 0.               295.099E-03        nan                295.099E-03  
                5.73333E-03        1.35989E+03      487.494           -482.94               1.33036          nan                  0.                 0.               284.848E-03        nan                284.848E-03  
                5.76667E-03        1.34727E+03      468.383           -497.694              1.35064          nan                  0.                 0.               274.853E-03        nan                274.853E-03  
                5.8E-03            1.30021E+03      400.883           -543.681              1.3692           nan                  0.                 0.               416.265E-03        127.256E-06        241.578E-03  
                5.83333E-03        1.29817E+03      342.396           -544.787              1.38615          nan                  0.                 0.               228.8E-03           31.5483E-03       228.8E-03    
                5.86667E-03        1.25714E+03      303.844           -586.998              1.40187          nan                  0.                 0.               203.247E-03         37.4119E-03       203.247E-03  
                5.9E-03            1.27785E+03      283.895           -565.074              1.41735          nan                  0.                 0.               207.943E-03         66.5389E-03       207.943E-03  
                5.93333E-03        1.22603E+03      235.083           -616.888              1.43131          nan                  0.                 0.               176.152E-03         73.4856E-03       176.152E-03  
                5.96667E-03        1.23014E+03      212.691           -610.673              1.44437          nan                  0.                 0.               173.677E-03        103.475E-03        173.677E-03  
                6.E-03             1.21918E+03      193.339           -618.417              1.45559          nan                  0.                 0.               368.761E-03         86.4857E-03       165.956E-03  
                6.03333E-03        1.22365E+03      175.042           -615.205              1.46756          nan                  0.                 0.               342.678E-03        124.495E-03        163.459E-03  
                6.06667E-03        1.21563E+03      178.115           -626.357              1.47852          nan                  0.                 0.               338.617E-03        100.573E-03        159.927E-03  
                6.1E-03            1.22585E+03      163.877           -613.737              1.48757          nan                  0.                 0.               161.719E-03        163.387E-03        161.719E-03  
                6.13333E-03        1.21494E+03      137.275           -624.06               1.49583          nan                  0.                 0.               151.655E-03        178.101E-03        151.655E-03  
                6.16667E-03        1.2011E+03       109.351           -634.353              1.50435          nan                  0.                 0.               331.869E-03        190.643E-03        140.938E-03  
                6.2E-03            1.20006E+03      108.076           -625.573              1.51228          nan                  0.                 0.               417.844E-03         28.9372E-03       142.991E-03  
                6.23333E-03        1.20912E+03      115.112           -625.181              1.51914          nan                  0.                 0.               339.737E-03         90.9876E-03       145.785E-03  
                6.26667E-03        1.23061E+03      140.206           -609.939              1.5258           nan                  0.                 0.               158.218E-03        201.769E-03        158.218E-03  
                6.3E-03            1.23297E+03      149.634           -597.834              1.53153          nan                  0.                 0.               443.941E-03          3.50517E-03      164.069E-03  
                6.33333E-03        1.25838E+03      170.902           -585.629              1.53695          nan                  0.                 0.               175.159E-03        198.184E-03        175.159E-03  
                6.36667E-03        1.28551E+03      199.045           -560.675              1.54244          nan                  0.                 0.               191.616E-03        194.993E-03        191.616E-03  
                6.4E-03            1.29789E+03      208.728           -544.901              1.54723          nan                  0.                 0.               703.121E-03        500.958E-03        199.771E-03  
                6.43333E-03        1.33056E+03      232.348           -517.603              1.55178          nan                  0.                 0.               216.419E-03        205.124E-03        216.419E-03  
                6.46667E-03        1.35252E+03      250.55            -495.156              1.55646          nan                  0.                 0.               229.379E-03        204.787E-03        229.379E-03  
                6.5E-03            1.33673E+03      241.566           -510.381              1.56113          nan                  0.                 0.               221.262E-03        194.961E-03        221.262E-03  
                6.53333E-03        1.37403E+03      249.463           -469.183              1.56532          nan                  0.                 0.               239.119E-03        223.112E-03        239.119E-03  
                6.56667E-03        1.39582E+03      263.462           -446.523              1.56936          nan                  0.                 0.               251.177E-03        231.275E-03        251.177E-03  
                6.6E-03            1.39922E+03      271.436           -444.48               1.5732           nan                  0.                 0.               365.858E-03         52.6494E-03       253.88E-03   
                6.63333E-03        1.41199E+03      287.338           -432.85               1.57668          nan                  0.                 0.               383.998E-03        317.918E-03        262.142E-03  
                6.66667E-03        1.4128E+03       298.081           -434.246              1.58             nan                  0.                 0.               264.154E-03        210.611E-03        264.154E-03  
                6.7E-03            1.42505E+03      316.112           -424.273              1.583            nan                  0.                 0.               272.288E-03        206.497E-03        272.288E-03  
                6.73333E-03        1.43056E+03      327.239           -418.645              1.58549          nan                  0.                 0.               334.791E-03        nan                277.017E-03  
                6.76667E-03        1.43854E+03      321.905           -410.522              1.58802          nan                  0.                 0.               278.999E-03        221.891E-03        278.999E-03  
                6.8E-03            1.45382E+03      358.325           -399.074              1.59254          nan                  0.                 0.               291.921E-03        202.357E-03        291.921E-03  
                6.83333E-03        1.48072E+03      387.746           -374.166              1.59611          nan                  0.                 0.               370.387E-03         34.3704E-03       308.443E-03  
                6.86667E-03        1.49726E+03      411.644           -351.856              1.60036          nan                  0.                 0.               342.604E-03        562.823E-03        322.478E-03  
                6.9E-03            1.51151E+03      424.553           -344.177              1.60445          nan                  0.                 0.               836.649E-03        517.496E-03        328.577E-03  
                6.93333E-03        1.52454E+03      437.016           -333.63               1.60851          nan                  0.                 0.               420.072E-03        328.484E-03        335.585E-03  
                6.96667E-03        1.537E+03        458.725           -324.794              1.61263          nan                  0.                 0.               329.009E-03        301.32E-03         344.008E-03  
                7.E-03             1.54087E+03      467.028           -324.417              1.61665          nan                  0.                 0.               346.065E-03        170.831E-03        346.065E-03  
                7.03333E-03        1.54982E+03      484.771           -317.242              1.62052          nan                  0.                 0.               441.239E-03        350.891E-03        352.871E-03  
                7.06667E-03        1.54489E+03      471.006           -321.812              1.62405          nan                  0.                 0.               680.595E-03        603.724E-03        347.995E-03  
                7.1E-03            1.54469E+03      500.274           -329.876              1.62704          nan                  0.                 0.               976.179E-03        nan                351.39E-03   
                7.13333E-03        1.55314E+03      526.183           -326.887              1.63026          nan                  0.                 0.               358.268E-03        103.213E-03        358.268E-03  
                7.16667E-03        1.56815E+03      550.734           -312.93               1.6338           nan                  0.                 0.               396.573E-03        289.072E-03        369.117E-03  
                7.2E-03            1.57527E+03      570.477           -308.42               1.63706          nan                  0.                 0.               375.147E-03         78.1775E-03       375.147E-03  
                7.23333E-03        1.58369E+03      577.865           -301.218              1.64022          nan                  0.                 0.               296.608E-03        457.65E-03         379.597E-03  
                7.26667E-03        1.59253E+03      588.858           -294.031              1.64326          nan                  0.                 0.               490.655E-03        198.08E-03         384.8E-03    
                7.3E-03            1.59992E+03      601.187           -288.746              1.64627          nan                  0.                 0.               764.294E-03        nan                389.514E-03  
                7.33333E-03        1.60743E+03      618.704           -283.844              1.64914          nan                  0.                 0.               539.331E-03         90.8953E-03       395.146E-03  
                7.36667E-03        1.6118E+03       638.208           -281.511              1.65202          nan                  0.                 0.               457.189E-03        291.173E-03        400.131E-03  
                7.4E-03            1.61983E+03      655.236           -276.477              1.655            nan                  0.                 0.               466.298E-03        291.93E-03         405.64E-03   
                7.43333E-03        1.62969E+03      674.456           -270.022              1.65793          nan                  0.                 0.               412.131E-03         18.0843E-03       412.131E-03  
                7.46667E-03        1.63238E+03      692.619           -270.445              1.66072          nan                  0.                 0.               415.581E-03        nan                415.581E-03  
                7.5E-03            1.63281E+03      704.005           -271.718              1.66323          nan                  0.                 0.               417.309E-03        nan                417.309E-03  
                7.53333E-03        1.62666E+03      711.802           -280.245              1.66583          nan                  0.                 0.               415.329E-03        nan                415.329E-03  
                7.56667E-03        1.62526E+03      723.921           -283.408              1.66835          nan                  0.                 0.               416.368E-03        nan                416.368E-03  
                7.6E-03            1.65786E+03      751.684           -205.233              1.67041          nan                  0.                 0.               504.525E-03        299.83E-03         455.337E-03  
                7.63333E-03        1.79307E+03      794.987           -102.798              1.6711           nan                  0.                 0.               607.053E-03        255.61E-03         504.323E-03  
                7.66667E-03        1.87772E+03      832.976            -10.5208             1.67217          nan                  0.                 0.               549.366E-03        123.49E-03         549.366E-03  
                7.7E-03            1.96009E+03      870.027             82.0386             1.67286          nan                  0.                 0.               877.614E-03        nan                594.28E-03   
                7.73333E-03        2.04093E+03      910.312            172.061              1.67354          nan                  0.                 0.               638.581E-03        235.923E-03        638.581E-03  
                7.76667E-03        2.12131E+03      952.852            263.598              1.67377          nan                  0.                 0.               671.527E-03        285.462E-03        684.009E-03  
                7.8E-03            2.19061E+03      984.068            345.447              1.67409          nan                  0.                 0.               689.446E-03        291.499E-03        722.97E-03   
                7.8125E-03         2.30285E+03        1.52773E+03      372.181              1.77309          nan                  0.                 0.                 1.60971          254.684E-03        832.497E-03  




