
                             S:Max Principal P  S:Mid Principal P  S:Min Principal P                                                                                                                                     
                             I: SH-1 E: 52905   I: SH-1 E: 52905   I: SH-1 E: 52905   SDV1 PI: SH-1 E:   SDV16 PI: SH-1 E:  SDV17 PI: SH-1 E:  SDV18 PI: SH-1 E:  SDV20 PI: SH-1 E:  SDV22 PI: SH-1 E:  TRIAX PI: SH-1 E:
                  X                IP: 1              IP: 1              IP: 1           52905 IP: 1         52905 IP: 1        52905 IP: 1        52905 IP: 1        52905 IP: 1        52905 IP: 1        52905 IP: 1  

                0.                 0.                 0.                 0.                 0.                 0.                 0.                 0.                 0.                 0.                 0.         
               33.3354E-06        69.8046             2.56364          980.121E-03          0.                 0.                 0.                 0.                 0.                 0.               359.305E-03  
               66.667E-06        241.035             11.3822             4.31894            0.                 0.                 0.                 0.                 0.                 0.               366.874E-03  
              100.002E-06        315.827             11.0429             5.72192            0.                 0.                 0.                 0.                 0.                 0.               360.558E-03  
              133.336E-06        407.222             13.2214             7.37912           26.5959E-06        31.3411E-06         0.                 0.               325.181E-03        963.572E-03        359.254E-03  
              166.669E-06        523.168             22.2646             8.95324          167.E-06           198.52E-06           0.                 0.               363.992E-03        953.472E-03        363.992E-03  
              200.002E-06        604.036             30.7103            10.7772           372.584E-06        445.177E-06          0.                 0.                 0.                 0.               368.735E-03  
              233.335E-06        661.461             33.7491            12.201            538.358E-06        644.994E-06          0.                 0.               300.111E-03        893.659E-03        369.159E-03  
              266.669E-06        726.177             36.6425            13.2961           841.332E-06          1.01083E-03        0.                 0.               368.789E-03        942.069E-03        368.789E-03  
              300.002E-06        748.688             22.6843            14.5568           919.306E-06          1.10436E-03        0.                 0.                 0.                 0.               358.822E-03  
              333.335E-06        804.666             14.4037            70.2122E-03       953.724E-06          1.14435E-03        0.                 0.               340.345E-03        821.786E-03        342.367E-03  
              366.668E-06        886.995             37.3133            20.7164             1.64804E-03        1.9491E-03         0.                 0.               367.1E-03          963.084E-03        367.1E-03    
              400.002E-06        943.375            233.568             18.4011             4.6057E-03         6.05854E-03        0.                 0.               475.27E-03         571.709E-03        475.27E-03   
              433.335E-06        979.865            332.137             18.3745             7.88174E-03       11.4355E-03         0.                 0.               521.913E-03        381.501E-03        522.175E-03  
              466.668E-06          1.00942E+03      374.462             18.5023            11.5211E-03        17.7828E-03         0.                 0.               537.668E-03        307.726E-03        537.668E-03  
              500.E-06             1.03224E+03      384.029             18.5756            14.961E-03         23.8701E-03         0.                 0.               537.896E-03        304.916E-03        537.896E-03  
              533.334E-06          1.05378E+03      385.065             18.8886            18.5773E-03        30.236E-03          0.                 0.               534.604E-03        319.304E-03        534.604E-03  
              566.667E-06          1.07273E+03      383.143             19.5175            21.9905E-03        36.2036E-03         0.                 0.               530.779E-03        337.682E-03        530.779E-03  
              600.002E-06          1.09088E+03      380.016             19.896             25.5497E-03        42.3708E-03         0.                 0.               526.446E-03        356.883E-03        526.446E-03  
              633.335E-06          1.10752E+03      377.2               20.5032            28.9635E-03        48.2369E-03         0.                 0.               522.789E-03        374.111E-03        522.789E-03  
              666.667E-06          1.12287E+03      375.091             20.5308            32.3783E-03        54.0633E-03         0.                 0.               519.309E-03        387.878E-03        519.309E-03  
              700.E-06             1.13722E+03      372.752             20.663             35.7291E-03        59.7409E-03         0.                 0.               516.039E-03        401.203E-03        516.039E-03  
              733.335E-06          1.15055E+03      369.592             20.6414            39.0582E-03        65.3455E-03         0.                 0.               512.526E-03        414.886E-03        512.526E-03  
              766.668E-06          1.16376E+03      369.242             20.8822            42.3298E-03        70.8208E-03         0.                 0.               510.513E-03        423.333E-03        510.513E-03  
              800.E-06             1.17559E+03      367.015             20.863             45.5285E-03        76.1484E-03         0.                 0.               507.749E-03        433.889E-03        507.749E-03  
              833.335E-06          1.18726E+03      366.849             20.8702            48.6979E-03        81.4018E-03         0.                 0.               505.967E-03        440.462E-03        505.967E-03  
              866.668E-06          1.19801E+03      364.889             20.7548            51.8611E-03        86.6233E-03         0.                 0.               503.495E-03        449.447E-03        503.495E-03  
              900.001E-06          1.20838E+03      364.121             20.7509            54.9357E-03        91.6753E-03         0.                 0.               501.7E-03          456.105E-03        501.7E-03    
              933.333E-06          1.21826E+03      362.689             20.5439            58.0694E-03        96.8033E-03         0.                 0.               499.586E-03        463.3E-03          499.586E-03  
              966.668E-06          1.22756E+03      361.374             20.5228            61.0816E-03       101.712E-03          0.                 0.               497.751E-03        470.101E-03        497.751E-03  
                1.E-03             1.23659E+03      359.592             20.408             64.1751E-03       106.733E-03          0.                 0.               495.72E-03         477.343E-03        495.72E-03   
                1.03333E-03        1.24462E+03      358.963             20.4708            67.192E-03        111.612E-03          0.                 0.               494.441E-03        482.263E-03        494.441E-03  
                1.06667E-03        1.25259E+03      358.141             20.4661            70.2604E-03       116.561E-03          0.                 0.               493.061E-03        487.334E-03        493.061E-03  
                1.1E-03            1.25978E+03      356.799             20.1324            73.2432E-03       121.356E-03          0.                 0.               491.381E-03        492.439E-03        491.381E-03  
                1.13333E-03        1.267E+03        355.464             19.9095            76.2721E-03       126.209E-03          0.                 0.               489.786E-03        497.618E-03        489.786E-03  
                1.16667E-03        1.27406E+03      354.587             19.7759            79.235E-03        130.942E-03          0.                 0.               488.469E-03        502.017E-03        488.469E-03  
                1.2E-03            1.28088E+03      353.274             19.6602            82.1996E-03       135.664E-03          0.                 0.               487.029E-03        506.979E-03        487.029E-03  
                1.23333E-03        1.28752E+03      352.173             19.5841            85.1255E-03       140.311E-03          0.                 0.               485.734E-03        511.52E-03         485.734E-03  
                1.26667E-03        1.29385E+03      350.72              19.4353            88.0414E-03       144.928E-03          0.                 0.               484.304E-03        516.351E-03        484.304E-03  
                1.3E-03            1.30039E+03      350.558             19.3128            90.9614E-03       149.543E-03          0.                 0.               483.398E-03        519.184E-03        483.398E-03  
                1.33333E-03        1.30676E+03      350.394             19.1238            93.8937E-03       154.167E-03          0.                 0.               482.48E-03         521.847E-03        482.48E-03   
                1.36667E-03        1.31312E+03      350.717             18.985             96.8072E-03       158.754E-03          0.                 0.               481.796E-03        523.755E-03        481.796E-03  
                1.4E-03            1.31927E+03      350.73              18.8013            99.7401E-03       163.365E-03          0.                 0.               480.993E-03        525.998E-03        480.993E-03  
                1.43333E-03        1.32517E+03      350.999             18.6306           102.643E-03        167.922E-03          0.                 0.               480.335E-03        527.737E-03        480.335E-03  
                1.46667E-03        1.33103E+03      351.015             18.4706           105.564E-03        172.503E-03          0.                 0.               479.595E-03        529.846E-03        479.595E-03  
                1.5E-03            1.33672E+03      350.798             18.2763           108.445E-03        177.011E-03          0.                 0.               478.769E-03        532.187E-03        478.769E-03  
                1.53334E-03        1.34223E+03      350.599             18.0584           111.333E-03        181.524E-03          0.                 0.               477.964E-03        534.383E-03        477.964E-03  
                1.56667E-03        1.34754E+03      350.351             17.9725           114.186E-03        185.976E-03          0.                 0.               477.242E-03        536.707E-03        477.242E-03  
                1.6E-03            1.35285E+03      350.065             17.8304           117.066E-03        190.465E-03          0.                 0.               476.479E-03        539.004E-03        476.479E-03  
                1.63333E-03        1.35796E+03      349.531             17.6058           119.915E-03        194.897E-03          0.                 0.               475.602E-03        541.494E-03        475.602E-03  
                1.66667E-03        1.36281E+03      348.924             17.5101           122.764E-03        199.318E-03          0.                 0.               474.803E-03        544.118E-03        474.803E-03  
                1.7E-03            1.36772E+03      348.529             17.4406           125.609E-03        203.728E-03          0.                 0.               474.098E-03        546.451E-03        474.098E-03  
                1.73333E-03        1.37241E+03      347.718             17.2829           128.441E-03        208.111E-03          0.                 0.               473.214E-03        549.213E-03        473.214E-03  
                1.76667E-03        1.37705E+03      347.162             17.1113           131.287E-03        212.506E-03          0.                 0.               472.432E-03        551.533E-03        472.432E-03  
                1.8E-03            1.38141E+03      346.424             16.9456           134.108E-03        216.856E-03          0.                 0.               471.617E-03        554.017E-03        471.617E-03  
                1.83333E-03        1.38577E+03      345.547             16.8304           136.929E-03        221.202E-03          0.                 0.               470.781E-03        556.743E-03        470.781E-03  
                1.86667E-03        1.39008E+03      344.858             16.6002           139.738E-03        225.52E-03           0.                 0.               469.967E-03        559.022E-03        469.967E-03  
                1.9E-03            1.3941E+03       343.896             16.4443           142.552E-03        229.836E-03          0.                 0.               469.122E-03        561.671E-03        469.122E-03  
                1.93333E-03        1.39812E+03      343.095             16.3284           145.341E-03        234.112E-03          0.                 0.               468.363E-03        564.113E-03        468.363E-03  
                1.96667E-03        1.40212E+03      342.138             16.2291           148.137E-03        238.389E-03          0.                 0.               467.562E-03        566.774E-03        467.562E-03  
                2.E-03             1.40584E+03      341.065             15.9953           150.899E-03        242.605E-03          0.                 0.               466.678E-03        569.342E-03        466.678E-03  
                2.03333E-03        1.40953E+03      340.184             15.8316           153.688E-03        246.857E-03          0.                 0.               465.91E-03         571.683E-03        465.91E-03   
                2.06667E-03        1.41319E+03      339.377             15.6848           156.44E-03         251.043E-03          0.                 0.               465.185E-03        573.912E-03        465.185E-03  
                2.1E-03            1.41675E+03      338.193             15.5141           159.207E-03        255.246E-03          0.                 0.               464.322E-03        576.607E-03        464.322E-03  
                2.13333E-03        1.42015E+03      337.193             15.3588           161.942E-03        259.396E-03          0.                 0.               463.554E-03        578.987E-03        463.554E-03  
                2.16667E-03        1.42344E+03      336.038             15.1877           164.694E-03        263.563E-03          0.                 0.               462.734E-03        581.523E-03        462.734E-03  
                2.2E-03            1.42669E+03      334.848             15.0405           167.417E-03        267.677E-03          0.                 0.               461.921E-03        584.109E-03        461.921E-03  
                2.23333E-03        1.4298E+03       333.444             14.7896           170.14E-03         271.783E-03          0.                 0.               460.995E-03        586.82E-03         460.995E-03  
                2.26667E-03        1.43289E+03      332.427             14.6693           172.859E-03        275.877E-03          0.                 0.               460.281E-03        589.108E-03        460.281E-03  
                2.3E-03            1.43587E+03      331.138             14.5306           175.575E-03        279.963E-03          0.                 0.               459.471E-03        591.715E-03        459.471E-03  
                2.33333E-03        1.43879E+03      329.8               14.3388           178.28E-03         284.026E-03          0.                 0.               458.626E-03        594.296E-03        458.626E-03  
                2.36667E-03        1.44149E+03      328.296             14.046            180.972E-03        288.053E-03          0.                 0.               457.694E-03        596.921E-03        457.694E-03  
                2.4E-03            1.44417E+03      327.037             13.8188           183.657E-03        292.07E-03           0.                 0.               456.888E-03        599.256E-03        456.888E-03  
                2.43333E-03        1.44689E+03      325.821             13.6499           186.329E-03        296.064E-03          0.                 0.               456.128E-03        601.593E-03        456.128E-03  
                2.46667E-03        1.44947E+03      324.29              13.4418           188.995E-03        300.036E-03          0.                 0.               455.248E-03        604.273E-03        455.248E-03  
                2.5E-03            1.45209E+03      323.203             13.2966           191.646E-03        303.981E-03          0.                 0.               454.559E-03        606.406E-03        454.559E-03  
                2.53333E-03        1.4548E+03       322.472             13.1856           194.317E-03        307.949E-03          0.                 0.               454.011E-03        608.101E-03        454.011E-03  
                2.56667E-03        1.45784E+03      322.175             13.3798           196.979E-03        311.906E-03          0.                 0.               453.74E-03         609.62E-03         453.74E-03   
                2.6E-03            1.4606E+03       321.411             13.3806           199.64E-03         315.851E-03          0.                 0.               453.233E-03        611.481E-03        453.233E-03  
                2.63333E-03        1.46309E+03      320.462             13.2872           202.293E-03        319.782E-03          0.                 0.               452.639E-03        613.406E-03        452.639E-03  
                2.66667E-03        1.4654E+03       319.201             13.1086           204.95E-03         323.711E-03          0.                 0.               451.909E-03        615.606E-03        451.909E-03  
                2.7E-03            1.46798E+03      318.527             13.0691           207.605E-03        327.631E-03          0.                 0.               451.436E-03        617.225E-03        451.436E-03  
                2.73333E-03        1.47048E+03      317.62              13.0545           210.252E-03        331.539E-03          0.                 0.               450.899E-03        619.156E-03        450.899E-03  
                2.76667E-03        1.47338E+03      317.767             13.3188           212.913E-03        335.463E-03          0.                 0.               450.841E-03        620.064E-03        450.841E-03  
                2.8E-03            1.47636E+03      318.033             13.6555           215.562E-03        339.368E-03          0.                 0.               450.853E-03        620.906E-03        450.853E-03  
                2.83333E-03        1.47922E+03      318.081             13.9191           218.221E-03        343.287E-03          0.                 0.               450.762E-03        621.929E-03        450.761E-03  
                2.86667E-03        1.48152E+03      317.223             13.8857           220.858E-03        347.171E-03          0.                 0.               450.254E-03        623.694E-03        450.254E-03  
                2.9E-03            1.4838E+03       316.429             13.9091           223.503E-03        351.061E-03          0.                 0.               449.799E-03        625.421E-03        449.799E-03  
                2.93334E-03        1.48633E+03      316.148             14.0826           226.14E-03         354.934E-03          0.                 0.               449.578E-03        626.682E-03        449.578E-03  
                2.96667E-03        1.48876E+03      315.666             14.2101           228.778E-03        358.813E-03          0.                 0.               449.272E-03        628.133E-03        449.272E-03  
                3.E-03             1.4912E+03       315.41              14.3547           231.411E-03        362.676E-03          0.                 0.               449.055E-03        629.298E-03        449.055E-03  
                3.03333E-03        1.49338E+03      314.727             14.4061           234.038E-03        366.525E-03          0.                 0.               448.665E-03        630.854E-03        448.665E-03  
                3.06667E-03        1.49528E+03      313.547             14.3131           236.654E-03        370.358E-03          0.                 0.               448.055E-03        632.842E-03        448.055E-03  
                3.1E-03            1.49717E+03      312.396             14.1986           239.265E-03        374.179E-03          0.                 0.               447.448E-03        634.757E-03        447.448E-03  
                3.13333E-03        1.49906E+03      311.359             14.1629           241.877E-03        377.999E-03          0.                 0.               446.919E-03        636.599E-03        446.919E-03  
                3.16667E-03        1.5007E+03       309.975             14.0025           244.47E-03         381.78E-03           0.                 0.               446.231E-03        638.696E-03        446.231E-03  
                3.2E-03            1.5021E+03       308.101             13.7342           247.058E-03        385.552E-03          0.                 0.               445.342E-03        641.255E-03        445.342E-03  
                3.23333E-03        1.50351E+03      306.284             13.4845           249.634E-03        389.296E-03          0.                 0.               444.482E-03        643.757E-03        444.482E-03  
                3.26667E-03        1.50472E+03      304.176             13.219            252.209E-03        393.033E-03          0.                 0.               443.53E-03         646.563E-03        443.53E-03   
                3.3E-03            1.50574E+03      301.782             12.8639           254.766E-03        396.74E-03           0.                 0.               442.453E-03        649.592E-03        442.453E-03  
                3.33333E-03        1.5067E+03       299.331             12.4699           257.313E-03        400.421E-03          0.                 0.               441.345E-03        652.632E-03        441.345E-03  
                3.36667E-03        1.50751E+03      296.635             11.9862           259.849E-03        404.081E-03          0.                 0.               440.124E-03        655.849E-03        440.124E-03  
                3.4E-03            1.50876E+03      295.004             11.7649           262.396E-03        407.749E-03          0.                 0.               439.364E-03        658.055E-03        439.364E-03  
                3.43333E-03        1.50976E+03      292.888             11.4477           264.921E-03        411.376E-03          0.                 0.               438.411E-03        660.721E-03        438.411E-03  
                3.46667E-03        1.5108E+03       290.876             11.1572           267.438E-03        414.986E-03          0.                 0.               437.504E-03        663.285E-03        437.504E-03  
                3.5E-03            1.51157E+03      288.315             10.7433           269.958E-03        418.587E-03          0.                 0.               436.373E-03        666.358E-03        436.373E-03  
                3.53333E-03        1.51236E+03      286.071             10.3536           272.46E-03         422.155E-03          0.                 0.               435.363E-03        669.042E-03        435.363E-03  
                3.56667E-03        1.51321E+03      283.849             10.0659           274.956E-03        425.708E-03          0.                 0.               434.403E-03        671.814E-03        434.403E-03  
                3.6E-03            1.51421E+03      281.943              9.83784          277.449E-03        429.254E-03          0.                 0.               433.571E-03        674.267E-03        433.571E-03  
                3.63334E-03        1.51515E+03      279.917              9.60228          279.933E-03        432.772E-03          0.                 0.               432.699E-03        676.85E-03         432.699E-03  
                3.66667E-03        1.51591E+03      277.898              9.24471          282.394E-03        436.261E-03          0.                 0.               431.79E-03         679.245E-03        431.79E-03   
                3.7E-03            1.51704E+03      276.691              8.99149          284.869E-03        439.752E-03          0.                 0.               431.186E-03        680.783E-03        431.186E-03  
                3.73333E-03        1.51811E+03      275.378              8.72795          287.334E-03        443.23E-03           0.                 0.               430.545E-03        682.432E-03        430.545E-03  
                3.76667E-03        1.51934E+03      274.457              8.49419          289.79E-03         446.697E-03          0.                 0.               430.044E-03        683.639E-03        430.044E-03  
                3.8E-03            1.52034E+03      273.163              8.24478          292.235E-03        450.145E-03          0.                 0.               429.422E-03        685.254E-03        429.422E-03  
                3.83333E-03        1.52151E+03      272.201              8.08881          294.68E-03         453.591E-03          0.                 0.               428.946E-03        686.579E-03        428.947E-03  
                3.86667E-03        1.5226E+03       271.162              7.84584          297.12E-03         457.026E-03          0.                 0.               428.413E-03        687.888E-03        428.413E-03  
                3.9E-03            1.52305E+03      269.229              7.11848          299.556E-03        460.442E-03          0.                 0.               427.403E-03        689.682E-03        427.403E-03  
                3.93334E-03        1.52328E+03      267.267              6.3539           301.78E-03         463.559E-03          0.                 0.               426.384E-03        691.419E-03        426.384E-03  
                3.96667E-03        1.52338E+03      265.066              5.62214          303.944E-03        466.589E-03          0.                 0.               425.305E-03        693.465E-03        425.305E-03  
                4.E-03             1.52371E+03      263.237              5.01946          306.118E-03        469.63E-03           0.                 0.               424.397E-03        695.22E-03         424.397E-03  
                4.03333E-03        1.52408E+03      261.452              4.47246          308.287E-03        472.653E-03          0.                 0.               423.527E-03        696.982E-03        423.527E-03  
                4.06667E-03        1.52446E+03      259.779              3.90321          310.44E-03         475.655E-03          0.                 0.               422.687E-03        698.578E-03        422.687E-03  
                4.1E-03            1.52488E+03      258.238              3.39153          312.599E-03        478.653E-03          0.                 0.               421.916E-03        700.075E-03        421.916E-03  
                4.13333E-03        1.52535E+03      256.782              2.92652          314.752E-03        481.641E-03          0.                 0.               421.191E-03        701.521E-03        421.191E-03  
                4.16667E-03        1.52585E+03      255.363              2.49474          316.9E-03          484.62E-03           0.                 0.               420.492E-03        702.962E-03        420.492E-03  
                4.2E-03            1.52659E+03      254.307              2.21841          319.048E-03        487.588E-03          0.                 0.               419.972E-03        704.15E-03         419.972E-03  
                4.23334E-03        1.52736E+03      253.324              2.00533          321.195E-03        490.55E-03           0.                 0.               419.501E-03        705.32E-03         419.501E-03  
                4.26667E-03        1.5281E+03       252.408              1.74637          323.342E-03        493.511E-03          0.                 0.               419.036E-03        706.35E-03         419.036E-03  
                4.3E-03            1.52889E+03      251.624              1.50857          325.478E-03        496.463E-03          0.                 0.               418.623E-03        707.246E-03        418.623E-03  
                4.33333E-03        1.52974E+03      250.868              1.34248          327.613E-03        499.409E-03          0.                 0.               418.247E-03        708.192E-03        418.247E-03  
                4.36667E-03        1.53038E+03      249.764              1.04878          329.741E-03        502.336E-03          0.                 0.               417.712E-03        709.395E-03        417.712E-03  
                4.4E-03            1.53125E+03      249.081            950.771E-03        331.866E-03        505.248E-03          0.                 0.               417.389E-03        710.32E-03         417.389E-03  
                4.43333E-03        1.53205E+03      248.276            829.325E-03        333.992E-03        508.163E-03          0.                 0.               417.02E-03         711.358E-03        417.02E-03   
                4.46667E-03        1.53285E+03      247.399            742.233E-03        336.115E-03        511.075E-03          0.                 0.               416.641E-03        712.519E-03        416.641E-03  
                4.5E-03            1.53345E+03      246.06             637.501E-03        338.225E-03        513.969E-03          0.                 0.               416.108E-03        714.2E-03          416.108E-03  
                4.53334E-03        1.53388E+03      244.383            481.338E-03        340.321E-03        516.839E-03          0.                 0.               415.449E-03        716.208E-03        415.449E-03  
                4.56667E-03        1.53421E+03      242.636            296.623E-03        342.407E-03        519.68E-03           0.                 0.               414.76E-03         718.25E-03         414.76E-03   
                4.6E-03            1.53481E+03      241.354            260.003E-03        344.489E-03        522.523E-03          0.                 0.               414.277E-03        719.92E-03         414.277E-03  
                4.63333E-03        1.53547E+03      240.072            328.022E-03        346.564E-03        525.346E-03          0.                 0.               413.835E-03        721.706E-03        413.835E-03  
                4.66667E-03        1.53583E+03      238.379            183.326E-03        348.625E-03        528.154E-03          0.                 0.               413.181E-03        723.719E-03        413.181E-03  
                4.7E-03            1.53692E+03      237.964            457.935E-03        350.691E-03        530.973E-03          0.                 0.               413.095E-03        724.727E-03        413.095E-03  
                4.73333E-03        1.53749E+03      236.726            458.584E-03        352.741E-03        533.759E-03          0.                 0.               412.645E-03        726.364E-03        412.645E-03  
                4.76667E-03        1.5385E+03       235.762            699.01E-03         355.136E-03        537.011E-03          0.                 0.               412.365E-03        727.989E-03        412.365E-03  
                4.8E-03            1.53963E+03      234.969            924.545E-03        357.692E-03        540.481E-03          0.                 0.               412.129E-03        729.415E-03        412.129E-03  
                4.83333E-03        1.54044E+03      233.575              1.01145          360.225E-03        543.905E-03          0.                 0.               411.65E-03         731.371E-03        411.65E-03   
                4.86667E-03        1.54069E+03      231.251            859.222E-03        362.732E-03        547.299E-03          0.                 0.               410.787E-03        734.112E-03        410.787E-03  
                4.9E-03            1.54086E+03      228.811            661.521E-03        365.225E-03        550.656E-03          0.                 0.               409.872E-03        736.931E-03        409.872E-03  
                4.93333E-03        1.5412E+03       226.816            472.345E-03        367.706E-03        554.E-03             0.                 0.               409.102E-03        739.236E-03        409.102E-03  
                4.96667E-03        1.54165E+03      224.897            427.26E-03         370.176E-03        557.318E-03          0.                 0.               408.412E-03        741.612E-03        408.412E-03  
                5.E-03             1.54206E+03      223.024            363.775E-03        372.635E-03        560.599E-03          0.                 0.               407.732E-03        743.902E-03        407.732E-03  
                5.03333E-03        1.54294E+03      222.04             520.185E-03        375.076E-03        563.877E-03          0.                 0.               407.42E-03         745.414E-03        407.42E-03   
                5.06667E-03        1.54398E+03      221.447            698.808E-03        377.516E-03        567.154E-03          0.                 0.               407.241E-03        746.489E-03        407.241E-03  
                5.1E-03            1.54515E+03      221.083            959.732E-03        379.947E-03        570.408E-03          0.                 0.               407.165E-03        747.403E-03        407.165E-03  
                5.13333E-03        1.54631E+03      220.819              1.20273          382.366E-03        573.665E-03          0.                 0.               407.118E-03        748.169E-03        407.118E-03  
                5.16667E-03        1.54785E+03      221.211              1.66784          384.786E-03        576.902E-03          0.                 0.               407.362E-03        748.435E-03        407.362E-03  
                5.2E-03            1.54933E+03      221.466              2.11648          387.197E-03        580.128E-03          0.                 0.               407.556E-03        748.841E-03        407.556E-03  
                5.23333E-03        1.55035E+03      220.926              2.36158          389.579E-03        583.324E-03          0.                 0.               407.422E-03        749.919E-03        407.422E-03  
                5.26667E-03        1.55139E+03      220.57               2.56621          391.956E-03        586.515E-03          0.                 0.               407.334E-03        750.732E-03        407.334E-03  
                5.3E-03            1.55245E+03      220.057              2.90393          394.331E-03        589.688E-03          0.                 0.               407.245E-03        751.88E-03         407.245E-03  
                5.33333E-03        1.554E+03        220.474              3.47352          396.684E-03        592.857E-03          0.                 0.               407.538E-03        752.222E-03        407.538E-03  
                5.36667E-03        1.55581E+03      221.361              4.16442          399.041E-03        596.014E-03          0.                 0.               408.024E-03        752.167E-03        408.024E-03  
                5.4E-03            1.55744E+03      221.904              4.82663          401.38E-03         599.159E-03          0.                 0.               408.391E-03        752.465E-03        408.391E-03  
                5.43333E-03        1.55945E+03      223.123              5.71375          403.719E-03        602.293E-03          0.                 0.               409.056E-03        752.248E-03        409.056E-03  
                5.46667E-03        1.56145E+03      224.399              6.55782          406.049E-03        605.426E-03          0.                 0.               409.723E-03        751.914E-03        409.723E-03  
                5.5E-03            1.56366E+03      225.966              7.57207          408.364E-03        608.593E-03          0.                 0.               410.544E-03        751.447E-03        410.544E-03  
                5.53333E-03        1.56621E+03      228.114              8.80211          410.681E-03        611.74E-03           0.                 0.               411.628E-03        750.558E-03        411.628E-03  
                5.56667E-03        1.56883E+03      230.466             10.0434           412.992E-03        614.879E-03          0.                 0.               412.781E-03        749.451E-03        412.781E-03  
                5.6E-03            1.5716E+03       233.115             11.3618           415.282E-03        618.055E-03          0.                 0.               414.054E-03        748.09E-03         414.054E-03  
                5.63333E-03        1.57452E+03      235.996             12.7884           417.578E-03        621.218E-03          0.                 0.               415.439E-03        746.592E-03        415.439E-03  
                5.66667E-03        1.57728E+03      238.375             14.303            419.826E-03        624.401E-03          0.                 0.               416.697E-03        745.764E-03        416.697E-03  
                5.7E-03            1.57973E+03      240.246             15.6701           422.088E-03        627.571E-03          0.                 0.               417.741E-03        745.34E-03         417.741E-03  
                5.73333E-03        1.58249E+03      242.562             17.2986           424.311E-03        630.758E-03          0.                 0.               419.02E-03         744.706E-03        419.02E-03   
                5.76667E-03        1.58482E+03      244.145             18.6497           426.556E-03        633.922E-03          0.                 0.               419.965E-03        744.592E-03        419.965E-03  
                5.8E-03            1.58734E+03      246.098             20.1064           428.788E-03        637.086E-03          0.                 0.               421.064E-03        744.177E-03        421.064E-03  
                5.83333E-03        1.58943E+03      247.366             21.3071           431.007E-03        640.235E-03          0.                 0.               421.854E-03        744.246E-03        421.854E-03  
                5.86667E-03        1.59114E+03      248.266             22.1363           433.218E-03        643.316E-03          0.                 0.               422.391E-03        744.304E-03        422.391E-03  
                5.9E-03            1.5932E+03       249.752             23.1998           435.401E-03        646.444E-03          0.                 0.               423.199E-03        743.963E-03        423.199E-03  
                5.93333E-03        1.59487E+03      250.732             23.9505           437.561E-03        649.543E-03          0.                 0.               423.733E-03        743.835E-03        423.733E-03  
                5.96667E-03        1.59708E+03      252.783             24.9196           439.702E-03        652.683E-03          0.                 0.               424.681E-03        742.743E-03        424.681E-03  
                6.E-03             1.5989E+03       254.044             25.7898           441.834E-03        655.704E-03          0.                 0.               425.347E-03        742.432E-03        425.347E-03  
                6.03333E-03        1.6004E+03       254.773             26.4832           443.942E-03        658.719E-03          0.                 0.               425.782E-03        742.518E-03        425.782E-03  
                6.06667E-03        1.60088E+03      253.846             26.5712           446.019E-03        661.618E-03          0.                 0.               425.477E-03        743.791E-03        425.477E-03  
                6.1E-03            1.60147E+03      253.27              26.6466           448.075E-03        664.491E-03          0.                 0.               425.278E-03        744.647E-03        425.278E-03  
                6.13333E-03        1.60156E+03      251.692             26.5338           450.1E-03          667.3E-03            0.                 0.               424.699E-03        746.43E-03         424.699E-03  
                6.16667E-03        1.6003E+03       247.756             25.7896           452.071E-03        670.021E-03          0.                 0.               423.153E-03        750.149E-03        423.153E-03  
                6.2E-03            1.59878E+03      243.419             24.9025           454.013E-03        672.692E-03          0.                 0.               421.431E-03        754.15E-03         421.431E-03  
                6.23333E-03        1.59655E+03      237.877             23.6541           455.911E-03        675.279E-03          0.                 0.               419.201E-03        759.095E-03        419.201E-03  
                6.26667E-03        1.59394E+03      231.637             22.2585           457.77E-03         677.79E-03           0.                 0.               416.698E-03        764.648E-03        416.699E-03  
                6.3E-03            1.59077E+03      224.197             20.7697           459.589E-03        680.215E-03          0.                 0.               413.785E-03        771.449E-03        413.785E-03  
                6.33333E-03        1.58752E+03      216.364             19.4639           461.371E-03        682.575E-03          0.                 0.               410.812E-03        778.886E-03        410.812E-03  
                6.36667E-03        1.58431E+03      208.644             18.192            463.125E-03        684.922E-03          0.                 0.               407.886E-03        786.22E-03         407.886E-03  
                6.4E-03            1.58103E+03      200.888             16.8907           464.843E-03        687.192E-03          0.                 0.               404.935E-03        793.546E-03        404.935E-03  
                6.43333E-03        1.57798E+03      193.535             15.752            466.545E-03        689.424E-03          0.                 0.               402.168E-03        800.603E-03        402.168E-03  
                6.46667E-03        1.57484E+03      186.137             14.5438           468.208E-03        691.595E-03          0.                 0.               399.361E-03        807.616E-03        399.361E-03  
                6.5E-03            1.5716E+03       178.639             13.2685           469.853E-03        693.743E-03          0.                 0.               396.495E-03        814.646E-03        396.495E-03  
                6.53333E-03        1.56858E+03      171.602             12.1094           471.488E-03        695.862E-03          0.                 0.               393.817E-03        821.293E-03        393.817E-03  
                6.56667E-03        1.56531E+03      164.117             10.8729           473.098E-03        697.948E-03          0.                 0.               390.966E-03        828.32E-03         390.966E-03  
                6.6E-03            1.56228E+03      157.142              9.71301          474.703E-03        700.01E-03           0.                 0.               388.303E-03        834.871E-03        388.303E-03  
                6.63333E-03        1.55917E+03      150.262              8.38009          476.294E-03        702.042E-03          0.                 0.               385.607E-03        841.122E-03        385.607E-03  
                6.66667E-03        1.55574E+03      142.924              6.86611          477.867E-03        704.05E-03           0.                 0.               382.7E-03          847.675E-03        382.7E-03    
                6.7E-03            1.55237E+03      135.77               5.33364          479.426E-03        706.044E-03          0.                 0.               379.843E-03        853.993E-03        379.843E-03  
                6.73333E-03        1.54882E+03      128.384              3.72119          480.965E-03        708.006E-03          0.                 0.               376.883E-03        860.472E-03        376.883E-03  
                6.76667E-03        1.54551E+03      121.504              2.16629          482.487E-03        709.917E-03          0.                 0.               374.104E-03        866.445E-03        374.104E-03  
                6.8E-03            1.54217E+03      114.785            467.121E-03        484.001E-03        711.804E-03          0.                 0.               371.326E-03        872.058E-03        371.326E-03  
                6.83333E-03        1.53884E+03      108.145             -1.2568           485.488E-03        713.647E-03          0.                 0.               368.564E-03        877.552E-03        368.564E-03  
                6.86667E-03        1.53591E+03      102.445             -2.99093          486.956E-03        715.474E-03          0.                 0.               366.103E-03        881.986E-03        366.103E-03  
                6.9E-03            1.53317E+03       97.2299            -4.7626           488.413E-03        717.28E-03           0.                 0.               363.785E-03        885.858E-03        363.785E-03  
                6.93333E-03        1.53091E+03       93.0481            -6.47963          489.851E-03        719.047E-03          0.                 0.               361.823E-03        888.609E-03        361.823E-03  
                6.96667E-03        1.5292E+03        90.0926            -8.21347          491.285E-03        720.8E-03            0.                 0.               360.253E-03        889.967E-03        360.253E-03  
                7.E-03             1.52772E+03       87.5517            -9.85701          492.716E-03        722.562E-03          0.                 0.               358.85E-03         890.983E-03        358.85E-03   
                7.03333E-03        1.52662E+03       85.6577           -11.3313           494.135E-03        724.289E-03          0.                 0.               357.716E-03        891.469E-03        357.716E-03  
                7.06667E-03        1.52559E+03       83.9956           -12.8695           495.543E-03        726.011E-03          0.                 0.               356.636E-03        891.618E-03        356.636E-03  
                7.1E-03            1.5246E+03        82.573            -14.5637           496.948E-03        727.728E-03          0.                 0.               355.58E-03         891.359E-03        355.58E-03   
                7.13333E-03        1.5237E+03        81.1774           -16.097            498.323E-03        729.391E-03          0.                 0.               354.59E-03         891.23E-03         354.59E-03   
                7.16667E-03        1.52295E+03       79.9619           -17.5019           499.688E-03        731.022E-03          0.                 0.               353.703E-03        891.059E-03        353.703E-03  
                7.2E-03            1.52222E+03       78.6982           -18.7816           501.009E-03        732.641E-03          0.                 0.               352.845E-03        891.056E-03        352.845E-03  
                7.23333E-03        1.52132E+03       77.1068           -20.066            502.264E-03        734.211E-03          0.                 0.               351.88E-03         891.441E-03        351.88E-03   
                7.26667E-03        1.5201E+03        75.0101           -21.5028           503.453E-03        735.721E-03          0.                 0.               350.7E-03          892.207E-03        350.7E-03    
                7.3E-03            1.51851E+03       71.9189           -22.8021           504.635E-03        737.197E-03          0.                 0.               349.246E-03        894.233E-03        349.246E-03  
                7.33333E-03        1.51458E+03       63.927            -24.1535           505.761E-03        738.542E-03          0.                 0.               346.188E-03        901.566E-03        346.188E-03  
                7.36667E-03        1.51088E+03       56.2755           -25.3252           506.89E-03         739.863E-03          0.                 0.               343.299E-03        908.701E-03        343.299E-03  
                7.4E-03            1.50749E+03       49.2855           -26.451            508.007E-03        741.165E-03          0.                 0.               340.638E-03        915.198E-03        340.638E-03  
                7.43333E-03        1.50447E+03       42.8199           -27.2876           509.1E-03          742.416E-03          0.                 0.               338.244E-03        921.415E-03        338.244E-03  
                7.46667E-03        1.50255E+03       38.4573           -27.9123           510.205E-03        743.661E-03          0.                 0.               336.607E-03        925.553E-03        336.607E-03  
                7.5E-03            1.50072E+03       34.3873           -28.5947           511.286E-03        744.875E-03          0.                 0.               335.045E-03        929.3E-03          335.045E-03  
                7.53333E-03        1.49988E+03       32.3825           -29.2496           512.353E-03        746.082E-03          0.                 0.               334.167E-03        930.792E-03        334.167E-03  
                7.56667E-03        1.49928E+03       30.6625           -29.6514           513.396E-03        747.273E-03          0.                 0.               333.468E-03        932.232E-03        333.468E-03  
                7.6E-03            1.49906E+03       29.9253           -30.171            514.42E-03         748.448E-03          0.                 0.               333.051E-03        932.473E-03        333.051E-03  
                7.63333E-03        1.49925E+03       29.8399           -30.4936           515.441E-03        749.62E-03           0.                 0.               332.913E-03        932.256E-03        332.913E-03  
                7.66667E-03        1.50077E+03       32.2414           -30.4993           516.485E-03        750.822E-03          0.                 0.               333.695E-03        929.654E-03        333.695E-03  
                7.7E-03            1.50243E+03       35.1544           -30.61             517.52E-03         752.016E-03          0.                 0.               334.607E-03        926.349E-03        334.607E-03  
                7.73333E-03        1.50526E+03       40.2693           -30.4183           518.595E-03        753.266E-03          0.                 0.               336.336E-03        921.045E-03        336.336E-03  
                7.76667E-03        1.50911E+03       47.4405           -30.0975           519.663E-03        754.506E-03          0.                 0.               338.774E-03        913.58E-03         338.774E-03  
                7.8E-03            1.5123E+03        53.46             -29.9677           520.738E-03        755.762E-03          0.                 0.               355.055E-03        907.303E-03        340.766E-03  
                7.83333E-03        1.51509E+03       58.6322           -29.8299           521.797E-03        757.003E-03          0.                 0.               342.484E-03        901.651E-03        342.484E-03  
                7.86667E-03        1.51643E+03       61.1326           -30.1291           522.894E-03        758.304E-03          0.                 0.               343.186E-03        898.633E-03        343.186E-03  
                7.9E-03            1.51836E+03       64.9856           -30.4915           523.959E-03        759.558E-03          0.                 0.               344.301E-03        894.034E-03        344.301E-03  
                7.93333E-03        1.52014E+03       68.5711           -30.806            524.981E-03        760.771E-03          0.                 0.               345.344E-03        889.79E-03         345.344E-03  
                7.96667E-03        1.52174E+03       71.7489           -31.0949           526.014E-03        761.995E-03          0.                 0.               346.263E-03        885.988E-03        346.263E-03  
                8.E-03             1.52325E+03       74.5535           -31.2481           527.082E-03        763.247E-03          0.                 0.               347.107E-03        882.78E-03         347.107E-03  
                8.03333E-03        1.52453E+03       76.9851           -31.4769           528.115E-03        764.469E-03          0.                 0.               347.805E-03        879.907E-03        347.805E-03  
                8.06667E-03        1.52587E+03       79.5126           -31.7004           529.152E-03        765.691E-03          0.                 0.               348.534E-03        876.946E-03        348.534E-03  
                8.1E-03            1.52828E+03       84.398            -31.8501           530.205E-03        766.954E-03          0.                 0.               350.04E-03         871.462E-03        350.041E-03  
                8.13333E-03        1.53009E+03       88.1489           -32.0971           531.218E-03        768.16E-03           0.                 0.               351.149E-03        867.092E-03        351.149E-03  
                8.16667E-03        1.53149E+03       90.941            -32.3083           532.231E-03        769.375E-03          0.                 0.               351.962E-03        863.859E-03        351.962E-03  
                8.2E-03            1.53305E+03       93.9575           -32.3985           533.225E-03        770.58E-03           0.                 0.               352.887E-03        860.464E-03        352.887E-03  
                8.23333E-03        1.53433E+03       96.3632           -32.4488           534.216E-03        771.769E-03          0.                 0.               368.504E-03        859.283E-03        353.631E-03  
                8.26667E-03        1.53516E+03       97.7337           -32.5819           535.215E-03        772.984E-03          0.                 0.               354.016E-03        856.251E-03        354.016E-03  
                8.3E-03            1.53594E+03       98.848            -32.557            536.206E-03        774.185E-03          0.                 0.               354.375E-03        855.087E-03        354.375E-03  
                8.33333E-03        1.53591E+03       98.4337           -32.7897           537.176E-03        775.362E-03          0.                 0.               363.594E-03        858.901E-03        354.159E-03  
                8.36667E-03        1.53693E+03      100.423            -33.0145           538.119E-03        776.492E-03          0.                 0.               354.708E-03        852.926E-03        354.708E-03  
                8.4E-03            1.53762E+03      101.656            -33.1821           539.092E-03        777.667E-03          0.                 0.               370.213E-03        852.627E-03        355.037E-03  
                8.43333E-03        1.5381E+03       102.651            -33.557            540.05E-03         778.827E-03          0.                 0.               370.461E-03        851.713E-03        355.219E-03  
                8.46667E-03        1.53869E+03      103.882            -33.9774           540.991E-03        779.959E-03          0.                 0.               355.458E-03        848.19E-03         355.459E-03  
                8.5E-03            1.54016E+03      107.182            -34.3057           541.917E-03        781.077E-03          0.                 0.               371.675E-03        845.848E-03        356.384E-03  
                8.53333E-03        1.53981E+03      106.202            -34.6862           542.773E-03        782.125E-03          0.                 0.               355.938E-03        844.966E-03        355.938E-03  
                8.56667E-03        1.53956E+03      105.555            -35.1237           543.664E-03        783.216E-03          0.                 0.               355.579E-03        845.22E-03         355.579E-03  
                8.6E-03            1.53974E+03      105.686            -35.3291           544.542E-03        784.281E-03          0.                 0.               355.545E-03        844.893E-03        355.545E-03  
                8.63333E-03        1.5396E+03       105.268            -35.6914           545.409E-03        785.331E-03          0.                 0.               355.284E-03        844.993E-03        355.284E-03  
                8.66667E-03        1.53943E+03      104.748            -36.0376           546.268E-03        786.38E-03           0.                 0.               354.997E-03        845.244E-03        354.997E-03  
                8.7E-03            1.53917E+03      104.008            -36.3509           547.074E-03        787.363E-03          0.                 0.               354.651E-03        845.679E-03        354.651E-03  
                8.73333E-03        1.54053E+03      107.117            -36.7229           547.905E-03        788.378E-03          0.                 0.               355.5E-03          841.977E-03        355.5E-03    
                8.76667E-03        1.54127E+03      108.773            -37.0757           548.725E-03        789.371E-03          0.                 0.               355.896E-03        839.792E-03        355.896E-03  
                8.8E-03            1.54154E+03      109.194            -37.3291           549.552E-03        790.386E-03          0.                 0.               355.937E-03        839.11E-03         355.937E-03  
                8.83333E-03        1.54057E+03      106.808            -37.731            550.366E-03        791.375E-03          0.                 0.               355.043E-03        841.333E-03        355.043E-03  
                8.86667E-03        1.54055E+03      106.65             -38.0327           551.156E-03        792.338E-03          0.                 0.               354.885E-03        841.185E-03        354.885E-03  
                8.9E-03            1.54032E+03      105.888            -38.2898           551.98E-03         793.346E-03          0.                 0.               354.553E-03        841.799E-03        354.553E-03  
                8.93333E-03        1.53975E+03      104.488            -38.552            552.801E-03        794.327E-03          0.                 0.               369.644E-03        845.269E-03        354.019E-03  
                8.96667E-03        1.53922E+03      102.967            -38.7282           553.612E-03        795.309E-03          0.                 0.               293.73E-03         976.22E-03         353.476E-03  
                9.E-03             1.53899E+03      101.989            -38.9874           554.404E-03        796.273E-03          0.                 0.               353.073E-03        845.442E-03        353.073E-03  
                9.03333E-03        1.53856E+03      100.741            -39.2351           555.214E-03        797.259E-03          0.                 0.               352.591E-03        846.558E-03        352.591E-03  
                9.06667E-03        1.53795E+03       99.2303           -39.4777           555.997E-03        798.207E-03          0.                 0.               367.511E-03        850.759E-03        352.029E-03  
                9.1E-03            1.53754E+03       98.0769           -39.8251           556.752E-03        799.119E-03          0.                 0.               360.963E-03        855.613E-03        351.542E-03  
                9.13333E-03        1.53738E+03       97.4499           -40.0563           557.504E-03        800.029E-03          0.                 0.               351.262E-03        849.372E-03        351.262E-03  
                9.16667E-03        1.53726E+03       96.963            -40.1394           558.241E-03        800.927E-03          0.                 0.               366.398E-03        853.035E-03        351.078E-03  
                9.2E-03            1.53723E+03       96.8159           -40.6397           558.979E-03        801.817E-03          0.                 0.               350.855E-03        849.486E-03        350.855E-03  
                9.23333E-03        1.53697E+03       96.0249           -40.8534           559.675E-03        802.661E-03          0.                 0.               350.53E-03         850.14E-03         350.53E-03   
                9.26667E-03        1.53675E+03       95.3792           -41.0957           560.331E-03        803.452E-03          0.                 0.               350.241E-03        850.616E-03        350.241E-03  
                9.3E-03            1.5367E+03        95.1854           -41.3579           560.988E-03        804.243E-03          0.                 0.               350.087E-03        850.572E-03        350.087E-03  
                9.33333E-03        1.53623E+03       94.2163           -41.625            561.639E-03        805.03E-03           0.                 0.               366.117E-03        871.764E-03        349.689E-03  
                9.36667E-03        1.53642E+03       94.3229           -41.8513           562.279E-03        805.803E-03          0.                 0.               349.642E-03        851.025E-03        349.642E-03  
                9.4E-03            1.53698E+03       95.62             -42.1065           562.838E-03        806.478E-03          0.                 0.               349.961E-03        849.343E-03        349.961E-03  
                9.43333E-03        1.53836E+03       98.7874           -42.3145           563.412E-03        807.177E-03          0.                 0.               366.05E-03         849.542E-03        350.884E-03  
                9.46667E-03        1.53806E+03       98.3471           -42.6636           564.044E-03        807.941E-03          0.                 0.               359.804E-03        853.392E-03        350.625E-03  
                9.5E-03            1.53813E+03       98.3364           -43.0309           564.64E-03         808.652E-03          0.                 0.               350.491E-03        845.44E-03         350.491E-03  
                9.53333E-03        1.53791E+03       98.0332           -43.4012           565.22E-03         809.353E-03          0.                 0.               365.557E-03        849.349E-03        350.267E-03  
                9.56667E-03        1.53843E+03       99.0988           -43.6754           565.808E-03        810.066E-03          0.                 0.               350.505E-03        843.93E-03         350.505E-03  
                9.6E-03            1.53865E+03       99.3989           -43.8155           566.414E-03        810.801E-03          0.                 0.               365.691E-03        847.549E-03        350.549E-03  
                9.63333E-03        1.53906E+03      100.47             -44.0881           566.946E-03        811.449E-03          0.                 0.               366.1E-03          846.182E-03        350.79E-03   
                9.66667E-03        1.54092E+03      104.996            -44.2368           567.429E-03        812.038E-03          0.                 0.               291.936E-03        982.381E-03        352.158E-03  
                9.7E-03            1.54223E+03      107.827            -44.4651           567.899E-03        812.613E-03          0.                 0.               352.964E-03        833.59E-03         352.964E-03  
                9.73333E-03        1.54341E+03      110.652            -44.6964           568.405E-03        813.227E-03          0.                 0.               353.766E-03        830.264E-03        353.766E-03  
                9.76667E-03        1.54282E+03      114.951            -44.4824           568.757E-03        813.662E-03          0.                 0.                 0.                 0.               355.218E-03  
                9.8E-03            1.53004E+03      118.684            -44.3735           568.757E-03        813.662E-03          0.                 0.                 0.                 0.               356.63E-03   
                9.83333E-03        1.50401E+03      123.901            -44.596            568.757E-03        813.662E-03          0.                 0.                 0.                 0.               358.635E-03  
                9.86667E-03        1.50322E+03      126.778            -44.3427           568.757E-03        813.662E-03          0.                 0.                 0.                 0.               359.683E-03  
                9.9E-03            1.50372E+03      129.595            -44.5713           568.757E-03        813.662E-03          0.                 0.                 0.                 0.               360.511E-03  
                9.93333E-03        1.50985E+03      132.843            -44.429            568.757E-03        813.662E-03          0.                 0.                 0.                 0.               361.518E-03  
                9.96667E-03        1.51745E+03      135.841            -44.1825           568.757E-03        813.662E-03          0.                 0.                 0.                 0.               362.447E-03  
               10.E-03             1.52411E+03      138.482            -44.125            568.757E-03        813.662E-03          0.                 0.                 0.                 0.               363.201E-03  




