
                  X                 Disp              Force      

                0.                 0.                 6.05418E-03
               33.3354E-06         8.33279E-03      126.152E-03  
               66.667E-06         16.6659E-03       287.257E-03  
              100.002E-06         25.0039E-03       607.327E-03  
              133.336E-06         33.3438E-03       854.09E-03   
              166.669E-06         41.6984E-03       719.831E-03  
              200.002E-06         50.0473E-03         1.03812    
              233.335E-06         58.3761E-03         1.27463    
              266.669E-06         66.7051E-03         1.42673    
              300.002E-06         75.0542E-03         1.43503    
              333.335E-06         83.3691E-03         1.68549    
              366.668E-06         91.7096E-03         1.65556    
              400.002E-06        100.055E-03          1.74227    
              433.335E-06        108.364E-03          1.80119    
              466.668E-06        116.703E-03          1.91089    
              500.E-06           124.999E-03          1.85177    
              533.334E-06        133.295E-03          1.96444    
              566.667E-06        141.591E-03          1.98162    
              600.002E-06        149.888E-03          2.00291    
              633.335E-06        158.184E-03          2.03229    
              666.667E-06        166.48E-03           2.08004    
              700.E-06           174.776E-03          2.07328    
              733.335E-06        183.073E-03          2.12665    
              766.668E-06        191.369E-03          2.13361    
              800.E-06           199.665E-03          2.16354    
              833.335E-06        207.962E-03          2.1863     
              866.668E-06        216.293E-03          2.21954    
              900.001E-06        224.708E-03          2.2255     
              933.333E-06        233.123E-03          2.2693     
              966.668E-06        241.538E-03          2.2716     
                1.E-03           249.952E-03          2.31333    
                1.03333E-03      258.25E-03           2.3145     
                1.06667E-03      266.547E-03          2.35601    
                1.1E-03          274.843E-03          2.3537     
                1.13333E-03      283.139E-03          2.39777    
                1.16667E-03      291.435E-03          2.39541    
                1.2E-03          299.732E-03          2.42915    
                1.23333E-03      308.028E-03          2.4378     
                1.26667E-03      316.324E-03          2.46143    
                1.3E-03          324.621E-03          2.47183    
                1.33333E-03      332.917E-03          2.49653    
                1.36667E-03      341.213E-03          2.50159    
                1.4E-03          349.51E-03           2.5295     
                1.43333E-03      357.806E-03          2.53436    
                1.46667E-03      366.102E-03          2.55946    
                1.5E-03          374.398E-03          2.56421    
                1.53334E-03      382.695E-03          2.58871    
                1.56667E-03      390.991E-03          2.59261    
                1.6E-03          399.288E-03          2.61466    
                1.63333E-03      407.583E-03          2.6208     
                1.66667E-03      415.88E-03           2.63988    
                1.7E-03          424.176E-03          2.65002    
                1.73333E-03      432.472E-03          2.66301    
                1.76667E-03      440.769E-03          2.67904    
                1.8E-03          449.065E-03          2.68803    
                1.83333E-03      457.361E-03          2.70396    
                1.86667E-03      465.658E-03          2.71245    
                1.9E-03          473.954E-03          2.72918    
                1.93333E-03      482.3E-03            2.73603    
                1.96667E-03      490.833E-03          2.75369    
                2.E-03           499.367E-03          2.75805    
                2.03333E-03      507.9E-03            2.7782     
                2.06667E-03      516.434E-03          2.78102    
                2.1E-03          524.967E-03          2.79982    
                2.13333E-03      533.501E-03          2.80387    
                2.16667E-03      542.034E-03          2.82023    
                2.2E-03          550.567E-03          2.82592    
                2.23333E-03      559.1E-03            2.84057    
                2.26667E-03      567.634E-03          2.8486     
                2.3E-03          576.167E-03          2.85995    
                2.33333E-03      584.7E-03            2.86972    
                2.36667E-03      593.234E-03          2.87923    
                2.4E-03          601.767E-03          2.89029    
                2.43333E-03      610.3E-03            2.89781    
                2.46667E-03      618.834E-03          2.91073    
                2.5E-03          627.367E-03          2.91624    
                2.53333E-03      635.9E-03            2.92961    
                2.56667E-03      644.433E-03          2.93475    
                2.6E-03          652.967E-03          2.94765    
                2.63333E-03      661.5E-03            2.95327    
                2.66667E-03      670.034E-03          2.96477    
                2.7E-03          678.567E-03          2.97241    
                2.73333E-03      687.1E-03            2.98121    
                2.76667E-03      695.633E-03          2.99067    
                2.8E-03          704.167E-03          2.9974     
                2.83333E-03      712.7E-03            3.00833    
                2.86667E-03      721.234E-03          3.01413    
                2.9E-03          729.767E-03          3.02547    
                2.93334E-03      738.3E-03            3.03067    
                2.96667E-03      746.834E-03          3.04085    
                3.E-03           755.367E-03          3.04721    
                3.03333E-03      763.901E-03          3.05554    
                3.06667E-03      772.434E-03          3.06396    
                3.1E-03          780.967E-03          3.07078    
                3.13333E-03      789.5E-03            3.07928    
                3.16667E-03      798.034E-03          3.08565    
                3.2E-03          806.567E-03          3.09487    
                3.23333E-03      815.101E-03          3.09987    
                3.26667E-03      823.634E-03          3.10954    
                3.3E-03          832.168E-03          3.11586    
                3.33333E-03      840.701E-03          3.12292    
                3.36667E-03      849.233E-03          3.13015    
                3.4E-03          857.768E-03          3.13655    
                3.43333E-03      866.3E-03            3.14448    
                3.46667E-03      874.833E-03          3.15014    
                3.5E-03          883.367E-03          3.15847    
                3.53333E-03      891.9E-03            3.16398    
                3.56667E-03      900.433E-03          3.17166    
                3.6E-03          908.966E-03          3.17779    
                3.63334E-03      917.5E-03            3.18439    
                3.66667E-03      926.033E-03          3.19121    
                3.7E-03          934.567E-03          3.19669    
                3.73333E-03      943.1E-03            3.20431    
                3.76667E-03      951.634E-03          3.2094     
                3.8E-03          960.167E-03          3.2165     
                3.83333E-03      968.7E-03            3.22243    
                3.86667E-03      977.234E-03          3.22813    
                3.9E-03          985.767E-03          3.23493    
                3.93334E-03      993.607E-03          3.2399     
                3.96667E-03        1.00129            3.24486    
                4.E-03             1.00897            3.25046    
                4.03333E-03        1.01665            3.2562     
                4.06667E-03        1.02433            3.26149    
                4.1E-03            1.03201            3.26643    
                4.13333E-03        1.03969            3.27179    
                4.16667E-03        1.04737            3.2765     
                4.2E-03            1.05505            3.28093    
                4.23334E-03        1.06273            3.28681    
                4.26667E-03        1.07041            3.29197    
                4.3E-03            1.07809            3.29675    
                4.33333E-03        1.08577            3.30107    
                4.36667E-03        1.09345            3.30574    
                4.4E-03            1.10113            3.31057    
                4.43333E-03        1.10881            3.31562    
                4.46667E-03        1.11649            3.321      
                4.5E-03            1.12417            3.3255     
                4.53334E-03        1.13185            3.32978    
                4.56667E-03        1.13953            3.33398    
                4.6E-03            1.14721            3.3383     
                4.63333E-03        1.15489            3.34324    
                4.66667E-03        1.16257            3.34805    
                4.7E-03            1.17025            3.35276    
                4.73333E-03        1.17793            3.35672    
                4.76667E-03        1.18694            3.36117    
                4.8E-03            1.19654            3.36702    
                4.83333E-03        1.20614            3.37258    
                4.86667E-03        1.21574            3.37801    
                4.9E-03            1.22534            3.38324    
                4.93333E-03        1.23494            3.38901    
                4.96667E-03        1.24454            3.39395    
                5.E-03             1.25414            3.39881    
                5.03333E-03        1.26374            3.40411    
                5.06667E-03        1.27334            3.40902    
                5.1E-03            1.28294            3.41374    
                5.13333E-03        1.29254            3.41871    
                5.16667E-03        1.30214            3.42361    
                5.2E-03            1.31174            3.42832    
                5.23333E-03        1.32134            3.43287    
                5.26667E-03        1.33094            3.43796    
                5.3E-03            1.34054            3.44329    
                5.33333E-03        1.35014            3.44733    
                5.36667E-03        1.35974            3.45197    
                5.4E-03            1.36934            3.45634    
                5.43333E-03        1.37894            3.46064    
                5.46667E-03        1.38854            3.46528    
                5.5E-03            1.39814            3.46992    
                5.53333E-03        1.40774            3.47442    
                5.56667E-03        1.41734            3.4787     
                5.6E-03            1.42694            3.48289    
                5.63333E-03        1.43638            3.48703    
                5.66667E-03        1.44491            3.49105    
                5.7E-03            1.45344            3.49554    
                5.73333E-03        1.46198            3.49945    
                5.76667E-03        1.47051            3.50343    
                5.8E-03            1.47904            3.50749    
                5.83333E-03        1.48758            3.51127    
                5.86667E-03        1.49611            3.51534    
                5.9E-03            1.50464            3.51891    
                5.93333E-03        1.51318            3.52262    
                5.96667E-03        1.52171            3.52661    
                6.E-03             1.53024            3.53022    
                6.03333E-03        1.53878            3.53373    
                6.06667E-03        1.54731            3.53748    
                6.1E-03            1.55584            3.54109    
                6.13333E-03        1.56438            3.54462    
                6.16667E-03        1.57291            3.54847    
                6.2E-03            1.58144            3.55196    
                6.23333E-03        1.58998            3.55515    
                6.26667E-03        1.59851            3.55879    
                6.3E-03            1.60704            3.56214    
                6.33333E-03        1.61558            3.56553    
                6.36667E-03        1.62411            3.56873    
                6.4E-03            1.63264            3.57215    
                6.43333E-03        1.64118            3.57561    
                6.46667E-03        1.64971            3.57884    
                6.5E-03            1.65824            3.58181    
                6.53333E-03        1.66678            3.5851     
                6.56667E-03        1.67531            3.58823    
                6.6E-03            1.68384            3.59129    
                6.63333E-03        1.69238            3.59459    
                6.66667E-03        1.70091            3.59736    
                6.7E-03            1.70944            3.60085    
                6.73333E-03        1.71798            3.60368    
                6.76667E-03        1.72651            3.60654    
                6.8E-03            1.73504            3.60978    
                6.83333E-03        1.74358            3.61239    
                6.86667E-03        1.75211            3.61514    
                6.9E-03            1.76064            3.61815    
                6.93333E-03        1.76918            3.62142    
                6.96667E-03        1.77771            3.62377    
                7.E-03             1.78624            3.62676    
                7.03333E-03        1.79478            3.62957    
                7.06667E-03        1.80331            3.63201    
                7.1E-03            1.81184            3.63499    
                7.13333E-03        1.82038            3.63752    
                7.16667E-03        1.82891            3.64014    
                7.2E-03            1.83744            3.64305    
                7.23333E-03        1.84533            3.64535    
                7.26667E-03        1.85279            3.64802    
                7.3E-03            1.86026            3.65067    
                7.33333E-03        1.86773            3.65323    
                7.36667E-03        1.87519            3.65596    
                7.4E-03            1.88266            3.65842    
                7.43333E-03        1.89013            3.66095    
                7.46667E-03        1.89759            3.66331    
                7.5E-03            1.90506            3.66579    
                7.53333E-03        1.91253            3.66861    
                7.56667E-03        1.91999            3.67061    
                7.6E-03            1.92746            3.67317    
                7.63333E-03        1.93493            3.67538    
                7.66667E-03        1.94239            3.67825    
                7.7E-03            1.94986            3.67981    
                7.73333E-03        1.95733            3.68334    
                7.76667E-03        1.96479            3.68549    
                7.8E-03            1.97226            3.68734    
                7.83333E-03        1.97973            3.6897     
                7.86667E-03        1.98772            3.69232    
                7.9E-03            1.99526            3.69369    
                7.93333E-03        2.00185            3.69669    
                7.96667E-03        2.00826            3.69957    
                8.E-03             2.01466            3.70156    
                8.03333E-03        2.02106            3.70234    
                8.06667E-03        2.02746            3.70403    
                8.1E-03            2.03386            3.70712    
                8.13333E-03        2.04026            3.70776    
                8.16667E-03        2.04666            3.71038    
                8.2E-03            2.05306            3.71317    
                8.23333E-03        2.05946            3.71529    
                8.26667E-03        2.06586            3.7172     
                8.3E-03            2.07226            3.718      
                8.33333E-03        2.07866            3.71796    
                8.36667E-03        2.08506            3.72424    
                8.4E-03            2.09146            3.72543    
                8.43333E-03        2.09786            3.72688    
                8.46667E-03        2.10426            3.7271     
                8.5E-03            2.11066            3.72855    
                8.53333E-03        2.11706            3.73198    
                8.56667E-03        2.12346            3.73128    
                8.6E-03            2.12986            3.73324    
                8.63333E-03        2.13626            3.73582    
                8.66667E-03        2.14266            3.73854    
                8.7E-03            2.14906            3.73938    
                8.73333E-03        2.15546            3.74008    
                8.76667E-03        2.16186            3.74173    
                8.8E-03            2.16826            3.74382    
                8.83333E-03        2.17466            3.74554    
                8.86667E-03        2.18106            3.7472     
                8.9E-03            2.18746            3.74814    
                8.93333E-03        2.19386            3.75026    
                8.96667E-03        2.20026            3.75135    
                9.E-03             2.20666            3.75284    
                9.03333E-03        2.21306            3.75348    
                9.06667E-03        2.21946            3.7539     
                9.1E-03            2.22586            3.75823    
                9.13333E-03        2.23226            3.7596     
                9.16667E-03        2.23866            3.75989    
                9.2E-03            2.24506            3.76162    
                9.23333E-03        2.25146            3.76133    
                9.26667E-03        2.25786            3.76252    
                9.3E-03            2.26426            3.7663     
                9.33333E-03        2.27066            3.76594    
                9.36667E-03        2.27706            3.76738    
                9.4E-03            2.28346            3.77547    
                9.43333E-03        2.28986            3.76609    
                9.46667E-03        2.29626            3.76838    
                9.5E-03            2.30266            3.77206    
                9.53333E-03        2.30906            3.77372    
                9.56667E-03        2.31546            3.76899    
                9.6E-03            2.32186            3.76696    
                9.63333E-03        2.32826            3.77692    
                9.66667E-03        2.33466            3.76821    
                9.7E-03            2.34106            3.76565    
                9.73333E-03        2.34746            3.77828    
                9.76667E-03        2.35386            3.76996    
                9.8E-03            2.36026            3.7216     
                9.83333E-03        2.36744            3.67232    
                9.86667E-03        2.37593            3.68441    
                9.9E-03            2.38446            3.68552    
                9.93333E-03        2.39299            3.69214    
                9.96667E-03        2.40153            3.65991    
               10.E-03             2.41006            3.68864    




